2024-08-30 23:23:52,548 - ERROR - APIError(code=-2027): Exceeded the maximum allowable position at current leverage.
2024-08-30 23:24:34,838 - ERROR - APIError(code=-2027): Exceeded the maximum allowable position at current leverage.
2024-08-30 23:25:49,646 - ERROR - APIError(code=-2027): Exceeded the maximum allowable position at current leverage.
2024-08-30 23:27:28,447 - ERROR - APIError(code=-2027): Exceeded the maximum allowable position at current leverage.
2024-08-30 23:27:57,343 - ERROR - APIError(code=-2027): Exceeded the maximum allowable position at current leverage.
2024-08-30 23:28:14,240 - ERROR - APIError(code=-2027): Exceeded the maximum allowable position at current leverage.
2024-08-30 23:29:32,581 - ERROR - APIError(code=-1106): Parameter 'timeinforce' sent when not required.
2024-08-30 23:29:59,885 - ERROR - APIError(code=-1106): Parameter 'price' sent when not required.
2024-08-30 23:30:14,195 - ERROR - APIError(code=-2027): Exceeded the maximum allowable position at current leverage.
2024-08-30 23:31:57,266 - ERROR - APIError(code=-2027): Exceeded the maximum allowable position at current leverage.
2024-08-31 12:57:43,774 - ERROR - APIError(code=-2027): Exceeded the maximum allowable position at current leverage.
2024-08-31 14:04:58,379 - ERROR - APIError(code=-2027): Exceeded the maximum allowable position at current leverage.
2024-08-31 14:05:26,117 - ERROR - APIError(code=-4016): Limit price can't be higher than 2641.96.
2024-08-31 14:05:43,935 - ERROR - APIError(code=-2019): Margin is insufficient.
2024-08-31 14:06:01,901 - ERROR - APIError(code=-2019): Margin is insufficient.
2024-08-31 14:09:43,423 - ERROR - APIError(code=-1102): Mandatory parameter 'quantity' was not sent, was empty/null, or malformed.
2024-08-31 14:13:23,302 - ERROR - APIError(code=-2019): Margin is insufficient.
2024-09-05 16:19:34,978 - ERROR - Error in trading loop: APIError(code=-2015): Invalid API-key, IP, or permissions for action, request ip: 46.71.204.15
2024-09-05 16:23:20,332 - ERROR - Error in trading loop: APIError(code=-2015): Invalid API-key, IP, or permissions for action, request ip: 46.71.204.15
2024-09-05 17:05:50,918 - ERROR - Error in trading loop: APIError(code=-2015): Invalid API-key, IP, or permissions for action, request ip: 46.71.204.15
2024-09-10 08:53:32,509 - ERROR - Error in trading loop: ('Connection aborted.', RemoteDisconnected('Remote end closed connection without response'))
