2024-08-30 23:23:50,602 - WARNING - Starting trade. Symbol: BTCUSDT, Entry Price: 30000, Position Size: 200
2024-08-30 23:24:33,157 - WARNING - Starting trade. Symbol: BTCUSDT, Entry Price: 30000, Position Size: 200
2024-08-30 23:25:47,814 - WARNING - Starting trade. Symbol: BTCUSDT, Entry Price: 30000, Position Size: 200
2024-08-30 23:27:25,966 - WARNING - Starting trade. Symbol: BTCUSDT, Entry Price: 30000, Position Size: 200
2024-08-30 23:27:55,543 - WARNING - Starting trade. Symbol: BTCUSDT, Entry Price: 30000, Position Size: 20
2024-08-30 23:28:11,739 - WARNING - Starting trade. Symbol: BTCUSDT, Entry Price: 30000, Position Size: 2
2024-08-30 23:29:30,979 - WARNING - Starting trade. Symbol: BTCUSDT, Entry Price: 30000, Position Size: 2
2024-08-30 23:29:58,241 - WARNING - Starting trade. Symbol: BTCUSDT, Entry Price: 30000, Position Size: 2
2024-08-30 23:30:12,606 - WARNING - Starting trade. Symbol: BTCUSDT, Entry Price: 30000, Position Size: 2
2024-08-30 23:31:56,424 - WARNING - Starting trade. Symbol: BTCUSDT, Entry Price: 30000, Position Size: 2
2024-08-31 12:57:42,149 - WARNING - Starting trade. Symbol: BTCUSDT, Entry Price: 30000, Position Size: 2
2024-08-31 14:04:56,661 - WARNING - Starting trade. Symbol: BTCUSDT, Entry Price: 30000, Position Size: 2
2024-08-31 14:05:24,391 - WARNING - Starting trade. Symbol: ETHUSDT, Entry Price: 30000, Position Size: 2
2024-08-31 14:05:42,314 - WARNING - Starting trade. Symbol: ETHUSDT, Entry Price: 2000, Position Size: 2
2024-08-31 14:06:00,209 - WARNING - Starting trade. Symbol: ETHUSDT, Entry Price: 2000, Position Size: 200
2024-08-31 14:09:40,153 - WARNING - Starting trade. Symbol: ETHUSDT, Entry Price: 2000, Position Size: 200
2024-08-31 14:10:03,979 - WARNING - Starting trade. Symbol: ETHUSDT, Entry Price: 2000, Position Size: 200
2024-08-31 14:11:04,512 - WARNING - Trade wasn't finished...too much time passed
2024-08-31 14:13:21,714 - WARNING - Starting trade. Symbol: ETHUSDT, Entry Price: 2000, Position Size: 20
2024-08-31 14:13:40,316 - WARNING - Starting trade. Symbol: ETHUSDT, Entry Price: 2000, Position Size: 0.01
2024-08-31 14:14:40,710 - WARNING - Trade wasn't finished...too much time passed
2024-09-02 19:33:18,544 - WARNING - Starting trade. Symbol: BTCUSDT, Entry Price: 58527, Position Size: 0.005
2024-09-02 21:01:00,784 - WARNING - Starting trade. Symbol: BTCUSDT, Entry Price: 58335, Position Size: 0.002
2024-09-02 21:02:01,113 - WARNING - Trade wasn't finished...too much time passed
2024-09-02 21:02:29,819 - WARNING - Starting trade. Symbol: BTCUSDT, Entry Price: 58364, Position Size: 0.002
2024-09-02 21:06:18,816 - WARNING - Starting trade. Symbol: BTCUSDT, Entry Price: 58364, Position Size: 0.002
