2024-08-06 19:33:31,089 - ERROR - Error in calculate_indicators for MATIC/USDT: binance GET https://api.binance.com/api/v3/klines?interval=15m&limit=1000&symbol=MATICUSDT
2024-08-06 19:33:31,090 - ERROR - No data available during downtrend wait for MATIC/USDT
2024-08-06 19:35:18,050 - ERROR - Error in calculate_indicators for BNB/USDT: binance GET https://fapi.binance.com/fapi/v1/exchangeInfo
2024-08-06 19:35:18,050 - ERROR - No data available during downtrend wait for BNB/USDT
2024-08-06 19:35:18,058 - ERROR - Error in calculate_indicators for ETH/USDT: binance GET https://dapi.binance.com/dapi/v1/exchangeInfo
2024-08-06 19:35:18,058 - ERROR - No data available during downtrend wait for ETH/USDT
2024-08-06 19:35:18,068 - ERROR - Error in calculate_indicators for BTC/USDT: binance GET https://fapi.binance.com/fapi/v1/exchangeInfo
2024-08-06 19:35:18,068 - ERROR - No data available during downtrend wait for BTC/USDT
2024-08-06 19:35:18,073 - ERROR - Error in calculate_indicators for ADA/USDT: binance GET https://fapi.binance.com/fapi/v1/exchangeInfo
2024-08-06 19:35:18,073 - ERROR - No data available during downtrend wait for ADA/USDT
2024-08-06 19:35:26,762 - ERROR - Error in calculate_indicators for MATIC/USDT: binance GET https://fapi.binance.com/fapi/v1/exchangeInfo
2024-08-06 19:35:26,763 - ERROR - No data available during downtrend wait for MATIC/USDT
2024-08-06 19:42:58,074 - ERROR - Error in calculate_indicators for ETH/USDT: binance GET https://api.binance.com/api/v3/exchangeInfo
2024-08-06 19:42:58,074 - ERROR - No data available during downtrend wait for ETH/USDT
2024-08-06 19:48:02,756 - ERROR - Error in calculate_indicators for BNB/USDT: binance GET https://api.binance.com/api/v3/klines?interval=15m&limit=1000&symbol=BNBUSDT
2024-08-06 19:48:02,757 - ERROR - No data available during downtrend wait for BNB/USDT
2024-08-06 19:48:02,771 - ERROR - Error in calculate_indicators for ADA/USDT: binance GET https://api.binance.com/api/v3/klines?interval=15m&limit=1000&symbol=ADAUSDT
2024-08-06 19:48:02,772 - ERROR - No data available during downtrend wait for ADA/USDT
2024-08-06 19:48:03,047 - ERROR - Error in calculate_indicators for ETH/USDT: binance GET https://dapi.binance.com/dapi/v1/exchangeInfo
2024-08-06 19:48:03,049 - ERROR - No data available during downtrend wait for ETH/USDT
2024-08-06 19:48:05,243 - ERROR - Error in calculate_indicators for MATIC/USDT: binance GET https://api.binance.com/api/v3/klines?interval=15m&limit=1000&symbol=MATICUSDT
2024-08-06 19:48:05,243 - ERROR - No data available during downtrend wait for MATIC/USDT
2024-08-06 19:48:05,829 - ERROR - Error in calculate_indicators for BTC/USDT: binance GET https://api.binance.com/api/v3/klines?interval=15m&limit=1000&symbol=BTCUSDT
2024-08-06 19:48:05,829 - ERROR - No data available during downtrend wait for BTC/USDT
2024-08-06 20:06:46,121 - ERROR - Error in calculate_indicators for BNB/USDT: binance GET https://fapi.binance.com/fapi/v1/exchangeInfo
2024-08-06 20:06:46,122 - ERROR - No data available during downtrend wait for BNB/USDT
2024-08-06 20:06:46,156 - ERROR - Error in calculate_indicators for BTC/USDT: binance GET https://fapi.binance.com/fapi/v1/exchangeInfo
2024-08-06 20:06:46,157 - ERROR - No data available during downtrend wait for BTC/USDT
2024-08-06 20:06:53,520 - ERROR - Error in calculate_indicators for ETH/USDT: binance GET https://fapi.binance.com/fapi/v1/exchangeInfo
2024-08-06 20:06:53,521 - ERROR - No data available during downtrend wait for ETH/USDT
2024-08-06 20:06:55,748 - ERROR - Error in calculate_indicators for MATIC/USDT: binance GET https://api.binance.com/api/v3/exchangeInfo
2024-08-06 20:06:55,748 - ERROR - No data available during downtrend wait for MATIC/USDT
2024-08-06 20:07:56,376 - ERROR - Error in calculate_indicators for MATIC/USDT: binance GET https://dapi.binance.com/dapi/v1/exchangeInfo
2024-08-06 20:07:56,376 - ERROR - No data available during downtrend wait for MATIC/USDT
2024-08-06 20:25:08,178 - ERROR - Error in calculate_indicators for ETH/USDT: binance GET https://api.binance.com/api/v3/klines?interval=15m&limit=1000&symbol=ETHUSDT
2024-08-06 20:25:08,179 - ERROR - No data available during downtrend wait for ETH/USDT
2024-08-06 20:25:08,425 - ERROR - Error in calculate_indicators for MATIC/USDT: binance GET https://fapi.binance.com/fapi/v1/exchangeInfo
2024-08-06 20:25:08,426 - ERROR - No data available during downtrend wait for MATIC/USDT
2024-08-06 20:25:08,443 - ERROR - Error in calculate_indicators for BTC/USDT: binance GET https://fapi.binance.com/fapi/v1/exchangeInfo
2024-08-06 20:25:08,444 - ERROR - No data available during downtrend wait for BTC/USDT
2024-08-06 20:25:08,500 - ERROR - Error in calculate_indicators for BNB/USDT: binance GET https://dapi.binance.com/dapi/v1/exchangeInfo
2024-08-06 20:25:08,500 - ERROR - No data available during downtrend wait for BNB/USDT
2024-08-06 20:25:08,505 - ERROR - Error in calculate_indicators for ADA/USDT: binance GET https://fapi.binance.com/fapi/v1/exchangeInfo
2024-08-06 20:25:08,505 - ERROR - No data available during downtrend wait for ADA/USDT
2024-08-06 20:41:18,124 - ERROR - Error in calculate_indicators for MATIC/USDT: binance GET https://api.binance.com/api/v3/exchangeInfo
2024-08-06 20:41:18,124 - ERROR - No data available during downtrend wait for MATIC/USDT
2024-08-06 20:41:18,422 - ERROR - Error in calculate_indicators for ETH/USDT: binance GET https://dapi.binance.com/dapi/v1/exchangeInfo
2024-08-06 20:41:18,423 - ERROR - No data available during downtrend wait for ETH/USDT
2024-08-06 20:41:32,900 - ERROR - Error in calculate_indicators for BNB/USDT: binance GET https://fapi.binance.com/fapi/v1/exchangeInfo
2024-08-06 20:41:32,900 - ERROR - No data available during downtrend wait for BNB/USDT
2024-08-06 20:41:34,185 - ERROR - Error in calculate_indicators for ADA/USDT: binance GET https://fapi.binance.com/fapi/v1/exchangeInfo
2024-08-06 20:41:34,185 - ERROR - No data available during downtrend wait for ADA/USDT
2024-08-06 20:41:34,189 - ERROR - Error in calculate_indicators for BTC/USDT: binance GET https://fapi.binance.com/fapi/v1/exchangeInfo
2024-08-06 20:41:34,189 - ERROR - No data available during downtrend wait for BTC/USDT
2024-08-06 20:42:33,590 - ERROR - Error in calculate_indicators for MATIC/USDT: binance GET https://dapi.binance.com/dapi/v1/exchangeInfo
2024-08-06 20:42:33,590 - ERROR - No data available during downtrend wait for MATIC/USDT
2024-08-06 20:42:33,602 - ERROR - Error in calculate_indicators for BTC/USDT: binance GET https://api.binance.com/api/v3/exchangeInfo
2024-08-06 20:42:33,602 - ERROR - No data available during downtrend wait for BTC/USDT
2024-08-06 20:42:34,798 - ERROR - Error in calculate_indicators for BNB/USDT: binance GET https://fapi.binance.com/fapi/v1/exchangeInfo
2024-08-06 20:42:34,798 - ERROR - No data available during downtrend wait for BNB/USDT
2024-08-06 20:42:34,802 - ERROR - Error in calculate_indicators for ETH/USDT: binance GET https://dapi.binance.com/dapi/v1/exchangeInfo
2024-08-06 20:42:34,802 - ERROR - No data available during downtrend wait for ETH/USDT
2024-08-06 20:48:50,915 - ERROR - Error in calculate_indicators for ADA/USDT: binance GET https://api.binance.com/api/v3/exchangeInfo
2024-08-06 20:48:50,915 - ERROR - No data available during downtrend wait for ADA/USDT
2024-08-06 20:48:50,921 - ERROR - Error in calculate_indicators for ETH/USDT: binance GET https://fapi.binance.com/fapi/v1/exchangeInfo
2024-08-06 20:48:50,921 - ERROR - No data available during downtrend wait for ETH/USDT
2024-08-06 21:05:49,231 - ERROR - Error in calculate_indicators for ETH/USDT: binance GET https://fapi.binance.com/fapi/v1/exchangeInfo
2024-08-06 21:05:49,231 - ERROR - No data available during downtrend wait for ETH/USDT
2024-08-06 21:08:12,138 - ERROR - Error in calculate_indicators for BNB/USDT: binance GET https://fapi.binance.com/fapi/v1/exchangeInfo
2024-08-06 21:08:12,139 - ERROR - No data available during downtrend wait for BNB/USDT
2024-08-06 21:09:04,142 - ERROR - Error in calculate_indicators for MATIC/USDT: binance GET https://fapi.binance.com/fapi/v1/exchangeInfo
2024-08-06 21:09:04,143 - ERROR - No data available during downtrend wait for MATIC/USDT
2024-08-06 21:10:45,006 - ERROR - Error in calculate_indicators for MATIC/USDT: binance GET https://dapi.binance.com/dapi/v1/exchangeInfo
2024-08-06 21:10:45,008 - ERROR - No data available during downtrend wait for MATIC/USDT
2024-08-06 21:11:33,146 - ERROR - Error in calculate_indicators for BNB/USDT: binance GET https://fapi.binance.com/fapi/v1/exchangeInfo
2024-08-06 21:11:33,146 - ERROR - No data available during downtrend wait for BNB/USDT
2024-08-06 21:23:18,329 - ERROR - Error in calculate_indicators for BTC/USDT: binance GET https://api.binance.com/api/v3/klines?interval=15m&limit=1000&symbol=BTCUSDT
2024-08-06 21:23:18,330 - ERROR - No data available during downtrend wait for BTC/USDT
2024-08-06 21:23:18,338 - ERROR - Error in calculate_indicators for MATIC/USDT: binance GET https://api.binance.com/api/v3/klines?interval=15m&limit=1000&symbol=MATICUSDT
2024-08-06 21:23:18,338 - ERROR - No data available during downtrend wait for MATIC/USDT
2024-08-06 21:23:18,596 - ERROR - Error in calculate_indicators for BNB/USDT: binance GET https://fapi.binance.com/fapi/v1/exchangeInfo
2024-08-06 21:23:18,597 - ERROR - No data available during downtrend wait for BNB/USDT
2024-08-06 21:23:18,744 - ERROR - Error in calculate_indicators for ADA/USDT: binance GET https://dapi.binance.com/dapi/v1/exchangeInfo
2024-08-06 21:23:18,746 - ERROR - No data available during downtrend wait for ADA/USDT
2024-08-06 21:23:25,708 - ERROR - Error in calculate_indicators for ETH/USDT: binance GET https://fapi.binance.com/fapi/v1/exchangeInfo
2024-08-06 21:23:25,709 - ERROR - No data available during downtrend wait for ETH/USDT
2024-08-06 21:23:35,537 - ERROR - Error in calculate_indicators for BTC/USDT: binance GET https://dapi.binance.com/dapi/v1/exchangeInfo
2024-08-06 21:23:35,538 - ERROR - No data available during downtrend wait for BTC/USDT
2024-08-06 21:24:46,556 - ERROR - Error in calculate_indicators for ETH/USDT: binance GET https://fapi.binance.com/fapi/v1/exchangeInfo
2024-08-06 21:24:46,558 - ERROR - No data available during downtrend wait for ETH/USDT
2024-08-06 21:25:14,567 - ERROR - Error in calculate_indicators for BNB/USDT: binance GET https://dapi.binance.com/dapi/v1/exchangeInfo
2024-08-06 21:25:14,567 - ERROR - No data available during downtrend wait for BNB/USDT
2024-08-06 21:25:59,530 - ERROR - Error in calculate_indicators for ETH/USDT: binance GET https://fapi.binance.com/fapi/v1/exchangeInfo
2024-08-06 21:25:59,533 - ERROR - No data available during downtrend wait for ETH/USDT
2024-08-06 21:27:45,683 - ERROR - Error in calculate_indicators for ADA/USDT: binance GET https://fapi.binance.com/fapi/v1/exchangeInfo
2024-08-06 21:27:45,685 - ERROR - No data available during downtrend wait for ADA/USDT
2024-08-06 21:28:20,774 - ERROR - Error in calculate_indicators for ETH/USDT: binance GET https://fapi.binance.com/fapi/v1/exchangeInfo
2024-08-06 21:28:20,775 - ERROR - No data available during downtrend wait for ETH/USDT
2024-08-06 21:29:51,572 - ERROR - Error in calculate_indicators for BNB/USDT: binance GET https://dapi.binance.com/dapi/v1/exchangeInfo
2024-08-06 21:29:51,574 - ERROR - No data available during downtrend wait for BNB/USDT
2024-08-06 21:30:25,515 - ERROR - Error in calculate_indicators for BNB/USDT: binance GET https://fapi.binance.com/fapi/v1/exchangeInfo
2024-08-06 21:30:25,517 - ERROR - No data available during downtrend wait for BNB/USDT
2024-08-06 21:31:23,525 - ERROR - Error in calculate_indicators for BNB/USDT: binance GET https://fapi.binance.com/fapi/v1/exchangeInfo
2024-08-06 21:31:23,527 - ERROR - No data available during downtrend wait for BNB/USDT
2024-08-06 21:34:11,787 - ERROR - Error in calculate_indicators for MATIC/USDT: binance GET https://api.binance.com/api/v3/exchangeInfo
2024-08-06 21:34:11,788 - ERROR - No data available during downtrend wait for MATIC/USDT
2024-08-06 21:34:20,767 - ERROR - Error in calculate_indicators for BNB/USDT: binance GET https://fapi.binance.com/fapi/v1/exchangeInfo
2024-08-06 21:34:20,768 - ERROR - No data available during downtrend wait for BNB/USDT
2024-08-06 21:34:20,796 - ERROR - Error in calculate_indicators for ETH/USDT: binance GET https://api.binance.com/api/v3/exchangeInfo
2024-08-06 21:34:20,796 - ERROR - No data available during downtrend wait for ETH/USDT
2024-08-06 21:34:25,775 - ERROR - Error in calculate_indicators for ADA/USDT: binance GET https://dapi.binance.com/dapi/v1/exchangeInfo
2024-08-06 21:34:25,776 - ERROR - No data available during downtrend wait for ADA/USDT
2024-08-06 21:34:53,764 - ERROR - Error in calculate_indicators for BNB/USDT: binance GET https://dapi.binance.com/dapi/v1/exchangeInfo
2024-08-06 21:34:53,765 - ERROR - No data available during downtrend wait for BNB/USDT
2024-08-06 21:35:52,845 - ERROR - Error in calculate_indicators for BTC/USDT: binance GET https://dapi.binance.com/dapi/v1/exchangeInfo
2024-08-06 21:35:52,846 - ERROR - No data available during downtrend wait for BTC/USDT
2024-08-06 21:36:22,787 - ERROR - Error in calculate_indicators for BNB/USDT: binance GET https://fapi.binance.com/fapi/v1/exchangeInfo
2024-08-06 21:36:22,788 - ERROR - No data available during downtrend wait for BNB/USDT
2024-08-06 21:37:35,850 - ERROR - Error in calculate_indicators for BNB/USDT: binance GET https://fapi.binance.com/fapi/v1/exchangeInfo
2024-08-06 21:37:35,851 - ERROR - No data available during downtrend wait for BNB/USDT
2024-08-06 21:37:46,855 - ERROR - Error in calculate_indicators for MATIC/USDT: binance GET https://fapi.binance.com/fapi/v1/exchangeInfo
2024-08-06 21:37:46,855 - ERROR - No data available during downtrend wait for MATIC/USDT
2024-08-06 21:38:32,999 - ERROR - Error in calculate_indicators for BNB/USDT: binance GET https://fapi.binance.com/fapi/v1/exchangeInfo
2024-08-06 21:38:33,000 - ERROR - No data available during downtrend wait for BNB/USDT
2024-08-06 21:38:54,792 - ERROR - Error in calculate_indicators for BTC/USDT: binance GET https://fapi.binance.com/fapi/v1/exchangeInfo
2024-08-06 21:38:54,792 - ERROR - No data available during downtrend wait for BTC/USDT
2024-08-06 21:39:23,784 - ERROR - Error in calculate_indicators for BNB/USDT: binance GET https://fapi.binance.com/fapi/v1/exchangeInfo
2024-08-06 21:39:23,786 - ERROR - No data available during downtrend wait for BNB/USDT
2024-08-06 21:39:37,718 - ERROR - Error in calculate_indicators for BTC/USDT: binance GET https://fapi.binance.com/fapi/v1/exchangeInfo
2024-08-06 21:39:37,720 - ERROR - No data available during downtrend wait for BTC/USDT
2024-08-06 21:39:45,724 - ERROR - Error in calculate_indicators for MATIC/USDT: binance GET https://fapi.binance.com/fapi/v1/exchangeInfo
2024-08-06 21:39:45,724 - ERROR - No data available during downtrend wait for MATIC/USDT
2024-08-06 21:39:58,703 - ERROR - Error in calculate_indicators for MATIC/USDT: binance GET https://fapi.binance.com/fapi/v1/exchangeInfo
2024-08-06 21:39:58,704 - ERROR - No data available during downtrend wait for MATIC/USDT
2024-08-06 21:40:01,954 - ERROR - Error in calculate_indicators for MATIC/USDT: binance GET https://api.binance.com/api/v3/exchangeInfo
2024-08-06 21:40:01,954 - ERROR - No data available during downtrend wait for MATIC/USDT
2024-08-06 21:40:12,059 - ERROR - Error in calculate_indicators for BTC/USDT: binance GET https://fapi.binance.com/fapi/v1/exchangeInfo
2024-08-06 21:40:12,060 - ERROR - No data available during downtrend wait for BTC/USDT
2024-08-06 21:40:22,701 - ERROR - Error in calculate_indicators for ADA/USDT: binance GET https://fapi.binance.com/fapi/v1/exchangeInfo
2024-08-06 21:40:22,701 - ERROR - No data available during downtrend wait for ADA/USDT
2024-08-06 21:40:34,723 - ERROR - Error in calculate_indicators for BTC/USDT: binance GET https://dapi.binance.com/dapi/v1/exchangeInfo
2024-08-06 21:40:34,724 - ERROR - No data available during downtrend wait for BTC/USDT
2024-08-06 21:40:38,704 - ERROR - Error in calculate_indicators for ETH/USDT: binance GET https://fapi.binance.com/fapi/v1/exchangeInfo
2024-08-06 21:40:38,704 - ERROR - No data available during downtrend wait for ETH/USDT
2024-08-06 21:41:09,124 - ERROR - Error in calculate_indicators for BTC/USDT: binance GET https://fapi.binance.com/fapi/v1/exchangeInfo
2024-08-06 21:41:09,126 - ERROR - No data available during downtrend wait for BTC/USDT
2024-08-06 21:41:29,705 - ERROR - Error in calculate_indicators for BNB/USDT: binance GET https://fapi.binance.com/fapi/v1/exchangeInfo
2024-08-06 21:41:29,705 - ERROR - No data available during downtrend wait for BNB/USDT
2024-08-06 21:41:39,720 - ERROR - Error in calculate_indicators for MATIC/USDT: binance GET https://dapi.binance.com/dapi/v1/exchangeInfo
2024-08-06 21:41:39,721 - ERROR - No data available during downtrend wait for MATIC/USDT
2024-08-06 21:41:53,724 - ERROR - Error in calculate_indicators for BNB/USDT: binance GET https://fapi.binance.com/fapi/v1/exchangeInfo
2024-08-06 21:41:53,726 - ERROR - No data available during downtrend wait for BNB/USDT
2024-08-06 21:42:04,720 - ERROR - Error in calculate_indicators for BNB/USDT: binance GET https://fapi.binance.com/fapi/v1/exchangeInfo
2024-08-06 21:42:04,722 - ERROR - No data available during downtrend wait for BNB/USDT
2024-08-06 21:42:13,969 - ERROR - Error in calculate_indicators for BTC/USDT: binance GET https://dapi.binance.com/dapi/v1/exchangeInfo
2024-08-06 21:42:13,970 - ERROR - No data available during downtrend wait for BTC/USDT
2024-08-06 21:42:22,722 - ERROR - Error in calculate_indicators for ETH/USDT: binance GET https://dapi.binance.com/dapi/v1/exchangeInfo
2024-08-06 21:42:22,723 - ERROR - No data available during downtrend wait for ETH/USDT
2024-08-06 21:44:00,719 - ERROR - Error in calculate_indicators for ETH/USDT: binance GET https://dapi.binance.com/dapi/v1/exchangeInfo
2024-08-06 21:44:00,722 - ERROR - No data available during downtrend wait for ETH/USDT
2024-08-06 21:44:59,701 - ERROR - Error in calculate_indicators for ETH/USDT: binance GET https://dapi.binance.com/dapi/v1/exchangeInfo
2024-08-06 21:44:59,702 - ERROR - No data available during downtrend wait for ETH/USDT
2024-08-06 21:45:09,717 - ERROR - Error in calculate_indicators for BTC/USDT: binance GET https://dapi.binance.com/dapi/v1/exchangeInfo
2024-08-06 21:45:09,718 - ERROR - No data available during downtrend wait for BTC/USDT
2024-08-06 21:45:13,718 - ERROR - Error in calculate_indicators for MATIC/USDT: binance GET https://dapi.binance.com/dapi/v1/exchangeInfo
2024-08-06 21:45:13,719 - ERROR - No data available during downtrend wait for MATIC/USDT
2024-08-06 21:45:41,714 - ERROR - Error in calculate_indicators for ETH/USDT: binance GET https://fapi.binance.com/fapi/v1/exchangeInfo
2024-08-06 21:45:41,717 - ERROR - No data available during downtrend wait for ETH/USDT
2024-08-06 21:46:10,851 - ERROR - Error in calculate_indicators for BNB/USDT: binance GET https://dapi.binance.com/dapi/v1/exchangeInfo
2024-08-06 21:46:10,853 - ERROR - No data available during downtrend wait for BNB/USDT
2024-08-06 21:46:11,714 - ERROR - Error in calculate_indicators for MATIC/USDT: binance GET https://fapi.binance.com/fapi/v1/exchangeInfo
2024-08-06 21:46:11,716 - ERROR - No data available during downtrend wait for MATIC/USDT
2024-08-06 21:46:40,717 - ERROR - Error in calculate_indicators for ADA/USDT: binance GET https://fapi.binance.com/fapi/v1/exchangeInfo
2024-08-06 21:46:40,719 - ERROR - No data available during downtrend wait for ADA/USDT
2024-08-06 21:47:14,715 - ERROR - Error in calculate_indicators for ADA/USDT: binance GET https://fapi.binance.com/fapi/v1/exchangeInfo
2024-08-06 21:47:14,716 - ERROR - No data available during downtrend wait for ADA/USDT
2024-08-06 21:47:18,726 - ERROR - Error in calculate_indicators for BNB/USDT: binance GET https://fapi.binance.com/fapi/v1/exchangeInfo
2024-08-06 21:47:18,727 - ERROR - No data available during downtrend wait for BNB/USDT
2024-08-06 21:47:35,789 - ERROR - Error in calculate_indicators for ADA/USDT: binance GET https://fapi.binance.com/fapi/v1/exchangeInfo
2024-08-06 21:47:35,791 - ERROR - No data available during downtrend wait for ADA/USDT
2024-08-06 21:47:38,718 - ERROR - Error in calculate_indicators for ETH/USDT: binance GET https://fapi.binance.com/fapi/v1/exchangeInfo
2024-08-06 21:47:38,720 - ERROR - No data available during downtrend wait for ETH/USDT
2024-08-06 21:48:03,853 - ERROR - Error in calculate_indicators for ADA/USDT: binance GET https://fapi.binance.com/fapi/v1/exchangeInfo
2024-08-06 21:48:03,855 - ERROR - No data available during downtrend wait for ADA/USDT
2024-08-06 21:48:07,709 - ERROR - Error in calculate_indicators for BNB/USDT: binance GET https://dapi.binance.com/dapi/v1/exchangeInfo
2024-08-06 21:48:07,710 - ERROR - No data available during downtrend wait for BNB/USDT
2024-08-06 21:48:23,744 - ERROR - Error in calculate_indicators for MATIC/USDT: binance GET https://fapi.binance.com/fapi/v1/exchangeInfo
2024-08-06 21:48:23,744 - ERROR - No data available during downtrend wait for MATIC/USDT
2024-08-06 21:50:20,790 - ERROR - Error in calculate_indicators for ETH/USDT: binance GET https://fapi.binance.com/fapi/v1/exchangeInfo
2024-08-06 21:50:20,791 - ERROR - No data available during downtrend wait for ETH/USDT
2024-08-06 21:50:37,695 - ERROR - Error in calculate_indicators for MATIC/USDT: binance GET https://dapi.binance.com/dapi/v1/exchangeInfo
2024-08-06 21:50:37,695 - ERROR - No data available during downtrend wait for MATIC/USDT
2024-08-06 21:51:04,712 - ERROR - Error in calculate_indicators for BTC/USDT: binance GET https://fapi.binance.com/fapi/v1/exchangeInfo
2024-08-06 21:51:04,713 - ERROR - No data available during downtrend wait for BTC/USDT
2024-08-06 21:51:05,708 - ERROR - Error in calculate_indicators for ADA/USDT: binance GET https://fapi.binance.com/fapi/v1/exchangeInfo
2024-08-06 21:51:05,709 - ERROR - No data available during downtrend wait for ADA/USDT
2024-08-06 21:51:24,713 - ERROR - Error in calculate_indicators for ADA/USDT: binance GET https://fapi.binance.com/fapi/v1/exchangeInfo
2024-08-06 21:51:24,715 - ERROR - No data available during downtrend wait for ADA/USDT
2024-08-06 21:51:48,707 - ERROR - Error in calculate_indicators for ADA/USDT: binance GET https://fapi.binance.com/fapi/v1/exchangeInfo
2024-08-06 21:51:48,709 - ERROR - No data available during downtrend wait for ADA/USDT
2024-08-06 21:51:52,701 - ERROR - Error in calculate_indicators for BTC/USDT: binance GET https://fapi.binance.com/fapi/v1/exchangeInfo
2024-08-06 21:51:52,702 - ERROR - No data available during downtrend wait for BTC/USDT
2024-08-06 21:52:04,736 - ERROR - Error in calculate_indicators for ADA/USDT: binance GET https://fapi.binance.com/fapi/v1/exchangeInfo
2024-08-06 21:52:04,736 - ERROR - No data available during downtrend wait for ADA/USDT
2024-08-06 21:52:40,694 - ERROR - Error in calculate_indicators for ETH/USDT: binance GET https://fapi.binance.com/fapi/v1/exchangeInfo
2024-08-06 21:52:40,694 - ERROR - No data available during downtrend wait for ETH/USDT
2024-08-06 21:53:01,709 - ERROR - Error in calculate_indicators for ETH/USDT: binance GET https://fapi.binance.com/fapi/v1/exchangeInfo
2024-08-06 21:53:01,710 - ERROR - No data available during downtrend wait for ETH/USDT
2024-08-06 21:54:10,713 - ERROR - Error in calculate_indicators for MATIC/USDT: binance GET https://fapi.binance.com/fapi/v1/exchangeInfo
2024-08-06 21:54:10,716 - ERROR - No data available during downtrend wait for MATIC/USDT
2024-08-06 21:54:13,706 - ERROR - Error in calculate_indicators for BNB/USDT: binance GET https://fapi.binance.com/fapi/v1/exchangeInfo
2024-08-06 21:54:13,707 - ERROR - No data available during downtrend wait for BNB/USDT
2024-08-06 21:54:15,828 - ERROR - Error in calculate_indicators for BTC/USDT: binance GET https://fapi.binance.com/fapi/v1/exchangeInfo
2024-08-06 21:54:15,828 - ERROR - No data available during downtrend wait for BTC/USDT
2024-08-06 21:54:31,843 - ERROR - Error in calculate_indicators for MATIC/USDT: binance GET https://fapi.binance.com/fapi/v1/exchangeInfo
2024-08-06 21:54:31,844 - ERROR - No data available during downtrend wait for MATIC/USDT
2024-08-06 21:55:00,697 - ERROR - Error in calculate_indicators for MATIC/USDT: binance GET https://fapi.binance.com/fapi/v1/exchangeInfo
2024-08-06 21:55:00,698 - ERROR - No data available during downtrend wait for MATIC/USDT
2024-08-06 21:57:10,951 - ERROR - Error in calculate_indicators for BNB/USDT: binance GET https://fapi.binance.com/fapi/v1/exchangeInfo
2024-08-06 21:57:10,952 - ERROR - No data available during downtrend wait for BNB/USDT
2024-08-06 21:57:44,845 - ERROR - Error in calculate_indicators for ADA/USDT: binance GET https://dapi.binance.com/dapi/v1/exchangeInfo
2024-08-06 21:57:44,846 - ERROR - No data available during downtrend wait for ADA/USDT
2024-08-06 21:57:48,678 - ERROR - Error in calculate_indicators for BTC/USDT: binance GET https://fapi.binance.com/fapi/v1/exchangeInfo
2024-08-06 21:57:48,679 - ERROR - No data available during downtrend wait for BTC/USDT
2024-08-06 22:13:23,258 - ERROR - Error in calculate_indicators for ADA/USDT: binance GET https://api.binance.com/api/v3/klines?interval=15m&limit=1000&symbol=ADAUSDT
2024-08-06 22:13:23,259 - ERROR - No data available during downtrend wait for ADA/USDT
2024-08-06 22:24:00,597 - ERROR - Error in calculate_indicators for ETH/USDT: binance GET https://dapi.binance.com/dapi/v1/exchangeInfo
2024-08-06 22:24:00,599 - ERROR - No data available during downtrend wait for ETH/USDT
2024-08-06 22:24:00,614 - ERROR - Error in calculate_indicators for MATIC/USDT: binance GET https://api.binance.com/api/v3/exchangeInfo
2024-08-06 22:24:00,615 - ERROR - No data available during downtrend wait for MATIC/USDT
2024-08-06 22:24:00,624 - ERROR - Error in calculate_indicators for BNB/USDT: binance GET https://api.binance.com/api/v3/exchangeInfo
2024-08-06 22:24:00,625 - ERROR - No data available during downtrend wait for BNB/USDT
2024-08-06 22:24:01,583 - ERROR - Error in calculate_indicators for BTC/USDT: binance GET https://api.binance.com/api/v3/exchangeInfo
2024-08-06 22:24:01,584 - ERROR - No data available during downtrend wait for BTC/USDT
2024-08-06 22:24:06,576 - ERROR - Error in calculate_indicators for ADA/USDT: binance GET https://api.binance.com/api/v3/klines?interval=15m&limit=1000&symbol=ADAUSDT
2024-08-06 22:24:06,589 - ERROR - No data available during downtrend wait for ADA/USDT
2024-08-06 22:24:41,118 - ERROR - Error in calculate_indicators for ETH/USDT: binance GET https://dapi.binance.com/dapi/v1/exchangeInfo
2024-08-06 22:24:41,119 - ERROR - No data available during downtrend wait for ETH/USDT
2024-08-06 22:25:15,786 - ERROR - Error in calculate_indicators for MATIC/USDT: binance GET https://dapi.binance.com/dapi/v1/exchangeInfo
2024-08-06 22:25:15,786 - ERROR - No data available during downtrend wait for MATIC/USDT
2024-08-06 22:26:18,592 - ERROR - Error in calculate_indicators for BTC/USDT: binance GET https://dapi.binance.com/dapi/v1/exchangeInfo
2024-08-06 22:26:18,592 - ERROR - No data available during downtrend wait for BTC/USDT
2024-08-06 22:32:36,013 - ERROR - Error in calculate_indicators for BNB/USDT: binance GET https://api.binance.com/api/v3/exchangeInfo
2024-08-06 22:32:36,014 - ERROR - No data available during downtrend wait for BNB/USDT
2024-08-06 22:32:36,194 - ERROR - Error in calculate_indicators for ETH/USDT: binance GET https://api.binance.com/api/v3/klines?interval=15m&limit=1000&symbol=ETHUSDT
2024-08-06 22:32:36,195 - ERROR - No data available during downtrend wait for ETH/USDT
2024-08-06 22:32:36,245 - ERROR - Error in calculate_indicators for ADA/USDT: binance GET https://api.binance.com/api/v3/exchangeInfo
2024-08-06 22:32:36,245 - ERROR - No data available during downtrend wait for ADA/USDT
2024-08-06 22:32:43,292 - ERROR - Error in calculate_indicators for MATIC/USDT: binance GET https://api.binance.com/api/v3/exchangeInfo
2024-08-06 22:32:43,293 - ERROR - No data available during downtrend wait for MATIC/USDT
2024-08-06 22:32:45,295 - ERROR - Error in calculate_indicators for BTC/USDT: binance GET https://api.binance.com/api/v3/klines?interval=15m&limit=1000&symbol=BTCUSDT
2024-08-06 22:32:45,320 - ERROR - No data available during downtrend wait for BTC/USDT
2024-08-06 22:32:47,301 - ERROR - Error in calculate_indicators for ADA/USDT: binance GET https://dapi.binance.com/dapi/v1/exchangeInfo
2024-08-06 22:32:47,302 - ERROR - No data available during downtrend wait for ADA/USDT
2024-08-06 22:33:12,318 - ERROR - Error in calculate_indicators for ETH/USDT: binance GET https://fapi.binance.com/fapi/v1/exchangeInfo
2024-08-06 22:33:12,319 - ERROR - No data available during downtrend wait for ETH/USDT
2024-08-06 22:33:37,325 - ERROR - Error in calculate_indicators for ADA/USDT: binance GET https://fapi.binance.com/fapi/v1/exchangeInfo
2024-08-06 22:33:37,326 - ERROR - No data available during downtrend wait for ADA/USDT
2024-08-06 22:33:47,323 - ERROR - Error in calculate_indicators for BNB/USDT: binance GET https://fapi.binance.com/fapi/v1/exchangeInfo
2024-08-06 22:33:47,323 - ERROR - No data available during downtrend wait for BNB/USDT
2024-08-06 22:33:58,358 - ERROR - Error in calculate_indicators for BNB/USDT: binance GET https://dapi.binance.com/dapi/v1/exchangeInfo
2024-08-06 22:33:58,358 - ERROR - No data available during downtrend wait for BNB/USDT
2024-08-06 22:34:00,704 - ERROR - Error in calculate_indicators for MATIC/USDT: binance GET https://fapi.binance.com/fapi/v1/exchangeInfo
2024-08-06 22:34:00,704 - ERROR - No data available during downtrend wait for MATIC/USDT
2024-08-06 22:34:19,338 - ERROR - Error in calculate_indicators for ADA/USDT: binance GET https://dapi.binance.com/dapi/v1/exchangeInfo
2024-08-06 22:34:19,339 - ERROR - No data available during downtrend wait for ADA/USDT
2024-08-06 22:35:45,319 - ERROR - Error in calculate_indicators for ETH/USDT: binance GET https://api.binance.com/api/v3/exchangeInfo
2024-08-06 22:35:45,322 - ERROR - No data available during downtrend wait for ETH/USDT
2024-08-06 22:36:04,333 - ERROR - Error in calculate_indicators for ADA/USDT: binance GET https://dapi.binance.com/dapi/v1/exchangeInfo
2024-08-06 22:36:04,334 - ERROR - No data available during downtrend wait for ADA/USDT
2024-08-06 22:38:00,140 - ERROR - Error in calculate_indicators for ETH/USDT: binance GET https://fapi.binance.com/fapi/v1/exchangeInfo
2024-08-06 22:38:00,142 - ERROR - No data available during downtrend wait for ETH/USDT
2024-08-06 22:38:09,408 - ERROR - Error in calculate_indicators for MATIC/USDT: binance GET https://dapi.binance.com/dapi/v1/exchangeInfo
2024-08-06 22:38:09,408 - ERROR - No data available during downtrend wait for MATIC/USDT
2024-08-06 22:38:09,417 - ERROR - Error in calculate_indicators for BTC/USDT: binance GET https://fapi.binance.com/fapi/v1/exchangeInfo
2024-08-06 22:38:09,417 - ERROR - No data available during downtrend wait for BTC/USDT
2024-08-06 22:38:09,425 - ERROR - Error in calculate_indicators for ADA/USDT: binance GET https://dapi.binance.com/dapi/v1/exchangeInfo
2024-08-06 22:38:09,425 - ERROR - No data available during downtrend wait for ADA/USDT
2024-08-06 22:38:49,452 - ERROR - Error in calculate_indicators for MATIC/USDT: binance GET https://fapi.binance.com/fapi/v1/exchangeInfo
2024-08-06 22:38:49,452 - ERROR - No data available during downtrend wait for MATIC/USDT
2024-08-06 22:38:51,410 - ERROR - Error in calculate_indicators for BTC/USDT: binance GET https://dapi.binance.com/dapi/v1/exchangeInfo
2024-08-06 22:38:51,410 - ERROR - No data available during downtrend wait for BTC/USDT
2024-08-06 22:39:05,426 - ERROR - Error in calculate_indicators for BTC/USDT: binance GET https://fapi.binance.com/fapi/v1/exchangeInfo
2024-08-06 22:39:05,428 - ERROR - No data available during downtrend wait for BTC/USDT
2024-08-06 22:39:07,457 - ERROR - Error in calculate_indicators for MATIC/USDT: binance GET https://fapi.binance.com/fapi/v1/exchangeInfo
2024-08-06 22:39:07,457 - ERROR - No data available during downtrend wait for MATIC/USDT
2024-08-06 22:39:21,411 - ERROR - Error in calculate_indicators for ETH/USDT: binance GET https://fapi.binance.com/fapi/v1/exchangeInfo
2024-08-06 22:39:21,412 - ERROR - No data available during downtrend wait for ETH/USDT
2024-08-06 22:39:25,430 - ERROR - Error in calculate_indicators for MATIC/USDT: binance GET https://fapi.binance.com/fapi/v1/exchangeInfo
2024-08-06 22:39:25,431 - ERROR - No data available during downtrend wait for MATIC/USDT
2024-08-06 22:39:27,436 - ERROR - Error in calculate_indicators for ADA/USDT: binance GET https://fapi.binance.com/fapi/v1/exchangeInfo
2024-08-06 22:39:27,437 - ERROR - No data available during downtrend wait for ADA/USDT
2024-08-06 22:39:27,448 - ERROR - Error in calculate_indicators for BNB/USDT: binance GET https://fapi.binance.com/fapi/v1/exchangeInfo
2024-08-06 22:39:27,448 - ERROR - No data available during downtrend wait for BNB/USDT
2024-08-06 22:39:43,426 - ERROR - Error in calculate_indicators for MATIC/USDT: binance GET https://dapi.binance.com/dapi/v1/exchangeInfo
2024-08-06 22:39:43,427 - ERROR - No data available during downtrend wait for MATIC/USDT
2024-08-06 22:39:49,424 - ERROR - Error in calculate_indicators for BNB/USDT: binance GET https://fapi.binance.com/fapi/v1/exchangeInfo
2024-08-06 22:39:49,425 - ERROR - No data available during downtrend wait for BNB/USDT
2024-08-06 22:40:12,425 - ERROR - Error in calculate_indicators for MATIC/USDT: binance GET https://dapi.binance.com/dapi/v1/exchangeInfo
2024-08-06 22:40:12,426 - ERROR - No data available during downtrend wait for MATIC/USDT
2024-08-06 22:40:13,435 - ERROR - Error in calculate_indicators for BNB/USDT: binance GET https://fapi.binance.com/fapi/v1/exchangeInfo
2024-08-06 22:40:13,436 - ERROR - No data available during downtrend wait for BNB/USDT
2024-08-06 22:42:25,683 - ERROR - Error in calculate_indicators for BTC/USDT: binance GET https://fapi.binance.com/fapi/v1/exchangeInfo
2024-08-06 22:42:25,686 - ERROR - No data available during downtrend wait for BTC/USDT
2024-08-06 22:42:31,621 - ERROR - Error in calculate_indicators for BNB/USDT: binance GET https://fapi.binance.com/fapi/v1/exchangeInfo
2024-08-06 22:42:31,621 - ERROR - No data available during downtrend wait for BNB/USDT
2024-08-06 22:42:34,581 - ERROR - Error in calculate_indicators for ETH/USDT: binance GET https://api.binance.com/api/v3/klines?interval=15m&limit=1000&symbol=ETHUSDT
2024-08-06 22:42:34,614 - ERROR - No data available during downtrend wait for ETH/USDT
2024-08-06 22:42:43,596 - ERROR - Error in calculate_indicators for MATIC/USDT: binance GET https://fapi.binance.com/fapi/v1/exchangeInfo
2024-08-06 22:42:43,597 - ERROR - No data available during downtrend wait for MATIC/USDT
2024-08-06 22:43:29,713 - ERROR - Error in calculate_indicators for BNB/USDT: binance GET https://dapi.binance.com/dapi/v1/exchangeInfo
2024-08-06 22:43:29,714 - ERROR - No data available during downtrend wait for BNB/USDT
2024-08-06 22:44:26,592 - ERROR - Error in calculate_indicators for ADA/USDT: binance GET https://fapi.binance.com/fapi/v1/exchangeInfo
2024-08-06 22:44:26,592 - ERROR - No data available during downtrend wait for ADA/USDT
2024-08-06 22:44:46,596 - ERROR - Error in calculate_indicators for MATIC/USDT: binance GET https://fapi.binance.com/fapi/v1/exchangeInfo
2024-08-06 22:44:46,598 - ERROR - No data available during downtrend wait for MATIC/USDT
2024-08-06 22:44:46,610 - ERROR - Error in calculate_indicators for BTC/USDT: binance GET https://fapi.binance.com/fapi/v1/exchangeInfo
2024-08-06 22:44:46,611 - ERROR - No data available during downtrend wait for BTC/USDT
2024-08-06 22:44:57,581 - ERROR - Error in calculate_indicators for BTC/USDT: binance GET https://fapi.binance.com/fapi/v1/exchangeInfo
2024-08-06 22:44:57,582 - ERROR - No data available during downtrend wait for BTC/USDT
2024-08-06 22:45:19,600 - ERROR - Error in calculate_indicators for MATIC/USDT: binance GET https://fapi.binance.com/fapi/v1/exchangeInfo
2024-08-06 22:45:19,602 - ERROR - No data available during downtrend wait for MATIC/USDT
2024-08-06 22:45:30,579 - ERROR - Error in calculate_indicators for BNB/USDT: binance GET https://dapi.binance.com/dapi/v1/exchangeInfo
2024-08-06 22:45:30,580 - ERROR - No data available during downtrend wait for BNB/USDT
2024-08-06 22:45:31,580 - ERROR - Error in calculate_indicators for ETH/USDT: binance GET https://dapi.binance.com/dapi/v1/exchangeInfo
2024-08-06 22:45:31,580 - ERROR - No data available during downtrend wait for ETH/USDT
2024-08-06 22:45:37,678 - ERROR - Error in calculate_indicators for BTC/USDT: binance GET https://fapi.binance.com/fapi/v1/exchangeInfo
2024-08-06 22:45:37,679 - ERROR - No data available during downtrend wait for BTC/USDT
2024-08-06 22:45:42,599 - ERROR - Error in calculate_indicators for MATIC/USDT: binance GET https://fapi.binance.com/fapi/v1/exchangeInfo
2024-08-06 22:45:42,600 - ERROR - No data available during downtrend wait for MATIC/USDT
2024-08-06 22:46:26,600 - ERROR - Error in calculate_indicators for BTC/USDT: binance GET https://dapi.binance.com/dapi/v1/exchangeInfo
2024-08-06 22:46:26,601 - ERROR - No data available during downtrend wait for BTC/USDT
2024-08-06 22:46:30,581 - ERROR - Error in calculate_indicators for BNB/USDT: binance GET https://api.binance.com/api/v3/exchangeInfo
2024-08-06 22:46:30,583 - ERROR - No data available during downtrend wait for BNB/USDT
2024-08-06 22:46:37,921 - ERROR - Error in calculate_indicators for ETH/USDT: binance GET https://api.binance.com/api/v3/exchangeInfo
2024-08-06 22:46:37,921 - ERROR - No data available during downtrend wait for ETH/USDT
2024-08-06 22:46:37,926 - ERROR - Error in calculate_indicators for BTC/USDT: binance GET https://dapi.binance.com/dapi/v1/exchangeInfo
2024-08-06 22:46:37,926 - ERROR - No data available during downtrend wait for BTC/USDT
2024-08-06 22:46:53,580 - ERROR - Error in calculate_indicators for BNB/USDT: binance GET https://dapi.binance.com/dapi/v1/exchangeInfo
2024-08-06 22:46:53,583 - ERROR - No data available during downtrend wait for BNB/USDT
2024-08-06 22:46:54,579 - ERROR - Error in calculate_indicators for ADA/USDT: binance GET https://fapi.binance.com/fapi/v1/exchangeInfo
2024-08-06 22:46:54,581 - ERROR - No data available during downtrend wait for ADA/USDT
2024-08-06 22:51:55,047 - ERROR - Error in calculate_indicators for ADA/USDT: binance GET https://api.binance.com/api/v3/klines?interval=15m&limit=1000&symbol=ADAUSDT
2024-08-06 22:51:55,050 - ERROR - No data available during downtrend wait for ADA/USDT
2024-08-06 22:51:55,829 - ERROR - Error in calculate_indicators for BTC/USDT: binance GET https://fapi.binance.com/fapi/v1/exchangeInfo
2024-08-06 22:51:55,830 - ERROR - No data available during downtrend wait for BTC/USDT
2024-08-06 22:51:56,832 - ERROR - Error in calculate_indicators for BNB/USDT: binance GET https://dapi.binance.com/dapi/v1/exchangeInfo
2024-08-06 22:51:56,833 - ERROR - No data available during downtrend wait for BNB/USDT
2024-08-06 22:51:56,867 - ERROR - Error in calculate_indicators for ETH/USDT: binance GET https://api.binance.com/api/v3/exchangeInfo
2024-08-06 22:51:56,868 - ERROR - No data available during downtrend wait for ETH/USDT
2024-08-06 22:52:10,656 - ERROR - Error in calculate_indicators for ETH/USDT: binance GET https://dapi.binance.com/dapi/v1/exchangeInfo
2024-08-06 22:52:10,658 - ERROR - No data available during downtrend wait for ETH/USDT
2024-08-06 23:04:04,117 - ERROR - Error in calculate_indicators for BNB/USDT: binance GET https://dapi.binance.com/dapi/v1/exchangeInfo
2024-08-06 23:04:04,119 - ERROR - No data available during downtrend wait for BNB/USDT
2024-08-06 23:04:06,158 - ERROR - Error in calculate_indicators for BTC/USDT: binance GET https://api.binance.com/api/v3/klines?interval=15m&limit=1000&symbol=BTCUSDT
2024-08-06 23:04:06,158 - ERROR - No data available during downtrend wait for BTC/USDT
2024-08-06 23:04:06,543 - ERROR - Error in calculate_indicators for ADA/USDT: binance GET https://api.binance.com/api/v3/klines?interval=15m&limit=1000&symbol=ADAUSDT
2024-08-06 23:04:06,575 - ERROR - No data available during downtrend wait for ADA/USDT
2024-08-06 23:05:22,490 - ERROR - Error in calculate_indicators for MATIC/USDT: binance GET https://fapi.binance.com/fapi/v1/exchangeInfo
2024-08-06 23:05:22,491 - ERROR - No data available during downtrend wait for MATIC/USDT
2024-08-06 23:05:22,501 - ERROR - Error in calculate_indicators for ETH/USDT: binance GET https://fapi.binance.com/fapi/v1/exchangeInfo
2024-08-06 23:05:22,502 - ERROR - No data available during downtrend wait for ETH/USDT
2024-08-06 23:05:30,490 - ERROR - Error in calculate_indicators for ADA/USDT: binance GET https://dapi.binance.com/dapi/v1/exchangeInfo
2024-08-06 23:05:30,492 - ERROR - No data available during downtrend wait for ADA/USDT
2024-08-06 23:05:30,505 - ERROR - Error in calculate_indicators for BTC/USDT: binance GET https://dapi.binance.com/dapi/v1/exchangeInfo
2024-08-06 23:05:30,505 - ERROR - No data available during downtrend wait for BTC/USDT
2024-08-06 23:05:42,549 - ERROR - Error in calculate_indicators for BNB/USDT: binance GET https://api.binance.com/api/v3/exchangeInfo
2024-08-06 23:05:42,550 - ERROR - No data available during downtrend wait for BNB/USDT
2024-08-06 23:05:52,563 - ERROR - Error in calculate_indicators for MATIC/USDT: binance GET https://dapi.binance.com/dapi/v1/exchangeInfo
2024-08-06 23:05:52,563 - ERROR - No data available during downtrend wait for MATIC/USDT
2024-08-06 23:05:53,495 - ERROR - Error in calculate_indicators for BTC/USDT: binance GET https://api.binance.com/api/v3/exchangeInfo
2024-08-06 23:05:53,497 - ERROR - No data available during downtrend wait for BTC/USDT
2024-08-06 23:19:53,695 - ERROR - Error in calculate_indicators for ETH/USDT: binance GET https://api.binance.com/api/v3/klines?interval=15m&limit=1000&symbol=ETHUSDT
2024-08-06 23:19:53,696 - ERROR - No data available during downtrend wait for ETH/USDT
2024-08-06 23:19:53,741 - ERROR - Error in calculate_indicators for BNB/USDT: binance GET https://api.binance.com/api/v3/klines?interval=15m&limit=1000&symbol=BNBUSDT
2024-08-06 23:19:53,741 - ERROR - No data available during downtrend wait for BNB/USDT
2024-08-06 23:19:56,286 - ERROR - Error in calculate_indicators for ADA/USDT: binance GET https://api.binance.com/api/v3/klines?interval=15m&limit=1000&symbol=ADAUSDT
2024-08-06 23:19:56,286 - ERROR - No data available during downtrend wait for ADA/USDT
2024-08-06 23:19:57,688 - ERROR - Error in calculate_indicators for BTC/USDT: binance GET https://api.binance.com/api/v3/klines?interval=15m&limit=1000&symbol=BTCUSDT
2024-08-06 23:19:57,688 - ERROR - No data available during downtrend wait for BTC/USDT
2024-08-06 23:20:02,932 - ERROR - Error in calculate_indicators for MATIC/USDT: binance GET https://api.binance.com/api/v3/klines?interval=15m&limit=1000&symbol=MATICUSDT
2024-08-06 23:20:02,941 - ERROR - No data available during downtrend wait for MATIC/USDT
2024-08-06 23:20:24,935 - ERROR - Error in calculate_indicators for BTC/USDT: binance GET https://fapi.binance.com/fapi/v1/exchangeInfo
2024-08-06 23:20:24,935 - ERROR - No data available during downtrend wait for BTC/USDT
2024-08-06 23:20:25,952 - ERROR - Error in calculate_indicators for ADA/USDT: binance GET https://fapi.binance.com/fapi/v1/exchangeInfo
2024-08-06 23:20:25,952 - ERROR - No data available during downtrend wait for ADA/USDT
2024-08-06 23:21:12,935 - ERROR - Error in calculate_indicators for ETH/USDT: binance GET https://fapi.binance.com/fapi/v1/exchangeInfo
2024-08-06 23:21:12,936 - ERROR - No data available during downtrend wait for ETH/USDT
2024-08-06 23:21:35,013 - ERROR - Error in calculate_indicators for ADA/USDT: binance GET https://dapi.binance.com/dapi/v1/exchangeInfo
2024-08-06 23:21:35,013 - ERROR - No data available during downtrend wait for ADA/USDT
2024-08-06 23:21:52,934 - ERROR - Error in calculate_indicators for ADA/USDT: binance GET https://dapi.binance.com/dapi/v1/exchangeInfo
2024-08-06 23:21:52,935 - ERROR - No data available during downtrend wait for ADA/USDT
2024-08-06 23:22:34,935 - ERROR - Error in calculate_indicators for MATIC/USDT: binance GET https://fapi.binance.com/fapi/v1/exchangeInfo
2024-08-06 23:22:34,936 - ERROR - No data available during downtrend wait for MATIC/USDT
2024-08-06 23:23:16,064 - ERROR - Error in calculate_indicators for ETH/USDT: binance GET https://dapi.binance.com/dapi/v1/exchangeInfo
2024-08-06 23:23:16,065 - ERROR - No data available during downtrend wait for ETH/USDT
2024-08-06 23:23:40,935 - ERROR - Error in calculate_indicators for MATIC/USDT: binance GET https://fapi.binance.com/fapi/v1/exchangeInfo
2024-08-06 23:23:40,936 - ERROR - No data available during downtrend wait for MATIC/USDT
2024-08-06 23:25:47,966 - ERROR - Error in calculate_indicators for BNB/USDT: binance GET https://fapi.binance.com/fapi/v1/exchangeInfo
2024-08-06 23:25:47,967 - ERROR - No data available during downtrend wait for BNB/USDT
2024-08-06 23:26:49,971 - ERROR - Error in calculate_indicators for BNB/USDT: binance GET https://fapi.binance.com/fapi/v1/exchangeInfo
2024-08-06 23:26:49,972 - ERROR - No data available during downtrend wait for BNB/USDT
2024-08-06 23:27:20,016 - ERROR - Error in calculate_indicators for ADA/USDT: binance GET https://fapi.binance.com/fapi/v1/exchangeInfo
2024-08-06 23:27:20,017 - ERROR - No data available during downtrend wait for ADA/USDT
2024-08-06 23:27:27,018 - ERROR - Error in calculate_indicators for MATIC/USDT: binance GET https://fapi.binance.com/fapi/v1/exchangeInfo
2024-08-06 23:27:27,018 - ERROR - No data available during downtrend wait for MATIC/USDT
2024-08-06 23:27:30,951 - ERROR - Error in calculate_indicators for ADA/USDT: binance GET https://fapi.binance.com/fapi/v1/exchangeInfo
2024-08-06 23:27:30,952 - ERROR - No data available during downtrend wait for ADA/USDT
2024-08-06 23:27:54,948 - ERROR - Error in calculate_indicators for MATIC/USDT: binance GET https://fapi.binance.com/fapi/v1/exchangeInfo
2024-08-06 23:27:54,949 - ERROR - No data available during downtrend wait for MATIC/USDT
2024-08-06 23:28:15,012 - ERROR - Error in calculate_indicators for MATIC/USDT: binance GET https://dapi.binance.com/dapi/v1/exchangeInfo
2024-08-06 23:28:15,012 - ERROR - No data available during downtrend wait for MATIC/USDT
2024-08-06 23:29:33,478 - ERROR - Error in calculate_indicators for BNB/USDT: binance GET https://dapi.binance.com/dapi/v1/exchangeInfo
2024-08-06 23:29:33,478 - ERROR - No data available during downtrend wait for BNB/USDT
2024-08-06 23:29:41,167 - ERROR - Error in calculate_indicators for BTC/USDT: binance GET https://fapi.binance.com/fapi/v1/exchangeInfo
2024-08-06 23:29:41,167 - ERROR - No data available during downtrend wait for BTC/USDT
2024-08-06 23:29:41,973 - ERROR - Error in calculate_indicators for ADA/USDT: binance GET https://fapi.binance.com/fapi/v1/exchangeInfo
2024-08-06 23:29:41,973 - ERROR - No data available during downtrend wait for ADA/USDT
2024-08-06 23:29:43,035 - ERROR - Error in calculate_indicators for MATIC/USDT: binance GET https://fapi.binance.com/fapi/v1/exchangeInfo
2024-08-06 23:29:43,035 - ERROR - No data available during downtrend wait for MATIC/USDT
2024-08-06 23:46:51,045 - ERROR - Error in calculate_indicators for ETH/USDT: binance GET https://api.binance.com/api/v3/klines?interval=15m&limit=1000&symbol=ETHUSDT
2024-08-06 23:46:51,046 - ERROR - No data available during downtrend wait for ETH/USDT
2024-08-06 23:46:53,571 - ERROR - Error in calculate_indicators for MATIC/USDT: binance GET https://api.binance.com/api/v3/klines?interval=15m&limit=1000&symbol=MATICUSDT
2024-08-06 23:46:53,571 - ERROR - No data available during downtrend wait for MATIC/USDT
2024-08-06 23:46:53,626 - ERROR - Error in calculate_indicators for BNB/USDT: binance GET https://api.binance.com/api/v3/klines?interval=15m&limit=1000&symbol=BNBUSDT
2024-08-06 23:46:53,627 - ERROR - No data available during downtrend wait for BNB/USDT
2024-08-07 00:02:56,074 - ERROR - Error in calculate_indicators for BNB/USDT: binance GET https://api.binance.com/api/v3/klines?interval=15m&limit=1000&symbol=BNBUSDT
2024-08-07 00:02:56,075 - ERROR - No data available during downtrend wait for BNB/USDT
2024-08-07 00:02:56,755 - ERROR - Error in calculate_indicators for BTC/USDT: binance GET https://fapi.binance.com/fapi/v1/exchangeInfo
2024-08-07 00:02:56,756 - ERROR - No data available during downtrend wait for BTC/USDT
2024-08-07 00:02:57,510 - ERROR - Error in calculate_indicators for ETH/USDT: binance GET https://api.binance.com/api/v3/klines?interval=15m&limit=1000&symbol=ETHUSDT
2024-08-07 00:02:57,511 - ERROR - No data available during downtrend wait for ETH/USDT
2024-08-07 00:02:57,740 - ERROR - Error in calculate_indicators for ADA/USDT: binance GET https://dapi.binance.com/dapi/v1/exchangeInfo
2024-08-07 00:02:57,740 - ERROR - No data available during downtrend wait for ADA/USDT
2024-08-07 00:20:16,385 - ERROR - Error in calculate_indicators for BTC/USDT: binance GET https://dapi.binance.com/dapi/v1/exchangeInfo
2024-08-07 00:20:16,387 - ERROR - No data available during downtrend wait for BTC/USDT
2024-08-07 00:20:16,435 - ERROR - Error in calculate_indicators for BNB/USDT: binance GET https://dapi.binance.com/dapi/v1/exchangeInfo
2024-08-07 00:20:16,435 - ERROR - No data available during downtrend wait for BNB/USDT
2024-08-07 00:20:18,758 - ERROR - Error in calculate_indicators for MATIC/USDT: binance GET https://dapi.binance.com/dapi/v1/exchangeInfo
2024-08-07 00:20:18,758 - ERROR - No data available during downtrend wait for MATIC/USDT
2024-08-07 00:36:28,325 - ERROR - Error in calculate_indicators for BNB/USDT: binance GET https://fapi.binance.com/fapi/v1/exchangeInfo
2024-08-07 00:36:28,326 - ERROR - No data available during downtrend wait for BNB/USDT
2024-08-07 00:36:28,375 - ERROR - Error in calculate_indicators for BTC/USDT: binance GET https://dapi.binance.com/dapi/v1/exchangeInfo
2024-08-07 00:36:28,375 - ERROR - No data available during downtrend wait for BTC/USDT
2024-08-07 00:51:35,720 - ERROR - Error in calculate_indicators for ETH/USDT: binance GET https://fapi.binance.com/fapi/v1/exchangeInfo
2024-08-07 00:51:35,721 - ERROR - No data available during downtrend wait for ETH/USDT
2024-08-07 00:51:35,733 - ERROR - Error in calculate_indicators for MATIC/USDT: binance GET https://fapi.binance.com/fapi/v1/exchangeInfo
2024-08-07 00:51:35,734 - ERROR - No data available during downtrend wait for MATIC/USDT
2024-08-07 00:51:35,742 - ERROR - Error in calculate_indicators for ADA/USDT: binance GET https://dapi.binance.com/dapi/v1/exchangeInfo
2024-08-07 00:51:35,742 - ERROR - No data available during downtrend wait for ADA/USDT
2024-08-07 01:06:49,083 - ERROR - Error in calculate_indicators for ADA/USDT: binance GET https://api.binance.com/api/v3/klines?interval=15m&limit=1000&symbol=ADAUSDT
2024-08-07 01:06:49,084 - ERROR - No data available during downtrend wait for ADA/USDT
2024-08-07 01:06:49,139 - ERROR - Error in calculate_indicators for ETH/USDT: binance GET https://api.binance.com/api/v3/klines?interval=15m&limit=1000&symbol=ETHUSDT
2024-08-07 01:06:49,140 - ERROR - No data available during downtrend wait for ETH/USDT
2024-08-07 01:06:49,157 - ERROR - Error in calculate_indicators for MATIC/USDT: binance GET https://api.binance.com/api/v3/klines?interval=15m&limit=1000&symbol=MATICUSDT
2024-08-07 01:06:49,157 - ERROR - No data available during downtrend wait for MATIC/USDT
2024-08-07 01:06:53,370 - ERROR - Error in calculate_indicators for BNB/USDT: binance GET https://api.binance.com/api/v3/exchangeInfo
2024-08-07 01:06:53,371 - ERROR - No data available during downtrend wait for BNB/USDT
2024-08-07 01:06:53,396 - ERROR - Error in calculate_indicators for BTC/USDT: binance GET https://api.binance.com/api/v3/exchangeInfo
2024-08-07 01:06:53,396 - ERROR - No data available during downtrend wait for BTC/USDT
2024-08-07 01:23:17,084 - ERROR - Error in calculate_indicators for ADA/USDT: binance GET https://api.binance.com/api/v3/klines?interval=15m&limit=1000&symbol=ADAUSDT
2024-08-07 01:23:17,084 - ERROR - No data available during downtrend wait for ADA/USDT
2024-08-07 01:23:17,103 - ERROR - Error in calculate_indicators for ETH/USDT: binance GET https://api.binance.com/api/v3/klines?interval=15m&limit=1000&symbol=ETHUSDT
2024-08-07 01:23:17,104 - ERROR - No data available during downtrend wait for ETH/USDT
2024-08-07 01:23:17,107 - ERROR - Error in calculate_indicators for MATIC/USDT: binance GET https://api.binance.com/api/v3/klines?interval=15m&limit=1000&symbol=MATICUSDT
2024-08-07 01:23:17,107 - ERROR - No data available during downtrend wait for MATIC/USDT
2024-08-07 01:30:39,292 - ERROR - Error in calculate_indicators for BTC/USDT: binance GET https://fapi.binance.com/fapi/v1/exchangeInfo
2024-08-07 01:30:39,293 - ERROR - No data available during downtrend wait for BTC/USDT
2024-08-07 01:30:41,886 - ERROR - Error in calculate_indicators for MATIC/USDT: binance GET https://api.binance.com/api/v3/klines?interval=15m&limit=1000&symbol=MATICUSDT
2024-08-07 01:30:41,888 - ERROR - No data available during downtrend wait for MATIC/USDT
2024-08-07 01:30:41,892 - ERROR - Error in calculate_indicators for ETH/USDT: binance GET https://api.binance.com/api/v3/klines?interval=15m&limit=1000&symbol=ETHUSDT
2024-08-07 01:30:41,892 - ERROR - No data available during downtrend wait for ETH/USDT
2024-08-07 01:30:41,918 - ERROR - Error in calculate_indicators for ADA/USDT: binance GET https://api.binance.com/api/v3/klines?interval=15m&limit=1000&symbol=ADAUSDT
2024-08-07 01:30:41,918 - ERROR - No data available during downtrend wait for ADA/USDT
2024-08-07 01:30:47,736 - ERROR - Error in calculate_indicators for BNB/USDT: binance GET https://fapi.binance.com/fapi/v1/exchangeInfo
2024-08-07 01:30:47,737 - ERROR - No data available during downtrend wait for BNB/USDT
2024-08-07 01:46:53,157 - ERROR - Error in calculate_indicators for BTC/USDT: binance GET https://api.binance.com/api/v3/klines?interval=15m&limit=1000&symbol=BTCUSDT
2024-08-07 01:46:53,157 - ERROR - No data available during downtrend wait for BTC/USDT
2024-08-07 02:04:55,344 - ERROR - Error in calculate_indicators for ADA/USDT: binance GET https://fapi.binance.com/fapi/v1/exchangeInfo
2024-08-07 02:04:55,345 - ERROR - No data available during downtrend wait for ADA/USDT
2024-08-07 02:04:56,086 - ERROR - Error in calculate_indicators for MATIC/USDT: binance GET https://dapi.binance.com/dapi/v1/exchangeInfo
2024-08-07 02:04:56,087 - ERROR - No data available during downtrend wait for MATIC/USDT
2024-08-07 02:04:56,096 - ERROR - Error in calculate_indicators for ETH/USDT: binance GET https://dapi.binance.com/dapi/v1/exchangeInfo
2024-08-07 02:04:56,097 - ERROR - No data available during downtrend wait for ETH/USDT
2024-08-07 02:04:56,104 - ERROR - Error in calculate_indicators for BTC/USDT: binance GET https://dapi.binance.com/dapi/v1/exchangeInfo
2024-08-07 02:04:56,104 - ERROR - No data available during downtrend wait for BTC/USDT
2024-08-07 02:04:57,055 - ERROR - Error in calculate_indicators for BNB/USDT: binance GET https://api.binance.com/api/v3/klines?interval=15m&limit=1000&symbol=BNBUSDT
2024-08-07 02:04:57,088 - ERROR - No data available during downtrend wait for BNB/USDT
2024-08-07 02:22:24,366 - ERROR - Error in calculate_indicators for ADA/USDT: binance GET https://dapi.binance.com/dapi/v1/exchangeInfo
2024-08-07 02:22:24,367 - ERROR - No data available during downtrend wait for ADA/USDT
2024-08-07 02:22:26,522 - ERROR - Error in calculate_indicators for MATIC/USDT: binance GET https://api.binance.com/api/v3/klines?interval=15m&limit=1000&symbol=MATICUSDT
2024-08-07 02:22:26,522 - ERROR - No data available during downtrend wait for MATIC/USDT
2024-08-07 02:22:26,731 - ERROR - Error in calculate_indicators for ETH/USDT: binance GET https://api.binance.com/api/v3/klines?interval=15m&limit=1000&symbol=ETHUSDT
2024-08-07 02:22:26,731 - ERROR - No data available during downtrend wait for ETH/USDT
2024-08-07 02:22:26,747 - ERROR - Error in calculate_indicators for BTC/USDT: binance GET https://api.binance.com/api/v3/klines?interval=15m&limit=1000&symbol=BTCUSDT
2024-08-07 02:22:26,747 - ERROR - No data available during downtrend wait for BTC/USDT
2024-08-07 02:31:39,356 - ERROR - Error in calculate_indicators for ADA/USDT: binance GET https://dapi.binance.com/dapi/v1/exchangeInfo
2024-08-07 02:31:39,358 - ERROR - No data available during downtrend wait for ADA/USDT
2024-08-07 02:31:43,358 - ERROR - Error in calculate_indicators for BNB/USDT: binance GET https://api.binance.com/api/v3/klines?interval=15m&limit=1000&symbol=BNBUSDT
2024-08-07 02:31:43,394 - ERROR - No data available during downtrend wait for BNB/USDT
2024-08-07 02:49:00,457 - ERROR - Error in calculate_indicators for ETH/USDT: binance GET https://fapi.binance.com/fapi/v1/exchangeInfo
2024-08-07 02:49:00,457 - ERROR - No data available during downtrend wait for ETH/USDT
2024-08-07 02:49:00,461 - ERROR - Error in calculate_indicators for MATIC/USDT: binance GET https://fapi.binance.com/fapi/v1/exchangeInfo
2024-08-07 02:49:00,461 - ERROR - No data available during downtrend wait for MATIC/USDT
2024-08-07 02:49:00,465 - ERROR - Error in calculate_indicators for BTC/USDT: binance GET https://fapi.binance.com/fapi/v1/exchangeInfo
2024-08-07 02:49:00,465 - ERROR - No data available during downtrend wait for BTC/USDT
2024-08-07 02:49:01,504 - ERROR - Error in calculate_indicators for ADA/USDT: binance GET https://api.binance.com/api/v3/klines?interval=15m&limit=1000&symbol=ADAUSDT
2024-08-07 02:49:01,504 - ERROR - No data available during downtrend wait for ADA/USDT
2024-08-07 02:51:40,291 - ERROR - Error in calculate_indicators for ETH/USDT: binance GET https://api.binance.com/api/v3/exchangeInfo
2024-08-07 02:51:40,292 - ERROR - No data available during downtrend wait for ETH/USDT
2024-08-07 02:51:40,333 - ERROR - Error in calculate_indicators for MATIC/USDT: binance GET https://api.binance.com/api/v3/exchangeInfo
2024-08-07 02:51:40,334 - ERROR - No data available during downtrend wait for MATIC/USDT
2024-08-07 02:51:40,343 - ERROR - Error in calculate_indicators for BTC/USDT: binance GET https://api.binance.com/api/v3/exchangeInfo
2024-08-07 02:51:40,343 - ERROR - No data available during downtrend wait for BTC/USDT
2024-08-07 02:51:43,222 - ERROR - Error in calculate_indicators for BNB/USDT: binance GET https://fapi.binance.com/fapi/v1/exchangeInfo
2024-08-07 02:51:43,222 - ERROR - No data available during downtrend wait for BNB/USDT
2024-08-07 03:08:01,559 - ERROR - Error in calculate_indicators for ADA/USDT: binance GET https://fapi.binance.com/fapi/v1/exchangeInfo
2024-08-07 03:08:01,560 - ERROR - No data available during downtrend wait for ADA/USDT
2024-08-07 03:08:03,240 - ERROR - Error in calculate_indicators for BNB/USDT: binance GET https://api.binance.com/api/v3/klines?interval=15m&limit=1000&symbol=BNBUSDT
2024-08-07 03:08:03,240 - ERROR - No data available during downtrend wait for BNB/USDT
2024-08-07 03:08:03,285 - ERROR - Error in calculate_indicators for ETH/USDT: binance GET https://api.binance.com/api/v3/klines?interval=15m&limit=1000&symbol=ETHUSDT
2024-08-07 03:08:03,285 - ERROR - No data available during downtrend wait for ETH/USDT
2024-08-07 03:25:29,131 - ERROR - Error in calculate_indicators for ETH/USDT: binance GET https://api.binance.com/api/v3/klines?interval=15m&limit=1000&symbol=ETHUSDT
2024-08-07 03:25:29,133 - ERROR - No data available during downtrend wait for ETH/USDT
2024-08-07 03:25:29,174 - ERROR - Error in calculate_indicators for BNB/USDT: binance GET https://api.binance.com/api/v3/klines?interval=15m&limit=1000&symbol=BNBUSDT
2024-08-07 03:25:29,175 - ERROR - No data available during downtrend wait for BNB/USDT
2024-08-07 03:25:33,249 - ERROR - Error in calculate_indicators for BTC/USDT: binance GET https://fapi.binance.com/fapi/v1/exchangeInfo
2024-08-07 03:25:33,250 - ERROR - No data available during downtrend wait for BTC/USDT
2024-08-07 03:32:38,936 - ERROR - Error in calculate_indicators for BTC/USDT: binance GET https://api.binance.com/api/v3/exchangeInfo
2024-08-07 03:32:38,937 - ERROR - No data available during downtrend wait for BTC/USDT
2024-08-07 03:32:38,977 - ERROR - Error in calculate_indicators for ETH/USDT: binance GET https://api.binance.com/api/v3/klines?interval=15m&limit=1000&symbol=ETHUSDT
2024-08-07 03:32:38,978 - ERROR - No data available during downtrend wait for ETH/USDT
2024-08-07 03:32:38,984 - ERROR - Error in calculate_indicators for BNB/USDT: binance GET https://api.binance.com/api/v3/klines?interval=15m&limit=1000&symbol=BNBUSDT
2024-08-07 03:32:38,985 - ERROR - No data available during downtrend wait for BNB/USDT
2024-08-07 03:32:39,223 - ERROR - Error in calculate_indicators for ADA/USDT: binance GET https://dapi.binance.com/dapi/v1/exchangeInfo
2024-08-07 03:32:39,224 - ERROR - No data available during downtrend wait for ADA/USDT
2024-08-07 03:32:41,955 - ERROR - Error in calculate_indicators for MATIC/USDT: binance GET https://fapi.binance.com/fapi/v1/exchangeInfo
2024-08-07 03:32:41,957 - ERROR - No data available during downtrend wait for MATIC/USDT
2024-08-07 03:48:15,191 - ERROR - Error in calculate_indicators for ETH/USDT: binance GET https://api.binance.com/api/v3/klines?interval=15m&limit=1000&symbol=ETHUSDT
2024-08-07 03:48:15,192 - ERROR - No data available during downtrend wait for ETH/USDT
2024-08-07 03:48:15,208 - ERROR - Error in calculate_indicators for BNB/USDT: binance GET https://api.binance.com/api/v3/klines?interval=15m&limit=1000&symbol=BNBUSDT
2024-08-07 03:48:15,209 - ERROR - No data available during downtrend wait for BNB/USDT
2024-08-07 03:48:15,221 - ERROR - Error in calculate_indicators for ADA/USDT: binance GET https://api.binance.com/api/v3/klines?interval=15m&limit=1000&symbol=ADAUSDT
2024-08-07 03:48:15,222 - ERROR - No data available during downtrend wait for ADA/USDT
2024-08-07 04:06:09,039 - ERROR - Error in calculate_indicators for BNB/USDT: binance GET https://api.binance.com/api/v3/exchangeInfo
2024-08-07 04:06:09,040 - ERROR - No data available during downtrend wait for BNB/USDT
2024-08-07 04:06:11,685 - ERROR - Error in calculate_indicators for BTC/USDT: binance GET https://api.binance.com/api/v3/klines?interval=15m&limit=1000&symbol=BTCUSDT
2024-08-07 04:06:11,686 - ERROR - No data available during downtrend wait for BTC/USDT
2024-08-07 04:23:44,173 - ERROR - Error in calculate_indicators for BTC/USDT: binance GET https://api.binance.com/api/v3/klines?interval=15m&limit=1000&symbol=BTCUSDT
2024-08-07 04:23:44,173 - ERROR - No data available during downtrend wait for BTC/USDT
2024-08-07 04:23:44,182 - ERROR - Error in calculate_indicators for ETH/USDT: binance GET https://api.binance.com/api/v3/klines?interval=15m&limit=1000&symbol=ETHUSDT
2024-08-07 04:23:44,183 - ERROR - No data available during downtrend wait for ETH/USDT
2024-08-07 04:23:44,464 - ERROR - Error in calculate_indicators for BNB/USDT: binance GET https://fapi.binance.com/fapi/v1/exchangeInfo
2024-08-07 04:23:44,465 - ERROR - No data available during downtrend wait for BNB/USDT
2024-08-07 04:23:44,497 - ERROR - Error in calculate_indicators for ADA/USDT: binance GET https://fapi.binance.com/fapi/v1/exchangeInfo
2024-08-07 04:23:44,498 - ERROR - No data available during downtrend wait for ADA/USDT
2024-08-07 04:23:48,683 - ERROR - Error in calculate_indicators for MATIC/USDT: binance GET https://api.binance.com/api/v3/exchangeInfo
2024-08-07 04:23:48,684 - ERROR - No data available during downtrend wait for MATIC/USDT
2024-08-07 04:33:39,341 - ERROR - Error in calculate_indicators for BNB/USDT: binance GET https://fapi.binance.com/fapi/v1/exchangeInfo
2024-08-07 04:33:39,342 - ERROR - No data available during downtrend wait for BNB/USDT
2024-08-07 04:33:41,709 - ERROR - Error in calculate_indicators for ETH/USDT: binance GET https://api.binance.com/api/v3/klines?interval=15m&limit=1000&symbol=ETHUSDT
2024-08-07 04:33:41,710 - ERROR - No data available during downtrend wait for ETH/USDT
2024-08-07 04:33:41,714 - ERROR - Error in calculate_indicators for ADA/USDT: binance GET https://api.binance.com/api/v3/klines?interval=15m&limit=1000&symbol=ADAUSDT
2024-08-07 04:33:41,714 - ERROR - No data available during downtrend wait for ADA/USDT
2024-08-07 04:33:47,439 - ERROR - Error in calculate_indicators for BTC/USDT: binance GET https://fapi.binance.com/fapi/v1/exchangeInfo
2024-08-07 04:33:47,439 - ERROR - No data available during downtrend wait for BTC/USDT
2024-08-07 04:49:56,051 - ERROR - Error in calculate_indicators for ADA/USDT: binance GET https://api.binance.com/api/v3/exchangeInfo
2024-08-07 04:49:56,052 - ERROR - No data available during downtrend wait for ADA/USDT
2024-08-07 04:49:56,062 - ERROR - Error in calculate_indicators for BNB/USDT: binance GET https://api.binance.com/api/v3/exchangeInfo
2024-08-07 04:49:56,063 - ERROR - No data available during downtrend wait for BNB/USDT
2024-08-07 04:49:56,073 - ERROR - Error in calculate_indicators for MATIC/USDT: binance GET https://api.binance.com/api/v3/exchangeInfo
2024-08-07 04:49:56,073 - ERROR - No data available during downtrend wait for MATIC/USDT
2024-08-07 04:49:56,141 - ERROR - Error in calculate_indicators for ETH/USDT: binance GET https://api.binance.com/api/v3/exchangeInfo
2024-08-07 04:49:56,141 - ERROR - No data available during downtrend wait for ETH/USDT
2024-08-07 04:49:59,102 - ERROR - Error in calculate_indicators for BTC/USDT: binance GET https://api.binance.com/api/v3/klines?interval=15m&limit=1000&symbol=BTCUSDT
2024-08-07 04:49:59,102 - ERROR - No data available during downtrend wait for BTC/USDT
2024-08-07 05:06:05,396 - ERROR - Error in calculate_indicators for ETH/USDT: binance GET https://fapi.binance.com/fapi/v1/exchangeInfo
2024-08-07 05:06:05,398 - ERROR - No data available during downtrend wait for ETH/USDT
2024-08-07 05:06:05,415 - ERROR - Error in calculate_indicators for MATIC/USDT: binance GET https://fapi.binance.com/fapi/v1/exchangeInfo
2024-08-07 05:06:05,416 - ERROR - No data available during downtrend wait for MATIC/USDT
2024-08-07 05:06:05,429 - ERROR - Error in calculate_indicators for ADA/USDT: binance GET https://dapi.binance.com/dapi/v1/exchangeInfo
2024-08-07 05:06:05,429 - ERROR - No data available during downtrend wait for ADA/USDT
2024-08-07 05:06:05,478 - ERROR - Error in calculate_indicators for BNB/USDT: binance GET https://dapi.binance.com/dapi/v1/exchangeInfo
2024-08-07 05:06:05,478 - ERROR - No data available during downtrend wait for BNB/USDT
2024-08-07 05:06:05,496 - ERROR - Error in calculate_indicators for BTC/USDT: binance GET https://dapi.binance.com/dapi/v1/exchangeInfo
2024-08-07 05:06:05,496 - ERROR - No data available during downtrend wait for BTC/USDT
2024-08-07 05:21:51,854 - ERROR - Error in calculate_indicators for ADA/USDT: binance GET https://api.binance.com/api/v3/klines?interval=15m&limit=1000&symbol=ADAUSDT
2024-08-07 05:21:51,854 - ERROR - No data available during downtrend wait for ADA/USDT
2024-08-07 05:21:51,904 - ERROR - Error in calculate_indicators for BTC/USDT: binance GET https://api.binance.com/api/v3/klines?interval=15m&limit=1000&symbol=BTCUSDT
2024-08-07 05:21:51,905 - ERROR - No data available during downtrend wait for BTC/USDT
2024-08-07 05:21:51,909 - ERROR - Error in calculate_indicators for MATIC/USDT: binance GET https://api.binance.com/api/v3/klines?interval=15m&limit=1000&symbol=MATICUSDT
2024-08-07 05:21:51,909 - ERROR - No data available during downtrend wait for MATIC/USDT
2024-08-07 05:21:51,913 - ERROR - Error in calculate_indicators for ETH/USDT: binance GET https://api.binance.com/api/v3/klines?interval=15m&limit=1000&symbol=ETHUSDT
2024-08-07 05:21:51,913 - ERROR - No data available during downtrend wait for ETH/USDT
2024-08-07 05:21:51,916 - ERROR - Error in calculate_indicators for BNB/USDT: binance GET https://api.binance.com/api/v3/klines?interval=15m&limit=1000&symbol=BNBUSDT
2024-08-07 05:21:51,916 - ERROR - No data available during downtrend wait for BNB/USDT
2024-08-07 05:34:39,336 - ERROR - Error in calculate_indicators for ADA/USDT: binance GET https://dapi.binance.com/dapi/v1/exchangeInfo
2024-08-07 05:34:39,337 - ERROR - No data available during downtrend wait for ADA/USDT
2024-08-07 05:34:39,400 - ERROR - Error in calculate_indicators for MATIC/USDT: binance GET https://dapi.binance.com/dapi/v1/exchangeInfo
2024-08-07 05:34:39,401 - ERROR - No data available during downtrend wait for MATIC/USDT
2024-08-07 05:34:39,406 - ERROR - Error in calculate_indicators for BNB/USDT: binance GET https://dapi.binance.com/dapi/v1/exchangeInfo
2024-08-07 05:34:39,406 - ERROR - No data available during downtrend wait for BNB/USDT
2024-08-07 05:34:39,410 - ERROR - Error in calculate_indicators for BTC/USDT: binance GET https://dapi.binance.com/dapi/v1/exchangeInfo
2024-08-07 05:34:39,410 - ERROR - No data available during downtrend wait for BTC/USDT
2024-08-07 05:34:39,414 - ERROR - Error in calculate_indicators for ETH/USDT: binance GET https://dapi.binance.com/dapi/v1/exchangeInfo
2024-08-07 05:34:39,414 - ERROR - No data available during downtrend wait for ETH/USDT
2024-08-07 05:52:13,177 - ERROR - Error in calculate_indicators for BNB/USDT: binance GET https://api.binance.com/api/v3/klines?interval=15m&limit=1000&symbol=BNBUSDT
2024-08-07 05:52:13,179 - ERROR - No data available during downtrend wait for BNB/USDT
2024-08-07 05:52:13,191 - ERROR - Error in calculate_indicators for ETH/USDT: binance GET https://api.binance.com/api/v3/klines?interval=15m&limit=1000&symbol=ETHUSDT
2024-08-07 05:52:13,191 - ERROR - No data available during downtrend wait for ETH/USDT
2024-08-07 05:52:13,203 - ERROR - Error in calculate_indicators for MATIC/USDT: binance GET https://api.binance.com/api/v3/klines?interval=15m&limit=1000&symbol=MATICUSDT
2024-08-07 05:52:13,203 - ERROR - No data available during downtrend wait for MATIC/USDT
2024-08-07 05:52:13,213 - ERROR - Error in calculate_indicators for BTC/USDT: binance GET https://api.binance.com/api/v3/klines?interval=15m&limit=1000&symbol=BTCUSDT
2024-08-07 05:52:13,213 - ERROR - No data available during downtrend wait for BTC/USDT
2024-08-07 05:52:13,220 - ERROR - Error in calculate_indicators for ADA/USDT: binance GET https://api.binance.com/api/v3/klines?interval=15m&limit=1000&symbol=ADAUSDT
2024-08-07 05:52:13,220 - ERROR - No data available during downtrend wait for ADA/USDT
2024-08-07 06:08:14,336 - ERROR - Error in calculate_indicators for ADA/USDT: binance GET https://fapi.binance.com/fapi/v1/exchangeInfo
2024-08-07 06:08:14,337 - ERROR - No data available during downtrend wait for ADA/USDT
2024-08-07 06:08:16,970 - ERROR - Error in calculate_indicators for MATIC/USDT: binance GET https://api.binance.com/api/v3/klines?interval=15m&limit=1000&symbol=MATICUSDT
2024-08-07 06:08:16,971 - ERROR - No data available during downtrend wait for MATIC/USDT
2024-08-07 06:08:17,017 - ERROR - Error in calculate_indicators for BNB/USDT: binance GET https://api.binance.com/api/v3/klines?interval=15m&limit=1000&symbol=BNBUSDT
2024-08-07 06:08:17,017 - ERROR - No data available during downtrend wait for BNB/USDT
2024-08-07 06:08:17,021 - ERROR - Error in calculate_indicators for ETH/USDT: binance GET https://api.binance.com/api/v3/klines?interval=15m&limit=1000&symbol=ETHUSDT
2024-08-07 06:08:17,021 - ERROR - No data available during downtrend wait for ETH/USDT
2024-08-07 06:08:17,024 - ERROR - Error in calculate_indicators for BTC/USDT: binance GET https://api.binance.com/api/v3/klines?interval=15m&limit=1000&symbol=BTCUSDT
2024-08-07 06:08:17,025 - ERROR - No data available during downtrend wait for BTC/USDT
2024-08-07 06:25:19,347 - ERROR - Error in calculate_indicators for BNB/USDT: binance GET https://dapi.binance.com/dapi/v1/exchangeInfo
2024-08-07 06:25:19,347 - ERROR - No data available during downtrend wait for BNB/USDT
2024-08-07 06:25:19,400 - ERROR - Error in calculate_indicators for ETH/USDT: binance GET https://fapi.binance.com/fapi/v1/exchangeInfo
2024-08-07 06:25:19,401 - ERROR - No data available during downtrend wait for ETH/USDT
2024-08-07 06:25:19,407 - ERROR - Error in calculate_indicators for BTC/USDT: binance GET https://dapi.binance.com/dapi/v1/exchangeInfo
2024-08-07 06:25:19,408 - ERROR - No data available during downtrend wait for BTC/USDT
2024-08-07 06:25:21,804 - ERROR - Error in calculate_indicators for ADA/USDT: binance GET https://api.binance.com/api/v3/klines?interval=15m&limit=1000&symbol=ADAUSDT
2024-08-07 06:25:21,804 - ERROR - No data available during downtrend wait for ADA/USDT
2024-08-07 06:35:39,332 - ERROR - Error in calculate_indicators for BTC/USDT: binance GET https://dapi.binance.com/dapi/v1/exchangeInfo
2024-08-07 06:35:39,333 - ERROR - No data available during downtrend wait for BTC/USDT
2024-08-07 06:35:39,386 - ERROR - Error in calculate_indicators for ETH/USDT: binance GET https://dapi.binance.com/dapi/v1/exchangeInfo
2024-08-07 06:35:39,387 - ERROR - No data available during downtrend wait for ETH/USDT
2024-08-07 06:35:41,768 - ERROR - Error in calculate_indicators for BNB/USDT: binance GET https://api.binance.com/api/v3/klines?interval=15m&limit=1000&symbol=BNBUSDT
2024-08-07 06:35:41,769 - ERROR - No data available during downtrend wait for BNB/USDT
2024-08-07 06:35:41,987 - ERROR - Error in calculate_indicators for MATIC/USDT: binance GET https://fapi.binance.com/fapi/v1/exchangeInfo
2024-08-07 06:35:41,988 - ERROR - No data available during downtrend wait for MATIC/USDT
2024-08-07 06:52:43,338 - ERROR - Error in calculate_indicators for BNB/USDT: binance GET https://dapi.binance.com/dapi/v1/exchangeInfo
2024-08-07 06:52:43,339 - ERROR - No data available during downtrend wait for BNB/USDT
2024-08-07 06:52:43,564 - ERROR - Error in calculate_indicators for ADA/USDT: binance GET https://fapi.binance.com/fapi/v1/exchangeInfo
2024-08-07 06:52:43,566 - ERROR - No data available during downtrend wait for ADA/USDT
2024-08-07 06:52:46,125 - ERROR - Error in calculate_indicators for MATIC/USDT: binance GET https://api.binance.com/api/v3/klines?interval=15m&limit=1000&symbol=MATICUSDT
2024-08-07 06:52:46,125 - ERROR - No data available during downtrend wait for MATIC/USDT
2024-08-07 06:52:46,331 - ERROR - Error in calculate_indicators for BTC/USDT: binance GET https://api.binance.com/api/v3/klines?interval=15m&limit=1000&symbol=BTCUSDT
2024-08-07 06:52:46,331 - ERROR - No data available during downtrend wait for BTC/USDT
2024-08-07 06:52:46,380 - ERROR - Error in calculate_indicators for ETH/USDT: binance GET https://api.binance.com/api/v3/klines?interval=15m&limit=1000&symbol=ETHUSDT
2024-08-07 06:52:46,380 - ERROR - No data available during downtrend wait for ETH/USDT
2024-08-07 07:08:31,038 - ERROR - Error in calculate_indicators for BNB/USDT: binance GET https://api.binance.com/api/v3/klines?interval=15m&limit=1000&symbol=BNBUSDT
2024-08-07 07:08:31,039 - ERROR - No data available during downtrend wait for BNB/USDT
2024-08-07 07:08:31,309 - ERROR - Error in calculate_indicators for ETH/USDT: binance GET https://dapi.binance.com/dapi/v1/exchangeInfo
2024-08-07 07:08:31,310 - ERROR - No data available during downtrend wait for ETH/USDT
2024-08-07 07:08:31,374 - ERROR - Error in calculate_indicators for MATIC/USDT: binance GET https://dapi.binance.com/dapi/v1/exchangeInfo
2024-08-07 07:08:31,374 - ERROR - No data available during downtrend wait for MATIC/USDT
2024-08-07 07:08:31,379 - ERROR - Error in calculate_indicators for BTC/USDT: binance GET https://dapi.binance.com/dapi/v1/exchangeInfo
2024-08-07 07:08:31,380 - ERROR - No data available during downtrend wait for BTC/USDT
2024-08-07 07:08:31,384 - ERROR - Error in calculate_indicators for ADA/USDT: binance GET https://dapi.binance.com/dapi/v1/exchangeInfo
2024-08-07 07:08:31,384 - ERROR - No data available during downtrend wait for ADA/USDT
2024-08-07 07:11:12,465 - ERROR - Error in calculate_indicators for BNB/USDT: binance GET https://dapi.binance.com/dapi/v1/exchangeInfo
2024-08-07 07:11:12,466 - ERROR - No data available during downtrend wait for BNB/USDT
2024-08-07 07:36:39,025 - ERROR - Error in calculate_indicators for BNB/USDT: binance GET https://api.binance.com/api/v3/klines?interval=15m&limit=1000&symbol=BNBUSDT
2024-08-07 07:36:39,026 - ERROR - No data available during downtrend wait for BNB/USDT
2024-08-07 07:36:43,137 - ERROR - Error in calculate_indicators for BTC/USDT: binance GET https://api.binance.com/api/v3/klines?interval=15m&limit=1000&symbol=BTCUSDT
2024-08-07 07:36:43,170 - ERROR - No data available during downtrend wait for BTC/USDT
2024-08-07 07:36:43,180 - ERROR - Error in calculate_indicators for ADA/USDT: binance GET https://api.binance.com/api/v3/exchangeInfo
2024-08-07 07:36:43,181 - ERROR - No data available during downtrend wait for ADA/USDT
2024-08-07 07:51:51,054 - ERROR - Error in calculate_indicators for BTC/USDT: binance GET https://api.binance.com/api/v3/klines?interval=15m&limit=1000&symbol=BTCUSDT
2024-08-07 07:51:51,055 - ERROR - No data available during downtrend wait for BTC/USDT
2024-08-07 07:51:51,068 - ERROR - Error in calculate_indicators for ADA/USDT: binance GET https://api.binance.com/api/v3/klines?interval=15m&limit=1000&symbol=ADAUSDT
2024-08-07 07:51:51,068 - ERROR - No data available during downtrend wait for ADA/USDT
2024-08-07 07:51:51,359 - ERROR - Error in calculate_indicators for BNB/USDT: binance GET https://fapi.binance.com/fapi/v1/exchangeInfo
2024-08-07 07:51:51,361 - ERROR - No data available during downtrend wait for BNB/USDT
2024-08-07 07:51:51,892 - ERROR - Error in calculate_indicators for ETH/USDT: binance GET https://fapi.binance.com/fapi/v1/exchangeInfo
2024-08-07 07:51:51,892 - ERROR - No data available during downtrend wait for ETH/USDT
2024-08-07 07:51:51,896 - ERROR - Error in calculate_indicators for MATIC/USDT: binance GET https://fapi.binance.com/fapi/v1/exchangeInfo
2024-08-07 07:51:51,896 - ERROR - No data available during downtrend wait for MATIC/USDT
2024-08-07 08:07:34,220 - ERROR - Error in calculate_indicators for ADA/USDT: binance GET https://fapi.binance.com/fapi/v1/exchangeInfo
2024-08-07 08:07:34,222 - ERROR - No data available during downtrend wait for ADA/USDT
2024-08-07 08:07:34,276 - ERROR - Error in calculate_indicators for BNB/USDT: binance GET https://fapi.binance.com/fapi/v1/exchangeInfo
2024-08-07 08:07:34,276 - ERROR - No data available during downtrend wait for BNB/USDT
2024-08-07 08:07:34,283 - ERROR - Error in calculate_indicators for BTC/USDT: binance GET https://dapi.binance.com/dapi/v1/exchangeInfo
2024-08-07 08:07:34,283 - ERROR - No data available during downtrend wait for BTC/USDT
2024-08-07 08:07:37,044 - ERROR - Error in calculate_indicators for MATIC/USDT: binance GET https://api.binance.com/api/v3/klines?interval=15m&limit=1000&symbol=MATICUSDT
2024-08-07 08:07:37,044 - ERROR - No data available during downtrend wait for MATIC/USDT
2024-08-07 08:07:37,089 - ERROR - Error in calculate_indicators for ETH/USDT: binance GET https://api.binance.com/api/v3/klines?interval=15m&limit=1000&symbol=ETHUSDT
2024-08-07 08:07:37,090 - ERROR - No data available during downtrend wait for ETH/USDT
2024-08-07 08:17:12,716 - ERROR - Error in calculate_indicators for ETH/USDT: binance GET https://fapi.binance.com/fapi/v1/exchangeInfo
2024-08-07 08:17:12,718 - ERROR - No data available during downtrend wait for ETH/USDT
2024-08-07 08:17:12,729 - ERROR - Error in calculate_indicators for MATIC/USDT: binance GET https://fapi.binance.com/fapi/v1/exchangeInfo
2024-08-07 08:17:12,730 - ERROR - No data available during downtrend wait for MATIC/USDT
2024-08-07 08:17:13,707 - ERROR - Error in calculate_indicators for ADA/USDT: binance GET https://dapi.binance.com/dapi/v1/exchangeInfo
2024-08-07 08:17:13,707 - ERROR - No data available during downtrend wait for ADA/USDT
2024-08-07 08:17:13,713 - ERROR - Error in calculate_indicators for BTC/USDT: binance GET https://dapi.binance.com/dapi/v1/exchangeInfo
2024-08-07 08:17:13,713 - ERROR - No data available during downtrend wait for BTC/USDT
2024-08-07 08:17:13,720 - ERROR - Error in calculate_indicators for BNB/USDT: binance GET https://fapi.binance.com/fapi/v1/exchangeInfo
2024-08-07 08:17:13,720 - ERROR - No data available during downtrend wait for BNB/USDT
2024-08-07 08:37:41,667 - ERROR - Error in calculate_indicators for ADA/USDT: binance GET https://fapi.binance.com/fapi/v1/exchangeInfo
2024-08-07 08:37:41,669 - ERROR - No data available during downtrend wait for ADA/USDT
2024-08-07 08:37:41,679 - ERROR - Error in calculate_indicators for BNB/USDT: binance GET https://fapi.binance.com/fapi/v1/exchangeInfo
2024-08-07 08:37:41,679 - ERROR - No data available during downtrend wait for BNB/USDT
2024-08-07 08:37:41,686 - ERROR - Error in calculate_indicators for BTC/USDT: binance GET https://fapi.binance.com/fapi/v1/exchangeInfo
2024-08-07 08:37:41,686 - ERROR - No data available during downtrend wait for BTC/USDT
2024-08-07 08:37:43,987 - ERROR - Error in calculate_indicators for ETH/USDT: binance GET https://api.binance.com/api/v3/exchangeInfo
2024-08-07 08:37:43,987 - ERROR - No data available during downtrend wait for ETH/USDT
2024-08-07 08:37:43,991 - ERROR - Error in calculate_indicators for MATIC/USDT: binance GET https://api.binance.com/api/v3/exchangeInfo
2024-08-07 08:37:43,991 - ERROR - No data available during downtrend wait for MATIC/USDT
2024-08-07 08:52:19,813 - ERROR - Error in calculate_indicators for ADA/USDT: binance GET https://dapi.binance.com/dapi/v1/exchangeInfo
2024-08-07 08:52:19,814 - ERROR - No data available during downtrend wait for ADA/USDT
2024-08-07 08:52:19,828 - ERROR - Error in calculate_indicators for BTC/USDT: binance GET https://dapi.binance.com/dapi/v1/exchangeInfo
2024-08-07 08:52:19,828 - ERROR - No data available during downtrend wait for BTC/USDT
2024-08-07 08:52:19,845 - ERROR - Error in calculate_indicators for BNB/USDT: binance GET https://fapi.binance.com/fapi/v1/exchangeInfo
2024-08-07 08:52:19,845 - ERROR - No data available during downtrend wait for BNB/USDT
2024-08-07 08:52:20,796 - ERROR - Error in calculate_indicators for ETH/USDT: binance GET https://api.binance.com/api/v3/klines?interval=15m&limit=1000&symbol=ETHUSDT
2024-08-07 08:52:20,805 - ERROR - No data available during downtrend wait for ETH/USDT
2024-08-07 08:52:20,811 - ERROR - Error in calculate_indicators for MATIC/USDT: binance GET https://api.binance.com/api/v3/klines?interval=15m&limit=1000&symbol=MATICUSDT
2024-08-07 08:52:20,820 - ERROR - No data available during downtrend wait for MATIC/USDT
2024-08-07 09:09:08,613 - ERROR - Error in calculate_indicators for MATIC/USDT: binance GET https://fapi.binance.com/fapi/v1/exchangeInfo
2024-08-07 09:09:08,615 - ERROR - No data available during downtrend wait for MATIC/USDT
2024-08-07 09:09:08,654 - ERROR - Error in calculate_indicators for ETH/USDT: binance GET https://dapi.binance.com/dapi/v1/exchangeInfo
2024-08-07 09:09:08,654 - ERROR - No data available during downtrend wait for ETH/USDT
2024-08-07 09:09:17,866 - ERROR - Error in calculate_indicators for ADA/USDT: binance GET https://api.binance.com/api/v3/klines?interval=15m&limit=1000&symbol=ADAUSDT
2024-08-07 09:09:17,873 - ERROR - No data available during downtrend wait for ADA/USDT
2024-08-07 09:09:17,877 - ERROR - Error in calculate_indicators for BTC/USDT: binance GET https://api.binance.com/api/v3/klines?interval=15m&limit=1000&symbol=BTCUSDT
2024-08-07 09:09:17,883 - ERROR - No data available during downtrend wait for BTC/USDT
2024-08-07 09:09:17,887 - ERROR - Error in calculate_indicators for BNB/USDT: binance GET https://api.binance.com/api/v3/klines?interval=15m&limit=1000&symbol=BNBUSDT
2024-08-07 09:09:17,894 - ERROR - No data available during downtrend wait for BNB/USDT
2024-08-07 09:16:44,180 - ERROR - Error in calculate_indicators for MATIC/USDT: binance GET https://api.binance.com/api/v3/klines?interval=15m&limit=1000&symbol=MATICUSDT
2024-08-07 09:16:44,182 - ERROR - No data available during downtrend wait for MATIC/USDT
2024-08-07 09:16:44,592 - ERROR - Error in calculate_indicators for BNB/USDT: binance GET https://dapi.binance.com/dapi/v1/exchangeInfo
2024-08-07 09:16:44,595 - ERROR - No data available during downtrend wait for BNB/USDT
2024-08-07 09:16:44,611 - ERROR - Error in calculate_indicators for ADA/USDT: binance GET https://dapi.binance.com/dapi/v1/exchangeInfo
2024-08-07 09:16:44,612 - ERROR - No data available during downtrend wait for ADA/USDT
2024-08-07 09:16:44,625 - ERROR - Error in calculate_indicators for ETH/USDT: binance GET https://fapi.binance.com/fapi/v1/exchangeInfo
2024-08-07 09:16:44,626 - ERROR - No data available during downtrend wait for ETH/USDT
2024-08-07 09:16:44,634 - ERROR - Error in calculate_indicators for BTC/USDT: binance GET https://fapi.binance.com/fapi/v1/exchangeInfo
2024-08-07 09:16:44,634 - ERROR - No data available during downtrend wait for BTC/USDT
2024-08-07 09:49:37,215 - ERROR - Error in calculate_indicators for BTC/USDT: binance GET https://fapi.binance.com/fapi/v1/exchangeInfo
2024-08-07 09:49:37,216 - ERROR - No data available during downtrend wait for BTC/USDT
2024-08-08 17:56:12,793 - ERROR - EMA Crossover script down!
Error message: column "coin" of relation "signals" does not exist
LINE 1: INSERT INTO signals (coin, signal, entry_price, indicator) V...
                             ^

2024-08-08 17:56:12,793 - ERROR - EMA Crossover script down!
Error message: column "coin" of relation "signals" does not exist
LINE 1: INSERT INTO signals (coin, signal, entry_price, indicator) V...
                             ^

2024-08-19 11:23:54,985 - ERROR - APIError(code=-2015): Invalid API-key, IP, or permissions for action, request ip: 46.71.33.241
2024-08-20 12:53:14,967 - ERROR - APIError(code=-2027): Exceeded the maximum allowable position at current leverage.
2024-08-20 12:56:12,789 - ERROR - APIError(code=-2027): Exceeded the maximum allowable position at current leverage.
2024-08-20 14:30:21,006 - ERROR - APIError(code=-2027): Exceeded the maximum allowable position at current leverage.
2024-08-20 15:04:59,231 - ERROR - APIError(code=-2027): Exceeded the maximum allowable position at current leverage.
2024-09-05 17:05:50,918 - ERROR - Error in trading loop: APIError(code=-2015): Invalid API-key, IP, or permissions for action, request ip: 46.71.204.15
2024-09-09 08:12:10,164 - ERROR - APIError(code=-2015): Invalid API-key, IP, or permissions for action, request ip: 83.110.154.240
2024-09-09 08:12:49,041 - ERROR - APIError(code=-1106): Parameter 'timeinforce' sent when not required.
2024-09-09 08:16:32,332 - ERROR - APIError(code=-1111): Precision is over the maximum defined for this asset.
2024-09-09 08:17:51,289 - ERROR - APIError(code=-1111): Precision is over the maximum defined for this asset.
2024-09-09 08:19:46,769 - ERROR - APIError(code=-1111): Precision is over the maximum defined for this asset.
2024-09-09 08:36:08,119 - ERROR - Error in calculate_indicators: HTTPSConnectionPool(host='fapi.binance.com', port=443): Read timed out. (read timeout=10)
2024-09-09 08:53:40,935 - ERROR - HTTPSConnectionPool(host='fapi.binance.com', port=443): Max retries exceeded with url: /fapi/v1/ticker/24hr?symbol=BTCUSDT (Caused by NameResolutionError("<urllib3.connection.HTTPSConnection object at 0x10fda3d90>: Failed to resolve 'fapi.binance.com' ([Errno 8] nodename nor servname provided, or not known)"))
