2023-11-14 22:59:47,741 - INFO - Connecting...
2023-11-14 22:59:47,820 - INFO - Connected! Production DC2 - IPv4
2023-11-14 22:59:47,820 - INFO - NetworkTask started
2023-11-14 22:59:48,197 - INFO - Session initialized: Layer 158
2023-11-14 22:59:48,197 - INFO - Device: CPython 3.11.4 - 5811589868:AAElvx1nnMo5vaPWY-J2tYQ2YGL5TSv158A
2023-11-14 22:59:48,197 - INFO - System: Windows 10 (en)
2023-11-14 22:59:48,197 - INFO - Session started
2023-11-14 22:59:48,197 - INFO - PingTask started
2023-11-14 22:59:48,385 - INFO - Started 16 HandlerTasks
2023-11-14 22:59:48,385 - INFO - Stopped 16 HandlerTasks
2023-11-14 22:59:48,385 - INFO - PingTask stopped
2023-11-14 22:59:48,385 - INFO - Disconnected
2023-11-14 22:59:48,385 - INFO - NetworkTask stopped
2023-11-14 22:59:48,385 - INFO - Session stopped
2023-11-14 22:59:48,418 - INFO - Connecting...
2023-11-14 22:59:48,495 - INFO - Connected! Production DC2 - IPv4
2023-11-14 22:59:48,495 - INFO - NetworkTask started
2023-11-14 22:59:48,888 - INFO - Session initialized: Layer 158
2023-11-14 22:59:48,888 - INFO - Device: CPython 3.11.4 - 5811589868:AAElvx1nnMo5vaPWY-J2tYQ2YGL5TSv158A
2023-11-14 22:59:48,888 - INFO - System: Windows 10 (en)
2023-11-14 22:59:48,888 - INFO - Session started
2023-11-14 22:59:48,888 - INFO - PingTask started
2023-11-14 22:59:49,129 - INFO - Started 16 HandlerTasks
2023-11-14 22:59:51,388 - INFO - Stop signal received (SIGINT). Exiting...
2023-11-14 22:59:51,404 - INFO - Stopped 16 HandlerTasks
2023-11-14 22:59:51,404 - INFO - PingTask stopped
2023-11-14 22:59:51,404 - INFO - Disconnected
2023-11-14 22:59:51,404 - INFO - NetworkTask stopped
2023-11-14 22:59:51,404 - INFO - Session stopped
2023-11-14 23:03:14,154 - INFO - Connecting...
2023-11-14 23:03:14,232 - INFO - Connected! Production DC2 - IPv4
2023-11-14 23:03:14,232 - INFO - NetworkTask started
2023-11-14 23:03:14,625 - INFO - Session initialized: Layer 158
2023-11-14 23:03:14,625 - INFO - Device: CPython 3.11.4 - 5811589868:AAElvx1nnMo5vaPWY-J2tYQ2YGL5TSv158A
2023-11-14 23:03:14,625 - INFO - System: Windows 10 (en)
2023-11-14 23:03:14,625 - INFO - Session started
2023-11-14 23:03:14,625 - INFO - PingTask started
2023-11-14 23:03:14,829 - INFO - Started 16 HandlerTasks
2023-11-14 23:03:14,829 - INFO - Stopped 16 HandlerTasks
2023-11-14 23:03:14,829 - INFO - PingTask stopped
2023-11-14 23:03:14,829 - INFO - Disconnected
2023-11-14 23:03:14,829 - INFO - NetworkTask stopped
2023-11-14 23:03:14,829 - INFO - Session stopped
2023-11-14 23:03:14,860 - INFO - Connecting...
2023-11-14 23:03:14,939 - INFO - Connected! Production DC2 - IPv4
2023-11-14 23:03:14,939 - INFO - NetworkTask started
2023-11-14 23:03:15,379 - INFO - Session initialized: Layer 158
2023-11-14 23:03:15,379 - INFO - Device: CPython 3.11.4 - 5811589868:AAElvx1nnMo5vaPWY-J2tYQ2YGL5TSv158A
2023-11-14 23:03:15,379 - INFO - System: Windows 10 (en)
2023-11-14 23:03:15,379 - INFO - Session started
2023-11-14 23:03:15,379 - INFO - PingTask started
2023-11-14 23:03:15,682 - INFO - Started 16 HandlerTasks
2023-11-14 23:03:16,625 - INFO - Stop signal received (SIGINT). Exiting...
2023-11-14 23:03:16,640 - INFO - Stopped 16 HandlerTasks
2023-11-14 23:03:16,640 - INFO - PingTask stopped
2023-11-14 23:03:16,640 - INFO - Disconnected
2023-11-14 23:03:16,640 - INFO - NetworkTask stopped
2023-11-14 23:03:16,640 - INFO - Session stopped
2023-11-14 23:03:26,705 - INFO - Connecting...
2023-11-14 23:03:26,784 - INFO - Connected! Production DC2 - IPv4
2023-11-14 23:03:26,784 - INFO - NetworkTask started
2023-11-14 23:03:27,177 - INFO - Session initialized: Layer 158
2023-11-14 23:03:27,177 - INFO - Device: CPython 3.11.4 - 5811589868:AAElvx1nnMo5vaPWY-J2tYQ2YGL5TSv158A
2023-11-14 23:03:27,177 - INFO - System: Windows 10 (en)
2023-11-14 23:03:27,177 - INFO - Session started
2023-11-14 23:03:27,177 - INFO - PingTask started
2023-11-14 23:03:27,381 - INFO - Started 16 HandlerTasks
2023-11-14 23:03:27,381 - INFO - Stopped 16 HandlerTasks
2023-11-14 23:03:27,381 - INFO - PingTask stopped
2023-11-14 23:03:27,381 - INFO - Disconnected
2023-11-14 23:03:27,381 - INFO - NetworkTask stopped
2023-11-14 23:03:27,381 - INFO - Session stopped
2023-11-14 23:03:27,412 - INFO - Connecting...
2023-11-14 23:03:27,476 - INFO - Connected! Production DC2 - IPv4
2023-11-14 23:03:27,476 - INFO - NetworkTask started
2023-11-14 23:03:27,825 - INFO - Session initialized: Layer 158
2023-11-14 23:03:27,825 - INFO - Device: CPython 3.11.4 - 5811589868:AAElvx1nnMo5vaPWY-J2tYQ2YGL5TSv158A
2023-11-14 23:03:27,825 - INFO - System: Windows 10 (en)
2023-11-14 23:03:27,825 - INFO - Session started
2023-11-14 23:03:27,825 - INFO - PingTask started
2023-11-14 23:03:28,031 - INFO - Started 16 HandlerTasks
2023-11-14 23:03:52,507 - INFO - ETHUSDT price doesnt changed enough! Current price: 1982.5
2023-11-14 23:04:10,738 - INFO - ETHUSDT price doesnt changed enough! Current price: 1982.1
2023-11-14 23:04:28,969 - INFO - ETHUSDT price doesnt changed enough! Current price: 1981.5
2023-11-14 23:04:47,223 - INFO - ETHUSDT price doesnt changed enough! Current price: 1982.0
2023-11-14 23:05:05,428 - INFO - ETHUSDT price doesnt changed enough! Current price: 1982.0
2023-11-14 23:05:23,676 - INFO - ETHUSDT price doesnt changed enough! Current price: 1982.3
2023-11-14 23:05:41,908 - INFO - ETHUSDT price doesnt changed enough! Current price: 1982.6
2023-11-14 23:06:00,201 - INFO - ETHUSDT price doesnt changed enough! Current price: 1982.9
2023-11-14 23:06:18,429 - INFO - ETHUSDT price doesnt changed enough! Current price: 1983.2
2023-11-14 23:06:36,666 - INFO - ETHUSDT price doesnt changed enough! Current price: 1983.1
2023-11-14 23:06:55,380 - INFO - ETHUSDT price doesnt changed enough! Current price: 1982.7
2023-11-14 23:07:13,598 - INFO - ETHUSDT price doesnt changed enough! Current price: 1982.8
2023-11-14 23:07:31,897 - INFO - ETHUSDT price doesnt changed enough! Current price: 1983.0
2023-11-14 23:07:50,199 - INFO - ETHUSDT price doesnt changed enough! Current price: 1982.4
2023-11-14 23:08:08,482 - INFO - ETHUSDT price doesnt changed enough! Current price: 1982.2
2023-11-14 23:08:26,728 - INFO - ETHUSDT price doesnt changed enough! Current price: 1982.3
2023-11-14 23:08:45,012 - INFO - ETHUSDT price doesnt changed enough! Current price: 1982.0
2023-11-14 23:09:03,253 - INFO - ETHUSDT price doesnt changed enough! Current price: 1982.7
2023-11-14 23:09:21,993 - INFO - ETHUSDT price doesnt changed enough! Current price: 1983.1
2023-11-14 23:09:40,690 - INFO - ETHUSDT price doesnt changed enough! Current price: 1983.1
2023-11-14 23:09:58,932 - INFO - ETHUSDT price doesnt changed enough! Current price: 1983.1
2023-11-14 23:10:17,661 - INFO - ETHUSDT price doesnt changed enough! Current price: 1983.5
2023-11-14 23:10:35,928 - INFO - ETHUSDT price doesnt changed enough! Current price: 1983.6
2023-11-14 23:10:54,186 - INFO - ETHUSDT price doesnt changed enough! Current price: 1983.6
2023-11-14 23:11:12,464 - INFO - ETHUSDT price doesnt changed enough! Current price: 1983.7
2023-11-14 23:11:30,710 - INFO - ETHUSDT price doesnt changed enough! Current price: 1983.7
2023-11-14 23:11:48,977 - INFO - ETHUSDT price doesnt changed enough! Current price: 1983.5
2023-11-14 23:12:07,288 - INFO - ETHUSDT price doesnt changed enough! Current price: 1983.3
2023-11-14 23:12:25,567 - INFO - ETHUSDT price doesnt changed enough! Current price: 1983.2
2023-11-14 23:12:43,794 - INFO - ETHUSDT price doesnt changed enough! Current price: 1983.7
2023-11-14 23:13:02,511 - INFO - ETHUSDT price doesnt changed enough! Current price: 1984.0
2023-11-14 23:13:20,800 - INFO - ETHUSDT price doesnt changed enough! Current price: 1983.9
2023-11-14 23:13:40,108 - INFO - ETHUSDT price doesnt changed enough! Current price: 1983.7
2023-11-14 23:13:58,325 - INFO - ETHUSDT price doesnt changed enough! Current price: 1983.7
2023-11-14 23:14:16,580 - INFO - ETHUSDT price doesnt changed enough! Current price: 1983.5
2023-11-14 23:14:35,316 - INFO - ETHUSDT price doesnt changed enough! Current price: 1983.4
2023-11-14 23:14:53,604 - INFO - ETHUSDT price doesnt changed enough! Current price: 1983.6
2023-11-14 23:15:11,851 - INFO - ETHUSDT price doesnt changed enough! Current price: 1983.8
2023-11-14 23:15:30,137 - INFO - ETHUSDT price doesnt changed enough! Current price: 1983.8
2023-11-14 23:15:48,475 - INFO - ETHUSDT price doesnt changed enough! Current price: 1983.4
2023-11-14 23:16:06,743 - INFO - ETHUSDT price doesnt changed enough! Current price: 1983.6
2023-11-14 23:16:25,108 - INFO - ETHUSDT price doesnt changed enough! Current price: 1983.8
2023-11-14 23:16:43,360 - INFO - ETHUSDT price doesnt changed enough! Current price: 1983.8
2023-11-14 23:17:01,605 - INFO - ETHUSDT price doesnt changed enough! Current price: 1984.1
2023-11-14 23:17:19,857 - INFO - ETHUSDT price doesnt changed enough! Current price: 1984.0
2023-11-14 23:17:38,113 - INFO - ETHUSDT price doesnt changed enough! Current price: 1984.2
2023-11-14 23:17:56,374 - INFO - ETHUSDT price doesnt changed enough! Current price: 1984.2
2023-11-14 23:18:14,702 - INFO - ETHUSDT price doesnt changed enough! Current price: 1984.2
2023-11-14 23:18:32,978 - INFO - ETHUSDT price doesnt changed enough! Current price: 1984.5
2023-11-14 23:18:51,238 - INFO - ETHUSDT price doesnt changed enough! Current price: 1983.8
2023-11-14 23:19:09,476 - INFO - ETHUSDT price doesnt changed enough! Current price: 1983.0
2023-11-14 23:19:27,703 - INFO - ETHUSDT price doesnt changed enough! Current price: 1982.0
2023-11-14 23:19:45,943 - INFO - ETHUSDT price doesnt changed enough! Current price: 1982.1
2023-11-14 23:20:04,178 - INFO - ETHUSDT price doesnt changed enough! Current price: 1981.6
2023-11-14 23:20:22,908 - INFO - ETHUSDT price doesnt changed enough! Current price: 1981.5
2023-11-14 23:20:41,162 - INFO - ETHUSDT price doesnt changed enough! Current price: 1981.7
2023-11-14 23:20:59,404 - INFO - ETHUSDT price doesnt changed enough! Current price: 1981.0
2023-11-14 23:21:17,677 - INFO - ETHUSDT price doesnt changed enough! Current price: 1980.0
2023-11-14 23:21:35,921 - INFO - ETHUSDT price doesnt changed enough! Current price: 1980.8
2023-11-14 23:21:54,226 - INFO - ETHUSDT price doesnt changed enough! Current price: 1980.8
2023-11-14 23:22:12,489 - INFO - ETHUSDT price doesnt changed enough! Current price: 1980.1
2023-11-14 23:22:30,745 - INFO - ETHUSDT price doesnt changed enough! Current price: 1980.2
2023-11-14 23:22:49,423 - INFO - ETHUSDT price doesnt changed enough! Current price: 1980.4
2023-11-14 23:23:07,632 - INFO - ETHUSDT price doesnt changed enough! Current price: 1980.5
2023-11-14 23:23:26,386 - INFO - ETHUSDT price doesnt changed enough! Current price: 1980.7
2023-11-14 23:23:45,816 - INFO - ETHUSDT price doesnt changed enough! Current price: 1980.7
2023-11-14 23:24:04,108 - INFO - ETHUSDT price doesnt changed enough! Current price: 1981.3
2023-11-14 23:24:22,352 - INFO - ETHUSDT price doesnt changed enough! Current price: 1981.5
2023-11-14 23:24:40,628 - INFO - ETHUSDT price doesnt changed enough! Current price: 1981.5
2023-11-14 23:24:58,908 - INFO - ETHUSDT price doesnt changed enough! Current price: 1981.6
2023-11-14 23:25:17,197 - INFO - ETHUSDT price doesnt changed enough! Current price: 1981.9
2023-11-14 23:25:35,455 - INFO - ETHUSDT price doesnt changed enough! Current price: 1982.9
2023-11-14 23:25:53,656 - INFO - ETHUSDT price doesnt changed enough! Current price: 1983.0
2023-11-14 23:26:12,347 - INFO - ETHUSDT price doesnt changed enough! Current price: 1983.3
2023-11-14 23:26:31,301 - INFO - ETHUSDT price doesnt changed enough! Current price: 1983.4
2023-11-14 23:26:50,561 - INFO - ETHUSDT price doesnt changed enough! Current price: 1983.4
2023-11-14 23:27:11,863 - INFO - ETHUSDT price doesnt changed enough! Current price: 1983.0
2023-11-14 23:27:30,624 - INFO - ETHUSDT price doesnt changed enough! Current price: 1983.3
2023-11-14 23:27:48,868 - INFO - ETHUSDT price doesnt changed enough! Current price: 1983.4
2023-11-14 23:28:07,109 - INFO - ETHUSDT price doesnt changed enough! Current price: 1983.4
2023-11-14 23:28:25,368 - INFO - ETHUSDT price doesnt changed enough! Current price: 1981.9
2023-11-14 23:28:43,630 - INFO - ETHUSDT price doesnt changed enough! Current price: 1982.0
2023-11-14 23:29:01,890 - INFO - ETHUSDT price doesnt changed enough! Current price: 1981.8
2023-11-14 23:29:20,095 - INFO - ETHUSDT price doesnt changed enough! Current price: 1982.6
2023-11-14 23:29:38,350 - INFO - ETHUSDT price doesnt changed enough! Current price: 1982.3
2023-11-14 23:29:57,091 - INFO - ETHUSDT price doesnt changed enough! Current price: 1982.9
2023-11-14 23:30:15,383 - INFO - ETHUSDT price doesnt changed enough! Current price: 1983.8
2023-11-14 23:30:34,698 - INFO - ETHUSDT price doesnt changed enough! Current price: 1983.9
2023-11-14 23:30:52,982 - INFO - ETHUSDT price doesnt changed enough! Current price: 1984.2
2023-11-14 23:31:11,229 - INFO - ETHUSDT price doesnt changed enough! Current price: 1984.3
2023-11-14 23:31:29,483 - INFO - ETHUSDT price doesnt changed enough! Current price: 1984.5
2023-11-14 23:31:47,709 - INFO - ETHUSDT price doesnt changed enough! Current price: 1984.5
2023-11-14 23:32:05,959 - INFO - ETHUSDT price doesnt changed enough! Current price: 1984.9
2023-11-14 23:32:24,249 - INFO - ETHUSDT price doesnt changed enough! Current price: 1985.2
2023-11-14 23:32:42,741 - INFO - ETHUSDT price doesnt changed enough! Current price: 1985.3
2023-11-14 23:33:01,117 - INFO - ETHUSDT price doesnt changed enough! Current price: 1985.2
2023-11-14 23:33:19,870 - INFO - ETHUSDT price doesnt changed enough! Current price: 1984.4
2023-11-14 23:33:38,112 - INFO - ETHUSDT price doesnt changed enough! Current price: 1984.6
2023-11-14 23:33:56,412 - INFO - ETHUSDT goes up for more than 1$
 Buying ETHUSDT for 1982.7$
2023-11-14 23:33:58,322 - ERROR - APIError(code=-2015): Invalid API-key, IP, or permissions for action, request ip: 37.186.126.60
Traceback (most recent call last):
  File "C:\Users\admin\AppData\Local\Programs\Python\Python311\Lib\site-packages\pyrogram\dispatcher.py", line 240, in handler_worker
    await handler.callback(self.client, *args)
  File "C:\Users\admin\Desktop\binance_bot\main.py", line 69, in start_handler
    bitcoin_ticker.create_order(side='short')
  File "C:\Users\admin\Desktop\binance_bot\core\bitcoin_ticker.py", line 94, in create_order
    balance = get_account_balance(client)
              ^^^^^^^^^^^^^^^^^^^^^^^^^^^
  File "C:\Users\admin\Desktop\binance_bot\core\bitcoin_ticker.py", line 78, in get_account_balance
    account_info = client.futures_account()
                   ^^^^^^^^^^^^^^^^^^^^^^^^
  File "C:\Users\admin\AppData\Local\Programs\Python\Python311\Lib\site-packages\binance\client.py", line 6582, in futures_account
    return self._request_futures_api('get', 'account', True, 2, data=params)
           ^^^^^^^^^^^^^^^^^^^^^^^^^^^^^^^^^^^^^^^^^^^^^^^^^^^^^^^^^^^^^^^^^
  File "C:\Users\admin\AppData\Local\Programs\Python\Python311\Lib\site-packages\binance\client.py", line 383, in _request_futures_api
    return self._request(method, uri, signed, True, **kwargs)
           ^^^^^^^^^^^^^^^^^^^^^^^^^^^^^^^^^^^^^^^^^^^^^^^^^^
  File "C:\Users\admin\AppData\Local\Programs\Python\Python311\Lib\site-packages\binance\client.py", line 359, in _request
    return self._handle_response(self.response)
           ^^^^^^^^^^^^^^^^^^^^^^^^^^^^^^^^^^^^
  File "C:\Users\admin\AppData\Local\Programs\Python\Python311\Lib\site-packages\binance\client.py", line 368, in _handle_response
    raise BinanceAPIException(response, response.status_code, response.text)
binance.exceptions.BinanceAPIException: APIError(code=-2015): Invalid API-key, IP, or permissions for action, request ip: 37.186.126.60
2023-11-14 23:33:58,322 - INFO - NetworkTask stopped
2023-11-14 23:33:58,322 - INFO - PingTask stopped
2023-11-14 23:33:58,322 - INFO - Disconnected
2023-11-14 23:33:58,322 - INFO - Session stopped
2023-11-14 23:33:58,322 - INFO - Connecting...
2023-11-14 23:33:58,407 - INFO - Connected! Production DC2 - IPv4
2023-11-14 23:33:58,407 - INFO - NetworkTask started
2023-11-14 23:33:58,705 - INFO - Session initialized: Layer 158
2023-11-14 23:33:58,705 - INFO - Device: CPython 3.11.4 - 5811589868:AAElvx1nnMo5vaPWY-J2tYQ2YGL5TSv158A
2023-11-14 23:33:58,705 - INFO - System: Windows 10 (en)
2023-11-14 23:33:58,705 - INFO - Session started
2023-11-14 23:33:58,705 - INFO - PingTask started
2023-11-14 23:34:13,331 - INFO - [1] Retrying "updates.GetState" due to: Request timed out
2023-11-15 00:48:26,143 - INFO - NetworkTask stopped
2023-11-15 00:48:26,143 - INFO - PingTask stopped
2023-11-15 00:48:26,143 - INFO - Disconnected
2023-11-15 00:48:26,143 - INFO - Session stopped
2023-11-15 00:48:26,143 - INFO - Connecting...
2023-11-15 00:48:26,221 - INFO - Connected! Production DC2 - IPv4
2023-11-15 00:48:26,221 - INFO - NetworkTask started
2023-11-15 00:48:26,582 - INFO - Session initialized: Layer 158
2023-11-15 00:48:26,582 - INFO - Device: CPython 3.11.4 - 5811589868:AAElvx1nnMo5vaPWY-J2tYQ2YGL5TSv158A
2023-11-15 00:48:26,582 - INFO - System: Windows 10 (en)
2023-11-15 00:48:26,582 - INFO - Session started
2023-11-15 00:48:26,582 - INFO - PingTask started
2023-11-15 01:48:27,793 - INFO - NetworkTask stopped
2023-11-15 01:48:27,793 - INFO - PingTask stopped
2023-11-15 01:48:27,799 - INFO - Disconnected
2023-11-15 01:48:27,799 - INFO - Session stopped
2023-11-15 01:48:27,799 - INFO - Connecting...
2023-11-15 01:48:27,862 - INFO - Connected! Production DC2 - IPv4
2023-11-15 01:48:27,862 - INFO - NetworkTask started
2023-11-15 01:48:28,240 - INFO - Session initialized: Layer 158
2023-11-15 01:48:28,240 - INFO - Device: CPython 3.11.4 - 5811589868:AAElvx1nnMo5vaPWY-J2tYQ2YGL5TSv158A
2023-11-15 01:48:28,240 - INFO - System: Windows 10 (en)
2023-11-15 01:48:28,240 - INFO - Session started
2023-11-15 01:48:28,240 - INFO - PingTask started
2023-11-15 02:16:19,946 - INFO - NetworkTask stopped
2023-11-15 02:16:19,946 - INFO - Send exception: ConnectionResetError [WinError 64] The specified network name is no longer available
2023-11-15 02:16:19,946 - INFO - PingTask stopped
2023-11-15 02:16:19,946 - INFO - Close exception: ConnectionResetError [WinError 64] The specified network name is no longer available
2023-11-15 02:16:19,946 - INFO - Disconnected
2023-11-15 02:16:19,946 - INFO - Session stopped
2023-11-15 02:16:19,946 - INFO - Connecting...
2023-11-15 02:16:20,022 - INFO - Connected! Production DC2 - IPv4
2023-11-15 02:16:20,022 - INFO - NetworkTask started
2023-11-15 02:16:20,310 - INFO - Session initialized: Layer 158
2023-11-15 02:16:20,310 - INFO - Device: CPython 3.11.4 - 5811589868:AAElvx1nnMo5vaPWY-J2tYQ2YGL5TSv158A
2023-11-15 02:16:20,310 - INFO - System: Windows 10 (en)
2023-11-15 02:16:20,310 - INFO - Session started
2023-11-15 02:16:20,310 - INFO - PingTask started
2023-11-15 02:48:28,292 - INFO - NetworkTask stopped
2023-11-15 02:48:28,292 - INFO - PingTask stopped
2023-11-15 02:48:28,292 - INFO - Disconnected
2023-11-15 02:48:28,292 - INFO - Session stopped
2023-11-15 02:48:28,292 - INFO - Connecting...
2023-11-15 02:48:28,370 - INFO - Connected! Production DC2 - IPv4
2023-11-15 02:48:28,370 - INFO - NetworkTask started
2023-11-15 02:48:28,819 - INFO - Session initialized: Layer 158
2023-11-15 02:48:28,819 - INFO - Device: CPython 3.11.4 - 5811589868:AAElvx1nnMo5vaPWY-J2tYQ2YGL5TSv158A
2023-11-15 02:48:28,819 - INFO - System: Windows 10 (en)
2023-11-15 02:48:28,819 - INFO - Session started
2023-11-15 02:48:28,819 - INFO - PingTask started
2023-11-15 03:33:33,928 - INFO - Stop signal received (SIGINT). Exiting...
2023-11-15 03:33:33,928 - INFO - Stopped 16 HandlerTasks
2023-11-15 03:33:33,928 - INFO - PingTask stopped
2023-11-15 03:33:33,928 - INFO - Disconnected
2023-11-15 03:33:33,928 - INFO - NetworkTask stopped
2023-11-15 03:33:33,928 - INFO - Session stopped
2023-11-15 03:33:37,328 - INFO - Connecting...
2023-11-15 03:33:37,413 - INFO - Connected! Production DC2 - IPv4
2023-11-15 03:33:37,418 - INFO - NetworkTask started
2023-11-15 03:33:37,865 - INFO - Session initialized: Layer 158
2023-11-15 03:33:37,865 - INFO - Device: CPython 3.11.4 - 5811589868:AAElvx1nnMo5vaPWY-J2tYQ2YGL5TSv158A
2023-11-15 03:33:37,865 - INFO - System: Windows 10 (en)
2023-11-15 03:33:37,865 - INFO - Session started
2023-11-15 03:33:37,865 - INFO - PingTask started
2023-11-15 03:33:38,271 - INFO - Started 16 HandlerTasks
2023-11-15 03:33:38,292 - INFO - Stopped 16 HandlerTasks
2023-11-15 03:33:38,292 - INFO - PingTask stopped
2023-11-15 03:33:38,292 - INFO - Disconnected
2023-11-15 03:33:38,292 - INFO - NetworkTask stopped
2023-11-15 03:33:38,292 - INFO - Session stopped
2023-11-15 03:33:38,324 - INFO - Connecting...
2023-11-15 03:33:38,404 - INFO - Connected! Production DC2 - IPv4
2023-11-15 03:33:38,404 - INFO - NetworkTask started
2023-11-15 03:33:38,861 - INFO - Session initialized: Layer 158
2023-11-15 03:33:38,861 - INFO - Device: CPython 3.11.4 - 5811589868:AAElvx1nnMo5vaPWY-J2tYQ2YGL5TSv158A
2023-11-15 03:33:38,861 - INFO - System: Windows 10 (en)
2023-11-15 03:33:38,861 - INFO - Session started
2023-11-15 03:33:38,863 - INFO - PingTask started
2023-11-15 03:33:39,256 - INFO - Started 16 HandlerTasks
2023-11-15 03:33:51,038 - INFO - Stop signal received (SIGINT). Exiting...
2023-11-15 03:33:51,260 - INFO - Stop signal received (SIGINT). Exiting...
2023-11-15 03:33:51,443 - INFO - Stop signal received (SIGINT). Exiting...
2023-11-15 03:33:52,010 - INFO - Stop signal received (SIGINT). Exiting...
2023-11-15 03:33:52,594 - INFO - Stop signal received (SIGINT). Exiting...
2023-11-15 03:33:52,810 - INFO - Stop signal received (SIGINT). Exiting...
2023-11-15 03:35:04,096 - INFO - Connecting...
2023-11-15 03:35:04,175 - INFO - Connected! Production DC2 - IPv4
2023-11-15 03:35:04,175 - INFO - NetworkTask started
2023-11-15 03:35:04,537 - INFO - Session initialized: Layer 158
2023-11-15 03:35:04,537 - INFO - Device: CPython 3.11.4 - 5811589868:AAElvx1nnMo5vaPWY-J2tYQ2YGL5TSv158A
2023-11-15 03:35:04,537 - INFO - System: Windows 10 (en)
2023-11-15 03:35:04,537 - INFO - Session started
2023-11-15 03:35:04,537 - INFO - PingTask started
2023-11-15 03:35:04,757 - INFO - Started 16 HandlerTasks
2023-11-15 03:35:04,772 - INFO - Stopped 16 HandlerTasks
2023-11-15 03:35:04,772 - INFO - PingTask stopped
2023-11-15 03:35:04,772 - INFO - Disconnected
2023-11-15 03:35:04,772 - INFO - NetworkTask stopped
2023-11-15 03:35:04,772 - INFO - Session stopped
2023-11-15 03:35:04,788 - INFO - Connecting...
2023-11-15 03:35:04,866 - INFO - Connected! Production DC2 - IPv4
2023-11-15 03:35:04,866 - INFO - NetworkTask started
2023-11-15 03:35:05,275 - INFO - Session initialized: Layer 158
2023-11-15 03:35:05,275 - INFO - Device: CPython 3.11.4 - 5811589868:AAElvx1nnMo5vaPWY-J2tYQ2YGL5TSv158A
2023-11-15 03:35:05,275 - INFO - System: Windows 10 (en)
2023-11-15 03:35:05,275 - INFO - Session started
2023-11-15 03:35:05,275 - INFO - PingTask started
2023-11-15 03:35:05,485 - INFO - Started 16 HandlerTasks
2023-11-15 03:35:09,319 - ERROR - 'markPrice'
Traceback (most recent call last):
  File "C:\Users\admin\AppData\Local\Programs\Python\Python311\Lib\site-packages\pyrogram\dispatcher.py", line 240, in handler_worker
    await handler.callback(self.client, *args)
  File "C:\Users\admin\Desktop\binance_bot\main.py", line 45, in start_handler
    btc_price_change, opened_price = make_trades.check_price_changes()
                                     ^^^^^^^^^^^^^^^^^^^^^^^^^^^^^^^^^
  File "C:\Users\admin\Desktop\binance_bot\core\make_trades.py", line 30, in check_price_changes
    btc_current = btc_current_class.get_live_price()
                  ^^^^^^^^^^^^^^^^^^^^^^^^^^^^^^^^^^
  File "C:\Users\admin\Desktop\binance_bot\core\bitcoin_ticker.py", line 39, in get_live_price
    self.btc_current_price = ticker['markPrice']
                             ~~~~~~^^^^^^^^^^^^^
KeyError: 'markPrice'
2023-11-15 03:35:19,810 - ERROR - 'markPrice'
Traceback (most recent call last):
  File "C:\Users\admin\AppData\Local\Programs\Python\Python311\Lib\site-packages\pyrogram\dispatcher.py", line 240, in handler_worker
    await handler.callback(self.client, *args)
  File "C:\Users\admin\Desktop\binance_bot\main.py", line 45, in start_handler
    btc_price_change, opened_price = make_trades.check_price_changes()
                                     ^^^^^^^^^^^^^^^^^^^^^^^^^^^^^^^^^
  File "C:\Users\admin\Desktop\binance_bot\core\make_trades.py", line 30, in check_price_changes
    btc_current = btc_current_class.get_live_price()
                  ^^^^^^^^^^^^^^^^^^^^^^^^^^^^^^^^^^
  File "C:\Users\admin\Desktop\binance_bot\core\bitcoin_ticker.py", line 39, in get_live_price
    self.btc_current_price = ticker['markPrice']
                             ~~~~~~^^^^^^^^^^^^^
KeyError: 'markPrice'
2023-11-15 03:35:52,944 - INFO - Stop signal received (SIGINT). Exiting...
2023-11-15 03:35:52,959 - INFO - Stopped 16 HandlerTasks
2023-11-15 03:35:52,959 - INFO - PingTask stopped
2023-11-15 03:35:52,959 - INFO - Disconnected
2023-11-15 03:35:52,959 - INFO - NetworkTask stopped
2023-11-15 03:35:52,959 - INFO - Session stopped
2023-11-15 03:35:56,947 - INFO - Connecting...
2023-11-15 03:35:57,025 - INFO - Connected! Production DC2 - IPv4
2023-11-15 03:35:57,025 - INFO - NetworkTask started
2023-11-15 03:35:57,466 - INFO - Session initialized: Layer 158
2023-11-15 03:35:57,466 - INFO - Device: CPython 3.11.4 - 5811589868:AAElvx1nnMo5vaPWY-J2tYQ2YGL5TSv158A
2023-11-15 03:35:57,466 - INFO - System: Windows 10 (en)
2023-11-15 03:35:57,466 - INFO - Session started
2023-11-15 03:35:57,481 - INFO - PingTask started
2023-11-15 03:35:57,879 - INFO - Started 16 HandlerTasks
2023-11-15 03:35:57,894 - INFO - Stopped 16 HandlerTasks
2023-11-15 03:35:57,894 - INFO - PingTask stopped
2023-11-15 03:35:57,894 - INFO - Disconnected
2023-11-15 03:35:57,894 - INFO - NetworkTask stopped
2023-11-15 03:35:57,894 - INFO - Session stopped
2023-11-15 03:35:57,910 - INFO - Connecting...
2023-11-15 03:35:57,988 - INFO - Connected! Production DC2 - IPv4
2023-11-15 03:35:57,988 - INFO - NetworkTask started
2023-11-15 03:35:58,429 - INFO - Session initialized: Layer 158
2023-11-15 03:35:58,429 - INFO - Device: CPython 3.11.4 - 5811589868:AAElvx1nnMo5vaPWY-J2tYQ2YGL5TSv158A
2023-11-15 03:35:58,429 - INFO - System: Windows 10 (en)
2023-11-15 03:35:58,429 - INFO - Session started
2023-11-15 03:35:58,444 - INFO - PingTask started
2023-11-15 03:35:58,695 - INFO - Started 16 HandlerTasks
2023-11-15 03:36:17,680 - INFO - ETHUSDT goes up for more than 1$
 Buying ETHUSDT for 2013.0$
2023-11-15 03:36:19,603 - ERROR - APIError(code=-2015): Invalid API-key, IP, or permissions for action, request ip: 37.186.126.60
Traceback (most recent call last):
  File "C:\Users\admin\AppData\Local\Programs\Python\Python311\Lib\site-packages\pyrogram\dispatcher.py", line 240, in handler_worker
    await handler.callback(self.client, *args)
  File "C:\Users\admin\Desktop\binance_bot\main.py", line 47, in start_handler
    bitcoin_ticker.create_order(side='long')
  File "C:\Users\admin\Desktop\binance_bot\core\bitcoin_ticker.py", line 94, in create_order
    balance = get_account_balance(client)
              ^^^^^^^^^^^^^^^^^^^^^^^^^^^
  File "C:\Users\admin\Desktop\binance_bot\core\bitcoin_ticker.py", line 78, in get_account_balance
    account_info = client.futures_account()
                   ^^^^^^^^^^^^^^^^^^^^^^^^
  File "C:\Users\admin\AppData\Local\Programs\Python\Python311\Lib\site-packages\binance\client.py", line 6582, in futures_account
    return self._request_futures_api('get', 'account', True, 2, data=params)
           ^^^^^^^^^^^^^^^^^^^^^^^^^^^^^^^^^^^^^^^^^^^^^^^^^^^^^^^^^^^^^^^^^
  File "C:\Users\admin\AppData\Local\Programs\Python\Python311\Lib\site-packages\binance\client.py", line 383, in _request_futures_api
    return self._request(method, uri, signed, True, **kwargs)
           ^^^^^^^^^^^^^^^^^^^^^^^^^^^^^^^^^^^^^^^^^^^^^^^^^^
  File "C:\Users\admin\AppData\Local\Programs\Python\Python311\Lib\site-packages\binance\client.py", line 359, in _request
    return self._handle_response(self.response)
           ^^^^^^^^^^^^^^^^^^^^^^^^^^^^^^^^^^^^
  File "C:\Users\admin\AppData\Local\Programs\Python\Python311\Lib\site-packages\binance\client.py", line 368, in _handle_response
    raise BinanceAPIException(response, response.status_code, response.text)
binance.exceptions.BinanceAPIException: APIError(code=-2015): Invalid API-key, IP, or permissions for action, request ip: 37.186.126.60
2023-11-15 03:37:03,931 - INFO - Stop signal received (SIGINT). Exiting...
2023-11-15 03:37:03,931 - INFO - Stopped 16 HandlerTasks
2023-11-15 03:37:03,931 - INFO - PingTask stopped
2023-11-15 03:37:03,931 - INFO - Disconnected
2023-11-15 03:37:03,931 - INFO - NetworkTask stopped
2023-11-15 03:37:03,931 - INFO - Session stopped
2023-11-15 03:37:11,712 - INFO - Connecting...
2023-11-15 03:37:11,791 - INFO - Connected! Production DC2 - IPv4
2023-11-15 03:37:11,791 - INFO - NetworkTask started
2023-11-15 03:37:12,145 - INFO - Session initialized: Layer 158
2023-11-15 03:37:12,145 - INFO - Device: CPython 3.11.4 - 5811589868:AAElvx1nnMo5vaPWY-J2tYQ2YGL5TSv158A
2023-11-15 03:37:12,145 - INFO - System: Windows 10 (en)
2023-11-15 03:37:12,145 - INFO - Session started
2023-11-15 03:37:12,152 - INFO - PingTask started
2023-11-15 03:37:12,324 - INFO - Started 16 HandlerTasks
2023-11-15 03:37:12,340 - INFO - Stopped 16 HandlerTasks
2023-11-15 03:37:12,340 - INFO - PingTask stopped
2023-11-15 03:37:12,340 - INFO - Disconnected
2023-11-15 03:37:12,340 - INFO - NetworkTask stopped
2023-11-15 03:37:12,340 - INFO - Session stopped
2023-11-15 03:37:12,356 - INFO - Connecting...
2023-11-15 03:37:12,434 - INFO - Connected! Production DC2 - IPv4
2023-11-15 03:37:12,434 - INFO - NetworkTask started
2023-11-15 03:37:12,842 - INFO - Session initialized: Layer 158
2023-11-15 03:37:12,842 - INFO - Device: CPython 3.11.4 - 5811589868:AAElvx1nnMo5vaPWY-J2tYQ2YGL5TSv158A
2023-11-15 03:37:12,842 - INFO - System: Windows 10 (en)
2023-11-15 03:37:12,842 - INFO - Session started
2023-11-15 03:37:12,846 - INFO - PingTask started
2023-11-15 03:37:13,147 - INFO - Started 16 HandlerTasks
2023-11-15 03:37:32,355 - INFO - ETHUSDT price doesnt changed enough! Current price: 2014.6
2023-11-15 03:37:50,618 - INFO - ETHUSDT price doesnt changed enough! Current price: 2014.1
2023-11-15 03:38:08,840 - INFO - ETHUSDT price doesnt changed enough! Current price: 2013.9
2023-11-15 03:38:27,104 - INFO - ETHUSDT price doesnt changed enough! Current price: 2013.4
2023-11-15 03:38:45,313 - INFO - ETHUSDT price doesnt changed enough! Current price: 2014.1
2023-11-15 03:39:04,098 - INFO - ETHUSDT price doesnt changed enough! Current price: 2014.7
2023-11-15 03:39:22,361 - INFO - ETHUSDT price doesnt changed enough! Current price: 2014.8
2023-11-15 03:39:40,561 - INFO - ETHUSDT price doesnt changed enough! Current price: 2014.4
2023-11-15 03:39:58,775 - INFO - ETHUSDT price doesnt changed enough! Current price: 2014.7
2023-11-15 03:40:17,024 - INFO - ETHUSDT goes up for more than 1$
 Buying ETHUSDT for 2012.3$
2023-11-15 03:40:18,980 - ERROR - APIError(code=-2015): Invalid API-key, IP, or permissions for action, request ip: 37.186.126.60
Traceback (most recent call last):
  File "C:\Users\admin\AppData\Local\Programs\Python\Python311\Lib\site-packages\pyrogram\dispatcher.py", line 240, in handler_worker
    await handler.callback(self.client, *args)
  File "C:\Users\admin\Desktop\binance_bot\main.py", line 69, in start_handler
    bitcoin_ticker.create_order(side='short')
  File "C:\Users\admin\Desktop\binance_bot\core\bitcoin_ticker.py", line 94, in create_order
    balance = get_account_balance(client)
              ^^^^^^^^^^^^^^^^^^^^^^^^^^^
  File "C:\Users\admin\Desktop\binance_bot\core\bitcoin_ticker.py", line 78, in get_account_balance
    account_info = client.futures_account()
                   ^^^^^^^^^^^^^^^^^^^^^^^^
  File "C:\Users\admin\AppData\Local\Programs\Python\Python311\Lib\site-packages\binance\client.py", line 6582, in futures_account
    return self._request_futures_api('get', 'account', True, 2, data=params)
           ^^^^^^^^^^^^^^^^^^^^^^^^^^^^^^^^^^^^^^^^^^^^^^^^^^^^^^^^^^^^^^^^^
  File "C:\Users\admin\AppData\Local\Programs\Python\Python311\Lib\site-packages\binance\client.py", line 383, in _request_futures_api
    return self._request(method, uri, signed, True, **kwargs)
           ^^^^^^^^^^^^^^^^^^^^^^^^^^^^^^^^^^^^^^^^^^^^^^^^^^
  File "C:\Users\admin\AppData\Local\Programs\Python\Python311\Lib\site-packages\binance\client.py", line 359, in _request
    return self._handle_response(self.response)
           ^^^^^^^^^^^^^^^^^^^^^^^^^^^^^^^^^^^^
  File "C:\Users\admin\AppData\Local\Programs\Python\Python311\Lib\site-packages\binance\client.py", line 368, in _handle_response
    raise BinanceAPIException(response, response.status_code, response.text)
binance.exceptions.BinanceAPIException: APIError(code=-2015): Invalid API-key, IP, or permissions for action, request ip: 37.186.126.60
2023-11-15 03:42:37,447 - INFO - Stop signal received (SIGINT). Exiting...
2023-11-15 03:42:37,463 - INFO - Stopped 16 HandlerTasks
2023-11-15 03:42:37,463 - INFO - PingTask stopped
2023-11-15 03:42:37,463 - INFO - Disconnected
2023-11-15 03:42:37,463 - INFO - NetworkTask stopped
2023-11-15 03:42:37,463 - INFO - Session stopped
2023-11-15 03:42:40,471 - INFO - Connecting...
2023-11-15 03:42:40,550 - INFO - Connected! Production DC2 - IPv4
2023-11-15 03:42:40,550 - INFO - NetworkTask started
2023-11-15 03:42:40,927 - INFO - Session initialized: Layer 158
2023-11-15 03:42:40,927 - INFO - Device: CPython 3.11.4 - 5811589868:AAElvx1nnMo5vaPWY-J2tYQ2YGL5TSv158A
2023-11-15 03:42:40,927 - INFO - System: Windows 10 (en)
2023-11-15 03:42:40,927 - INFO - Session started
2023-11-15 03:42:40,927 - INFO - PingTask started
2023-11-15 03:42:41,131 - INFO - Started 16 HandlerTasks
2023-11-15 03:42:41,141 - INFO - Stopped 16 HandlerTasks
2023-11-15 03:42:41,141 - INFO - PingTask stopped
2023-11-15 03:42:41,141 - INFO - Disconnected
2023-11-15 03:42:41,141 - INFO - NetworkTask stopped
2023-11-15 03:42:41,141 - INFO - Session stopped
2023-11-15 03:42:41,163 - INFO - Connecting...
2023-11-15 03:42:41,241 - INFO - Connected! Production DC2 - IPv4
2023-11-15 03:42:41,241 - INFO - NetworkTask started
2023-11-15 03:42:41,592 - INFO - Session initialized: Layer 158
2023-11-15 03:42:41,592 - INFO - Device: CPython 3.11.4 - 5811589868:AAElvx1nnMo5vaPWY-J2tYQ2YGL5TSv158A
2023-11-15 03:42:41,592 - INFO - System: Windows 10 (en)
2023-11-15 03:42:41,592 - INFO - Session started
2023-11-15 03:42:41,592 - INFO - PingTask started
2023-11-15 03:42:41,801 - INFO - Started 16 HandlerTasks
2023-11-15 03:43:00,798 - INFO - ETHUSDT price doesnt changed enough! Current price: 2011.4
2023-11-15 03:43:19,076 - INFO - ETHUSDT price doesnt changed enough! Current price: 2012.1
2023-11-15 03:43:37,824 - INFO - ETHUSDT price doesnt changed enough! Current price: 2012.5
2023-11-15 03:43:56,073 - INFO - ETHUSDT price doesnt changed enough! Current price: 2013.0
2023-11-15 03:44:14,296 - INFO - ETHUSDT price doesnt changed enough! Current price: 2013.2
2023-11-15 03:44:32,529 - INFO - ETHUSDT price doesnt changed enough! Current price: 2013.3
2023-11-15 03:44:50,798 - INFO - ETHUSDT price doesnt changed enough! Current price: 2012.5
2023-11-15 03:45:09,045 - INFO - ETHUSDT price doesnt changed enough! Current price: 2013.0
2023-11-15 03:45:27,278 - INFO - ETHUSDT goes up for more than 1$
 Buying ETHUSDT for 2014.5$
2023-11-15 03:45:29,294 - ERROR - APIError(code=-2015): Invalid API-key, IP, or permissions for action, request ip: 37.186.126.60
Traceback (most recent call last):
  File "C:\Users\admin\AppData\Local\Programs\Python\Python311\Lib\site-packages\pyrogram\dispatcher.py", line 240, in handler_worker
    await handler.callback(self.client, *args)
  File "C:\Users\admin\Desktop\binance_bot\main.py", line 47, in start_handler
    bitcoin_ticker.create_order(side='long')
  File "C:\Users\admin\Desktop\binance_bot\core\bitcoin_ticker.py", line 94, in create_order
    balance = get_account_balance(client)
              ^^^^^^^^^^^^^^^^^^^^^^^^^^^
  File "C:\Users\admin\Desktop\binance_bot\core\bitcoin_ticker.py", line 78, in get_account_balance
    account_info = client.futures_account()
                   ^^^^^^^^^^^^^^^^^^^^^^^^
  File "C:\Users\admin\AppData\Local\Programs\Python\Python311\Lib\site-packages\binance\client.py", line 6582, in futures_account
    return self._request_futures_api('get', 'account', True, 2, data=params)
           ^^^^^^^^^^^^^^^^^^^^^^^^^^^^^^^^^^^^^^^^^^^^^^^^^^^^^^^^^^^^^^^^^
  File "C:\Users\admin\AppData\Local\Programs\Python\Python311\Lib\site-packages\binance\client.py", line 383, in _request_futures_api
    return self._request(method, uri, signed, True, **kwargs)
           ^^^^^^^^^^^^^^^^^^^^^^^^^^^^^^^^^^^^^^^^^^^^^^^^^^
  File "C:\Users\admin\AppData\Local\Programs\Python\Python311\Lib\site-packages\binance\client.py", line 359, in _request
    return self._handle_response(self.response)
           ^^^^^^^^^^^^^^^^^^^^^^^^^^^^^^^^^^^^
  File "C:\Users\admin\AppData\Local\Programs\Python\Python311\Lib\site-packages\binance\client.py", line 368, in _handle_response
    raise BinanceAPIException(response, response.status_code, response.text)
binance.exceptions.BinanceAPIException: APIError(code=-2015): Invalid API-key, IP, or permissions for action, request ip: 37.186.126.60
2023-11-15 03:45:41,842 - INFO - Stop signal received (SIGINT). Exiting...
2023-11-15 03:45:41,857 - INFO - Stopped 16 HandlerTasks
2023-11-15 03:45:41,857 - INFO - PingTask stopped
2023-11-15 03:45:41,857 - INFO - Disconnected
2023-11-15 03:45:41,857 - INFO - NetworkTask stopped
2023-11-15 03:45:41,857 - INFO - Session stopped
2023-11-15 03:49:06,963 - INFO - Connecting...
2023-11-15 03:49:07,044 - INFO - Connected! Production DC2 - IPv4
2023-11-15 03:49:07,046 - INFO - NetworkTask started
2023-11-15 03:49:07,405 - INFO - Session initialized: Layer 158
2023-11-15 03:49:07,406 - INFO - Device: CPython 3.11.4 - 5811589868:AAElvx1nnMo5vaPWY-J2tYQ2YGL5TSv158A
2023-11-15 03:49:07,406 - INFO - System: Windows 10 (en)
2023-11-15 03:49:07,406 - INFO - Session started
2023-11-15 03:49:07,408 - INFO - PingTask started
2023-11-15 03:49:07,603 - INFO - Started 16 HandlerTasks
2023-11-15 03:49:07,611 - INFO - Stopped 16 HandlerTasks
2023-11-15 03:49:07,611 - INFO - PingTask stopped
2023-11-15 03:49:07,612 - INFO - Disconnected
2023-11-15 03:49:07,612 - INFO - NetworkTask stopped
2023-11-15 03:49:07,612 - INFO - Session stopped
2023-11-15 03:49:07,635 - INFO - Connecting...
2023-11-15 03:49:07,719 - INFO - Connected! Production DC2 - IPv4
2023-11-15 03:49:07,719 - INFO - NetworkTask started
2023-11-15 03:49:08,108 - INFO - Session initialized: Layer 158
2023-11-15 03:49:08,108 - INFO - Device: CPython 3.11.4 - 5811589868:AAElvx1nnMo5vaPWY-J2tYQ2YGL5TSv158A
2023-11-15 03:49:08,108 - INFO - System: Windows 10 (en)
2023-11-15 03:49:08,108 - INFO - Session started
2023-11-15 03:49:08,113 - INFO - PingTask started
2023-11-15 03:49:08,310 - INFO - Started 16 HandlerTasks
2023-11-15 03:50:45,330 - INFO - ETHUSDT price doesnt changed enough! Current price: 2010.6
2023-11-15 03:51:03,587 - INFO - ETHUSDT price doesnt changed enough! Current price: 2010.0
2023-11-15 03:51:21,856 - INFO - ETHUSDT price doesnt changed enough! Current price: 2010.8
2023-11-15 03:51:40,146 - INFO - ETHUSDT price doesnt changed enough! Current price: 2011.8
2023-11-15 03:51:58,407 - INFO - ETHUSDT price doesnt changed enough! Current price: 2012.5
2023-11-15 03:52:16,632 - INFO - ETHUSDT price doesnt changed enough! Current price: 2013.2
2023-11-15 03:52:34,880 - INFO - ETHUSDT price doesnt changed enough! Current price: 2012.9
2023-11-15 03:52:53,131 - INFO - ETHUSDT price doesnt changed enough! Current price: 2012.6
2023-11-15 03:53:11,412 - INFO - ETHUSDT price doesnt changed enough! Current price: 2010.5
2023-11-15 03:53:29,645 - INFO - ETHUSDT price doesnt changed enough! Current price: 2011.2
2023-11-15 03:53:47,855 - INFO - ETHUSDT price doesnt changed enough! Current price: 2011.1
2023-11-15 03:54:06,155 - INFO - ETHUSDT price doesnt changed enough! Current price: 2011.8
2023-11-15 03:54:24,429 - INFO - ETHUSDT price doesnt changed enough! Current price: 2011.5
2023-11-15 03:54:42,677 - INFO - ETHUSDT price doesnt changed enough! Current price: 2011.5
2023-11-15 03:55:00,911 - INFO - ETHUSDT price doesnt changed enough! Current price: 2011.4
2023-11-15 03:55:19,188 - INFO - ETHUSDT goes up for more than 1$
 Buying ETHUSDT for 2012.7$
2023-11-15 03:55:21,458 - INFO - Buying ETHUSDT for price 2012.7
2023-11-15 03:55:21,459 - INFO - NetworkTask stopped
2023-11-15 03:55:21,462 - INFO - PingTask stopped
2023-11-15 03:55:21,463 - INFO - Disconnected
2023-11-15 03:55:21,463 - INFO - Session stopped
2023-11-15 03:55:21,463 - INFO - Connecting...
2023-11-15 03:55:21,528 - INFO - Connected! Production DC2 - IPv4
2023-11-15 03:55:21,528 - INFO - NetworkTask started
2023-11-15 03:55:21,980 - INFO - Session initialized: Layer 158
2023-11-15 03:55:21,980 - INFO - Device: CPython 3.11.4 - 5811589868:AAElvx1nnMo5vaPWY-J2tYQ2YGL5TSv158A
2023-11-15 03:55:21,980 - INFO - System: Windows 10 (en)
2023-11-15 03:55:21,980 - INFO - Session started
2023-11-15 03:55:21,980 - INFO - PingTask started
2023-11-15 03:55:36,466 - INFO - [1] Retrying "messages.SendMessage" due to: Request timed out
2023-11-15 04:03:04,844 - INFO - Current profit is: 2.5299999999999727
Current checkpoint is: 2.5
2023-11-15 04:26:27,388 - INFO - Current profit is: 3.5299999999999727
Current checkpoint is: 3.5
2023-11-15 04:26:40,443 - INFO - Current profit is: 5.569999999999936
Current checkpoint is: 4.5
2023-11-15 04:26:55,290 - INFO - Current profit is: 4.289999999999964
Current checkpoint is: 3.5
2023-11-15 04:26:55,290 - INFO - Position closed!
Position data
Symbol: ETHUSDT
Entry Price: 2012.7
Close Price: 2017.0
Profit: 4.3
2023-11-15 04:26:56,925 - INFO - Position closed
2023-11-15 04:26:56,925 - INFO - NetworkTask stopped
2023-11-15 04:26:56,925 - INFO - PingTask stopped
2023-11-15 04:26:56,925 - INFO - Disconnected
2023-11-15 04:26:56,925 - INFO - Session stopped
2023-11-15 04:26:56,925 - INFO - Connecting...
2023-11-15 04:26:57,019 - INFO - Connected! Production DC2 - IPv4
2023-11-15 04:26:57,019 - INFO - NetworkTask started
2023-11-15 04:26:57,349 - INFO - Session initialized: Layer 158
2023-11-15 04:26:57,349 - INFO - Device: CPython 3.11.4 - 5811589868:AAElvx1nnMo5vaPWY-J2tYQ2YGL5TSv158A
2023-11-15 04:26:57,349 - INFO - System: Windows 10 (en)
2023-11-15 04:26:57,349 - INFO - Session started
2023-11-15 04:26:57,349 - INFO - PingTask started
2023-11-15 04:27:11,939 - INFO - [1] Retrying "messages.SendMessage" due to: Request timed out
2023-11-15 04:27:30,803 - INFO - ETHUSDT price doesnt changed enough! Current price: 2018.0
2023-11-15 04:27:49,097 - INFO - ETHUSDT price doesnt changed enough! Current price: 2018.3
2023-11-15 04:28:07,827 - INFO - ETHUSDT price doesnt changed enough! Current price: 2018.9
2023-11-15 04:28:26,294 - INFO - ETHUSDT goes up for more than 1$
 Buying ETHUSDT for 2022.1$
2023-11-15 04:28:28,547 - INFO - Buying ETHUSDT for price 2022.1
2023-11-15 04:28:28,547 - INFO - NetworkTask stopped
2023-11-15 04:28:28,547 - INFO - PingTask stopped
2023-11-15 04:28:28,547 - INFO - Disconnected
2023-11-15 04:28:28,547 - INFO - Session stopped
2023-11-15 04:28:28,547 - INFO - Connecting...
2023-11-15 04:28:28,625 - INFO - Connected! Production DC2 - IPv4
2023-11-15 04:28:28,625 - INFO - NetworkTask started
2023-11-15 04:28:28,939 - INFO - Session initialized: Layer 158
2023-11-15 04:28:28,939 - INFO - Device: CPython 3.11.4 - 5811589868:AAElvx1nnMo5vaPWY-J2tYQ2YGL5TSv158A
2023-11-15 04:28:28,939 - INFO - System: Windows 10 (en)
2023-11-15 04:28:28,939 - INFO - Session started
2023-11-15 04:28:28,939 - INFO - PingTask started
2023-11-15 04:28:43,562 - INFO - [1] Retrying "messages.SendMessage" due to: Request timed out
2023-11-16 20:57:42,668 - INFO - Note: NumExpr detected 24 cores but "NUMEXPR_MAX_THREADS" not set, so enforcing safe limit of 8.
2023-11-16 20:57:42,668 - INFO - NumExpr defaulting to 8 threads.
2023-11-16 20:58:38,756 - INFO - Note: NumExpr detected 24 cores but "NUMEXPR_MAX_THREADS" not set, so enforcing safe limit of 8.
2023-11-16 20:58:38,756 - INFO - NumExpr defaulting to 8 threads.
2023-11-16 20:58:57,532 - INFO - ETHUSDT price doesnt changed enough! Current price: 2010.5
2023-11-16 20:59:15,875 - INFO - ETHUSDT price doesnt changed enough! Current price: 2010.2
2023-11-16 20:59:34,717 - INFO - ETHUSDT price doesnt changed enough! Current price: 2009.9
2023-11-16 20:59:53,192 - INFO - ETHUSDT price doesnt changed enough! Current price: 2009.6
2023-11-16 21:00:12,011 - INFO - ETHUSDT price doesnt changed enough! Current price: 2009.5
2023-11-16 21:00:30,375 - INFO - ETHUSDT price doesnt changed enough! Current price: 2009.6
2023-11-16 21:00:48,796 - INFO - ETHUSDT price doesnt changed enough! Current price: 2010.5
2023-11-16 21:01:07,215 - INFO - ETHUSDT price doesnt changed enough! Current price: 2009.9
2023-11-16 21:01:25,853 - INFO - ETHUSDT goes up for more than 1$
 Buying ETHUSDT for 2007.0$
2023-11-16 21:01:25,858 - INFO - Selling ETHUSDT for price 2007.0
2023-11-16 21:09:42,835 - ERROR - 'lastPrice'
2023-11-16 21:11:12,115 - INFO - Current profit is: 2.650000000000091
Current checkpoint is: 2.5
2023-11-16 21:15:19,651 - INFO - Note: NumExpr detected 24 cores but "NUMEXPR_MAX_THREADS" not set, so enforcing safe limit of 8.
2023-11-16 21:15:19,651 - INFO - NumExpr defaulting to 8 threads.
2023-11-16 21:15:38,375 - INFO - ETHUSDT price doesnt changed enough! Current price: 2008.2
2023-11-16 21:15:57,311 - INFO - ETHUSDT price doesnt changed enough! Current price: 2009.2
2023-11-16 21:16:22,430 - INFO - ETHUSDT price doesnt changed enough! Current price: 2008.5
2023-11-16 21:16:36,611 - ERROR - 'lastPrice'
2023-11-16 21:16:53,312 - INFO - ETHUSDT price doesnt changed enough! Current price: 2009.3
2023-11-16 21:17:11,724 - INFO - ETHUSDT price doesnt changed enough! Current price: 2009.7
2023-11-16 21:17:30,197 - INFO - ETHUSDT price doesnt changed enough! Current price: 2010.4
2023-11-16 21:17:48,669 - INFO - ETHUSDT price doesnt changed enough! Current price: 2009.9
2023-11-16 21:18:08,826 - INFO - ETHUSDT price doesnt changed enough! Current price: 2009.7
2023-11-16 21:18:27,138 - INFO - ETHUSDT price doesnt changed enough! Current price: 2010.0
2023-11-16 21:18:45,606 - INFO - ETHUSDT price doesnt changed enough! Current price: 2010.5
2023-11-16 21:19:04,059 - INFO - ETHUSDT price doesnt changed enough! Current price: 2010.8
2023-11-16 21:19:22,729 - INFO - ETHUSDT price doesnt changed enough! Current price: 2011.2
2023-11-16 21:19:43,223 - INFO - ETHUSDT price doesnt changed enough! Current price: 2011.8
2023-11-16 21:20:07,089 - INFO - ETHUSDT price doesnt changed enough! Current price: 2012.0
2023-11-16 21:20:25,480 - INFO - ETHUSDT goes up for more than 1$
 Buying ETHUSDT for 2014.0$
2023-11-16 21:20:25,484 - INFO - Buying ETHUSDT for price 2014.0
2023-11-16 21:29:26,468 - ERROR - 'lastPrice'
2023-11-16 21:30:15,011 - ERROR - 'lastPrice'
2023-11-16 21:42:22,900 - INFO - Losing money
2023-11-16 21:42:22,900 - INFO - Losing money
2023-11-16 21:42:22,900 - INFO - Losing money
2023-11-16 21:42:22,900 - INFO - Losing money
2023-11-16 21:42:22,900 - INFO - Losing money
2023-11-16 21:42:22,900 - INFO - Losing money
2023-11-16 21:42:22,900 - INFO - Losing money
2023-11-16 21:42:22,900 - INFO - Losing money
2023-11-16 21:42:22,900 - INFO - Losing money
2023-11-16 21:42:22,901 - INFO - Position closed!
Position data
Symbol: ETHUSDT
Entry Price: 2014.0
Close Price: 2008.9
Profit: -5.1
2023-11-16 21:42:22,917 - INFO - Saving data
2023-11-16 21:42:22,919 - INFO - Position closed
2023-11-16 21:42:51,247 - INFO - ETHUSDT price doesnt changed enough! Current price: 2009.0
2023-11-16 21:43:11,041 - INFO - ETHUSDT price doesnt changed enough! Current price: 2008.8
2023-11-16 21:43:29,783 - INFO - ETHUSDT price doesnt changed enough! Current price: 2009.0
2023-11-16 21:43:48,269 - INFO - ETHUSDT price doesnt changed enough! Current price: 2009.4
2023-11-16 21:44:06,730 - INFO - ETHUSDT price doesnt changed enough! Current price: 2008.6
2023-11-16 21:44:25,077 - INFO - ETHUSDT price doesnt changed enough! Current price: 2008.2
2023-11-16 21:44:45,436 - INFO - ETHUSDT price doesnt changed enough! Current price: 2008.8
2023-11-16 21:45:06,594 - INFO - ETHUSDT price doesnt changed enough! Current price: 2008.8
2023-11-16 21:45:25,376 - INFO - ETHUSDT price doesnt changed enough! Current price: 2009.4
2023-11-16 21:45:39,652 - ERROR - 'lastPrice'
2023-11-16 21:45:56,450 - INFO - ETHUSDT price doesnt changed enough! Current price: 2009.9
2023-11-16 21:46:14,824 - INFO - ETHUSDT price doesnt changed enough! Current price: 2010.5
2023-11-16 21:46:33,698 - INFO - ETHUSDT price doesnt changed enough! Current price: 2010.4
2023-11-16 21:46:52,080 - INFO - ETHUSDT price doesnt changed enough! Current price: 2010.4
2023-11-16 21:47:10,472 - INFO - ETHUSDT price doesnt changed enough! Current price: 2010.6
2023-11-16 21:47:29,304 - INFO - ETHUSDT price doesnt changed enough! Current price: 2011.1
2023-11-16 21:47:52,786 - INFO - ETHUSDT price doesnt changed enough! Current price: 2011.3
2023-11-16 21:48:13,482 - INFO - ETHUSDT price doesnt changed enough! Current price: 2011.3
2023-11-16 21:48:32,018 - INFO - ETHUSDT price doesnt changed enough! Current price: 2011.4
2023-11-16 21:48:50,300 - INFO - ETHUSDT price doesnt changed enough! Current price: 2011.1
2023-11-16 21:49:10,410 - INFO - ETHUSDT price doesnt changed enough! Current price: 2010.8
2023-11-16 21:49:33,251 - INFO - ETHUSDT price doesnt changed enough! Current price: 2011.4
2023-11-16 21:49:52,609 - INFO - ETHUSDT price doesnt changed enough! Current price: 2011.2
2023-11-16 21:50:12,458 - INFO - ETHUSDT price doesnt changed enough! Current price: 2010.2
2023-11-16 21:50:31,242 - INFO - ETHUSDT price doesnt changed enough! Current price: 2008.9
2023-11-16 21:50:49,718 - INFO - ETHUSDT price doesnt changed enough! Current price: 2008.5
2023-11-16 21:51:08,151 - INFO - ETHUSDT price doesnt changed enough! Current price: 2008.5
2023-11-16 21:51:26,987 - INFO - ETHUSDT price doesnt changed enough! Current price: 2008.0
2023-11-16 21:51:47,176 - INFO - ETHUSDT price doesnt changed enough! Current price: 2007.8
2023-11-16 21:52:05,946 - INFO - ETHUSDT price doesnt changed enough! Current price: 2007.5
2023-11-16 21:52:25,301 - INFO - ETHUSDT price doesnt changed enough! Current price: 2006.6
2023-11-16 21:52:46,236 - INFO - ETHUSDT price doesnt changed enough! Current price: 2006.0
2023-11-16 21:53:04,603 - INFO - ETHUSDT price doesnt changed enough! Current price: 2006.4
2023-11-16 21:53:25,242 - INFO - ETHUSDT price doesnt changed enough! Current price: 2005.6
2023-11-16 21:53:43,626 - INFO - ETHUSDT goes up for more than 1$
 Buying ETHUSDT for 2007.4$
2023-11-16 21:53:43,626 - INFO - Buying ETHUSDT for price 2007.4
2023-11-16 21:53:45,347 - INFO - Position closed!
Position data
Symbol: ETHUSDT
Entry Price: 2007.4
Close Price: 2007.4
Profit: 0.0
2023-11-16 21:53:45,366 - INFO - Saving data
2023-11-16 21:53:45,368 - INFO - Position closed
2023-11-16 21:54:18,487 - INFO - ETHUSDT price doesnt changed enough! Current price: 2005.8
2023-11-16 21:54:36,894 - INFO - ETHUSDT price doesnt changed enough! Current price: 2004.0
2023-11-16 21:54:56,637 - INFO - ETHUSDT goes up for more than 1$
 Buying ETHUSDT for 2002.0$
2023-11-16 21:54:56,640 - INFO - Selling ETHUSDT for price 2002.0
2023-11-16 21:54:58,289 - INFO - Position closed!
Position data
Symbol: ETHUSDT
Entry Price: 2002.0
Close Price: 2002.0
Profit: 0.0
2023-11-16 21:54:58,296 - INFO - Saving data
2023-11-16 21:54:58,298 - INFO - Position closed
2023-11-16 21:55:27,173 - INFO - ETHUSDT price doesnt changed enough! Current price: 2002.4
2023-11-16 21:55:46,454 - INFO - ETHUSDT price doesnt changed enough! Current price: 2001.1
2023-11-16 21:56:04,763 - INFO - ETHUSDT price doesnt changed enough! Current price: 2000.4
2023-11-16 21:56:25,267 - INFO - ETHUSDT price doesnt changed enough! Current price: 2002.0
2023-11-16 21:56:52,509 - INFO - ETHUSDT price doesnt changed enough! Current price: 2000.8
2023-11-16 21:57:11,145 - INFO - ETHUSDT goes up for more than 1$
 Buying ETHUSDT for 1999.1$
2023-11-16 21:57:11,149 - INFO - Selling ETHUSDT for price 1999.1
2023-11-16 21:57:13,248 - INFO - Position closed!
Position data
Symbol: ETHUSDT
Entry Price: 1999.1
Close Price: 1999.2
Profit: -0.1
2023-11-16 21:57:13,255 - INFO - Saving data
2023-11-16 21:57:13,257 - INFO - Position closed
2023-11-16 21:57:43,020 - INFO - ETHUSDT price doesnt changed enough! Current price: 1999.6
2023-11-16 21:58:03,243 - INFO - ETHUSDT price doesnt changed enough! Current price: 1998.1
2023-11-16 21:58:24,292 - INFO - ETHUSDT price doesnt changed enough! Current price: 1999.0
2023-11-16 21:58:42,761 - INFO - ETHUSDT price doesnt changed enough! Current price: 1997.6
2023-11-16 21:59:01,140 - INFO - ETHUSDT price doesnt changed enough! Current price: 1996.9
2023-11-16 21:59:19,573 - INFO - ETHUSDT price doesnt changed enough! Current price: 1997.1
2023-11-16 21:59:37,936 - INFO - ETHUSDT price doesnt changed enough! Current price: 1997.2
2023-11-16 21:59:56,355 - INFO - ETHUSDT price doesnt changed enough! Current price: 1998.2
2023-11-16 22:00:14,745 - INFO - ETHUSDT goes up for more than 1$
 Buying ETHUSDT for 1996.7$
2023-11-16 22:00:14,749 - INFO - Selling ETHUSDT for price 1996.7
2023-11-16 22:00:18,279 - INFO - Position closed!
Position data
Symbol: ETHUSDT
Entry Price: 1996.7
Close Price: 1996.7
Profit: 0.0
2023-11-16 22:00:18,286 - INFO - Saving data
2023-11-16 22:00:18,288 - INFO - Position closed
2023-11-16 22:00:46,712 - INFO - ETHUSDT goes up for more than 1$
 Buying ETHUSDT for 1995.5$
2023-11-16 22:00:46,716 - INFO - Selling ETHUSDT for price 1995.5
2023-11-16 22:00:48,425 - INFO - Position closed!
Position data
Symbol: ETHUSDT
Entry Price: 1995.5
Close Price: 1995.5
Profit: 0.0
2023-11-16 22:00:48,431 - INFO - Saving data
2023-11-16 22:00:48,433 - INFO - Position closed
2023-11-16 22:01:23,640 - INFO - ETHUSDT price doesnt changed enough! Current price: 1998.7
2023-11-16 22:01:53,431 - INFO - ETHUSDT price doesnt changed enough! Current price: 1999.0
2023-11-16 22:02:20,308 - INFO - ETHUSDT price doesnt changed enough! Current price: 1999.0
2023-11-16 22:02:47,202 - INFO - ETHUSDT goes up for more than 1$
 Buying ETHUSDT for 1993.8$
2023-11-16 22:02:47,206 - INFO - Selling ETHUSDT for price 1993.8
2023-11-16 22:02:48,882 - INFO - Position closed!
Position data
Symbol: ETHUSDT
Entry Price: 1993.8
Close Price: 1994.7
Profit: -0.9
2023-11-16 22:02:48,889 - INFO - Saving data
2023-11-16 22:02:48,891 - INFO - Position closed
2023-11-16 22:03:20,791 - INFO - ETHUSDT price doesnt changed enough! Current price: 1997.0
2023-11-16 22:03:39,102 - INFO - ETHUSDT price doesnt changed enough! Current price: 1998.2
2023-11-16 22:03:57,882 - INFO - ETHUSDT price doesnt changed enough! Current price: 1998.2
2023-11-16 22:04:20,460 - INFO - ETHUSDT goes up for more than 1$
 Buying ETHUSDT for 1995.8$
2023-11-16 22:04:20,464 - INFO - Selling ETHUSDT for price 1995.8
2023-11-16 22:04:22,143 - INFO - Position closed!
Position data
Symbol: ETHUSDT
Entry Price: 1995.8
Close Price: 1995.3
Profit: 0.5
2023-11-16 22:04:22,150 - INFO - Saving data
2023-11-16 22:04:22,152 - INFO - Position closed
2023-11-16 22:04:51,058 - INFO - ETHUSDT price doesnt changed enough! Current price: 1993.9
2023-11-16 22:05:12,885 - INFO - ETHUSDT price doesnt changed enough! Current price: 1992.1
2023-11-16 22:05:31,799 - INFO - ETHUSDT price doesnt changed enough! Current price: 1991.5
2023-11-16 22:05:51,933 - INFO - ETHUSDT price doesnt changed enough! Current price: 1992.7
2023-11-16 22:06:10,254 - INFO - ETHUSDT goes up for more than 1$
 Buying ETHUSDT for 1994.4$
2023-11-16 22:06:10,257 - INFO - Buying ETHUSDT for price 1994.4
2023-11-16 22:06:11,931 - INFO - Position closed!
Position data
Symbol: ETHUSDT
Entry Price: 1994.4
Close Price: 1994.9
Profit: 0.5
2023-11-16 22:06:11,938 - INFO - Saving data
2023-11-16 22:06:11,940 - INFO - Position closed
2023-11-16 22:06:40,391 - INFO - ETHUSDT price doesnt changed enough! Current price: 1995.0
2023-11-16 22:07:09,411 - INFO - ETHUSDT goes up for more than 1$
 Buying ETHUSDT for 1997.4$
2023-11-16 22:07:09,415 - INFO - Buying ETHUSDT for price 1997.4
2023-11-16 22:07:11,775 - INFO - Position closed!
Position data
Symbol: ETHUSDT
Entry Price: 1997.4
Close Price: 1997.6
Profit: 0.2
2023-11-16 22:07:11,783 - INFO - Saving data
2023-11-16 22:07:11,785 - INFO - Position closed
2023-11-16 22:07:40,174 - INFO - ETHUSDT price doesnt changed enough! Current price: 1998.6
2023-11-16 22:08:00,610 - INFO - ETHUSDT price doesnt changed enough! Current price: 1998.2
2023-11-16 22:08:21,802 - INFO - ETHUSDT price doesnt changed enough! Current price: 1999.2
2023-11-16 22:08:40,243 - INFO - ETHUSDT goes up for more than 1$
 Buying ETHUSDT for 1997.4$
2023-11-16 22:08:40,247 - INFO - Selling ETHUSDT for price 1997.4
2023-11-16 22:08:42,051 - INFO - Position closed!
Position data
Symbol: ETHUSDT
Entry Price: 1997.4
Close Price: 1997.8
Profit: -0.4
2023-11-16 22:08:42,057 - INFO - Saving data
2023-11-16 22:08:42,059 - INFO - Position closed
2023-11-16 22:09:17,177 - INFO - ETHUSDT price doesnt changed enough! Current price: 1998.4
2023-11-16 22:09:35,605 - INFO - ETHUSDT price doesnt changed enough! Current price: 2000.0
2023-11-16 22:09:58,059 - INFO - ETHUSDT price doesnt changed enough! Current price: 1999.8
2023-11-16 22:10:20,472 - INFO - ETHUSDT goes up for more than 1$
 Buying ETHUSDT for 1997.6$
2023-11-16 22:10:20,477 - INFO - Selling ETHUSDT for price 1997.6
2023-11-16 22:10:22,171 - INFO - Position closed!
Position data
Symbol: ETHUSDT
Entry Price: 1997.6
Close Price: 1997.3
Profit: 0.3
2023-11-16 22:10:22,178 - INFO - Saving data
2023-11-16 22:10:22,180 - INFO - Position closed
2023-11-16 22:10:50,662 - INFO - ETHUSDT price doesnt changed enough! Current price: 1999.5
2023-11-16 22:11:26,168 - ERROR - 'lastPrice'
2023-11-16 22:11:26,168 - INFO - ETHUSDT price doesnt changed enough! Current price: 1998.1
2023-11-16 22:11:44,722 - INFO - ETHUSDT price doesnt changed enough! Current price: 1998.5
2023-11-16 22:12:05,294 - INFO - ETHUSDT price doesnt changed enough! Current price: 1998.4
2023-11-16 22:12:24,065 - INFO - ETHUSDT price doesnt changed enough! Current price: 1998.7
2023-11-16 22:12:42,465 - INFO - ETHUSDT price doesnt changed enough! Current price: 1998.6
2023-11-16 22:13:00,951 - INFO - ETHUSDT price doesnt changed enough! Current price: 1997.4
2023-11-16 22:13:19,339 - INFO - ETHUSDT price doesnt changed enough! Current price: 1997.6
2023-11-16 22:13:38,306 - INFO - ETHUSDT price doesnt changed enough! Current price: 1998.3
2023-11-16 22:14:02,824 - INFO - ETHUSDT price doesnt changed enough! Current price: 1997.3
2023-11-16 22:14:26,783 - INFO - ETHUSDT price doesnt changed enough! Current price: 1997.4
2023-11-16 22:14:48,413 - INFO - ETHUSDT price doesnt changed enough! Current price: 1999.2
2023-11-16 22:15:06,804 - INFO - ETHUSDT price doesnt changed enough! Current price: 1998.2
2023-11-16 22:15:25,997 - INFO - ETHUSDT price doesnt changed enough! Current price: 1998.9
2023-11-16 22:15:44,486 - INFO - ETHUSDT price doesnt changed enough! Current price: 1999.1
2023-11-16 22:16:02,818 - INFO - ETHUSDT price doesnt changed enough! Current price: 1999.6
