hello1.03 beta - 2025-02-06 20:58:35,460 - WARNING - Sell position placed successfully: Entry Price: 0.7049
1.03 beta - 2025-02-06 20:58:35,815 - INFO - Entry Price: 0.7049 Target price: -985.0189150888353, Current price: 0.7049 Stop loss: 301.41916253915593
1.03 beta - 2025-02-06 20:58:37,178 - INFO - Entry Price: 0.7049 Target price: -985.0189150888353, Current price: 0.7049 Stop loss: 301.41916253915593
1.03 beta - 2025-02-06 20:58:38,537 - INFO - Entry Price: 0.7049 Target price: -985.0189150888353, Current price: 0.7049 Stop loss: 301.41916253915593
1.03 beta - 2025-02-06 20:58:39,899 - INFO - Entry Price: 0.7049 Target price: -985.0189150888353, Current price: 0.7049 Stop loss: 301.41916253915593
1.03 beta - 2025-02-06 20:58:41,337 - INFO - Entry Price: 0.7049 Target price: -985.0189150888353, Current price: 0.7049 Stop loss: 301.41916253915593
1.03 beta - 2025-02-06 20:58:42,797 - INFO - Entry Price: 0.7049 Target price: -985.0189150888353, Current price: 0.705 Stop loss: 301.41916253915593
1.03 beta - 2025-02-06 20:58:44,157 - INFO - Entry Price: 0.7049 Target price: -985.0189150888353, Current price: 0.7048 Stop loss: 301.41916253915593
1.03 beta - 2025-02-06 20:58:45,519 - INFO - Entry Price: 0.7049 Target price: -985.0189150888353, Current price: 0.7048 Stop loss: 301.41916253915593
1.03 beta - 2025-02-06 20:59:45,551 - WARNING - Sell position placed successfully: Entry Price: 0.7066
1.03 beta - 2025-02-06 20:59:46,363 - INFO - Entry Price: 0.7066 Target price: -985.0172150888353, Current price: 0.7068 Stop loss: 301.4208625391559
1.03 beta - 2025-02-06 20:59:48,083 - INFO - Entry Price: 0.7066 Target price: -985.0172150888353, Current price: 0.7064 Stop loss: 301.4208625391559
1.03 beta - 2025-02-06 20:59:49,780 - INFO - Entry Price: 0.7066 Target price: -985.0172150888353, Current price: 0.7065 Stop loss: 301.4208625391559
1.03 beta - 2025-02-06 20:59:51,420 - INFO - Entry Price: 0.7066 Target price: -985.0172150888353, Current price: 0.7065 Stop loss: 301.4208625391559
1.03 beta - 2025-02-06 20:59:53,100 - INFO - Entry Price: 0.7066 Target price: -985.0172150888353, Current price: 0.7065 Stop loss: 301.4208625391559
1.03 beta - 2025-02-06 20:59:54,895 - INFO - Entry Price: 0.7066 Target price: -985.0172150888353, Current price: 0.7065 Stop loss: 301.4208625391559
1.03 beta - 2025-02-06 20:59:56,604 - INFO - Entry Price: 0.7066 Target price: -985.0172150888353, Current price: 0.7065 Stop loss: 301.4208625391559
1.03 beta - 2025-02-06 20:59:58,450 - INFO - Entry Price: 0.7066 Target price: -985.0172150888353, Current price: 0.7065 Stop loss: 301.4208625391559
1.03 beta - 2025-02-06 21:00:00,190 - INFO - Entry Price: 0.7066 Target price: -985.0172150888353, Current price: 0.7066 Stop loss: 301.4208625391559
1.03 beta - 2025-02-06 21:00:01,891 - INFO - Entry Price: 0.7066 Target price: -985.0172150888353, Current price: 0.7067 Stop loss: 301.4208625391559
1.03 beta - 2025-02-06 21:00:03,618 - INFO - Entry Price: 0.7066 Target price: -985.0172150888353, Current price: 0.7066 Stop loss: 301.4208625391559
1.03 beta - 2025-02-06 21:00:05,254 - INFO - Entry Price: 0.7066 Target price: -985.0172150888353, Current price: 0.7063 Stop loss: 301.4208625391559
1.03 beta - 2025-02-06 21:00:07,037 - INFO - Entry Price: 0.7066 Target price: -985.0172150888353, Current price: 0.7063 Stop loss: 301.4208625391559
1.03 beta - 2025-02-06 21:00:08,775 - INFO - Entry Price: 0.7066 Target price: -985.0172150888353, Current price: 0.7063 Stop loss: 301.4208625391559
1.03 beta - 2025-02-06 21:00:10,530 - INFO - Entry Price: 0.7066 Target price: -985.0172150888353, Current price: 0.7063 Stop loss: 301.4208625391559
1.03 beta - 2025-02-06 21:00:12,168 - INFO - Entry Price: 0.7066 Target price: -985.0172150888353, Current price: 0.7059 Stop loss: 301.4208625391559
1.03 beta - 2025-02-06 21:00:13,810 - INFO - Entry Price: 0.7066 Target price: -985.0172150888353, Current price: 0.7056 Stop loss: 301.4208625391559
1.03 beta - 2025-02-06 21:00:15,456 - INFO - Entry Price: 0.7066 Target price: -985.0172150888353, Current price: 0.7052 Stop loss: 301.4208625391559
1.03 beta - 2025-02-06 21:00:17,129 - INFO - Entry Price: 0.7066 Target price: -985.0172150888353, Current price: 0.7052 Stop loss: 301.4208625391559
1.03 beta - 2025-02-06 21:00:18,765 - INFO - Entry Price: 0.7066 Target price: -985.0172150888353, Current price: 0.7049 Stop loss: 301.4208625391559
1.03 beta - 2025-02-06 21:00:20,462 - INFO - Entry Price: 0.7066 Target price: -985.0172150888353, Current price: 0.7049 Stop loss: 301.4208625391559
1.03 beta - 2025-02-06 21:00:22,203 - INFO - Entry Price: 0.7066 Target price: -985.0172150888353, Current price: 0.7048 Stop loss: 301.4208625391559
1.03 beta - 2025-02-06 21:00:24,046 - INFO - Entry Price: 0.7066 Target price: -985.0172150888353, Current price: 0.7048 Stop loss: 301.4208625391559
1.03 beta - 2025-02-06 21:00:25,693 - INFO - Entry Price: 0.7066 Target price: -985.0172150888353, Current price: 0.7042 Stop loss: 301.4208625391559
1.03 beta - 2025-02-06 21:18:49,455 - WARNING - Sell position placed successfully: Entry Price: 96620
1.03 beta - 2025-02-06 21:18:50,518 - INFO - Entry Price: 96620 Target price: 95634.27618491117, Current price: 0.7084 Stop loss: 96920.71426253916
1.03 beta - 2025-02-06 21:18:50,519 - INFO - Trade finished successfully with profit
1.03 beta - 2025-02-06 21:19:45,687 - WARNING - Sell position placed successfully: Entry Price: 96620
1.03 beta - 2025-02-06 21:19:46,347 - INFO - Entry Price: 96620 Target price: 95634.27618491117, Current price: 0.7088 Stop loss: 96920.71426253916
1.03 beta - 2025-02-06 21:19:46,348 - INFO - Trade finished successfully with profit
1.03 beta - 2025-02-06 21:20:23,990 - WARNING - Sell position placed successfully: Entry Price: 96620
1.03 beta - 2025-02-06 21:20:25,003 - INFO - Entry Price: 96620 Target price: 95880.70713868337, Current price: 0.7096 Stop loss: 96845.53569690436
1.03 beta - 2025-02-06 21:20:25,003 - INFO - Trade finished successfully with profit
1.03 beta - 2025-02-06 21:21:18,927 - WARNING - Sell position placed successfully: Entry Price: 96620
1.03 beta - 2025-02-06 21:21:19,297 - INFO - Entry Price: 96620 Target price: 95880.70713868337, Current price: 0.7097 Stop loss: 96845.53569690436
1.03 beta - 2025-02-06 21:21:19,297 - INFO - Trade finished successfully with profit
1.03 beta - 2025-02-06 21:21:49,158 - WARNING - Sell position placed successfully: Entry Price: 96620
1.03 beta - 2025-02-06 21:21:49,528 - INFO - Entry Price: 96620 Target price: 95880.70713868337, Current price: 0.7094 Stop loss: 96845.53569690436
1.03 beta - 2025-02-06 21:21:49,528 - INFO - Trade finished successfully with profit
1.03 beta - 2025-02-06 21:22:47,612 - WARNING - Sell position placed successfully: Entry Price: 96620
1.03 beta - 2025-02-06 21:22:47,969 - INFO - Entry Price: 96620 Target price: 95880.70713868337, Current price: 0.7102 Stop loss: 96845.53569690436
1.03 beta - 2025-02-06 21:22:47,970 - INFO - Trade finished successfully with profit
1.03 beta - 2025-02-06 22:07:25,775 - WARNING - Sell position placed successfully: Entry Price: 96620
1.03 beta - 2025-02-06 22:07:26,704 - INFO - Entry Price: 96620 Target price: 95880.70713868337, Current price: 0.7126 Stop loss: 96845.53569690436
1.03 beta - 2025-02-06 22:07:26,704 - INFO - Trade finished successfully with profit
1.03 beta - 2025-02-06 22:54:31,054 - WARNING - Sell position placed successfully: Entry Price: 96620
1.03 beta - 2025-02-06 22:54:31,054 - INFO - Short trade started: Entry Price: 96620, Target: 95880.70713868337, Stop Loss: 96845.53569690436
1.03 beta - 2025-02-06 22:54:31,414 - INFO - Entry: 96620, Target: 95880.70713868337, Current: 96310.7, Stop Loss: 96845.53569690436
1.03 beta - 2025-02-06 22:54:32,775 - INFO - Entry: 96620, Target: 95880.70713868337, Current: 96307.9, Stop Loss: 96845.53569690436
1.03 beta - 2025-02-06 22:54:34,139 - INFO - Entry: 96620, Target: 95880.70713868337, Current: 96307.9, Stop Loss: 96845.53569690436
1.03 beta - 2025-02-06 22:54:35,607 - INFO - Entry: 96620, Target: 95880.70713868337, Current: 96298.6, Stop Loss: 96845.53569690436
1.03 beta - 2025-02-06 22:54:36,966 - INFO - Entry: 96620, Target: 95880.70713868337, Current: 96293.2, Stop Loss: 96845.53569690436
1.03 beta - 2025-02-06 22:54:38,335 - INFO - Entry: 96620, Target: 95880.70713868337, Current: 96293.2, Stop Loss: 96845.53569690436
1.03 beta - 2025-02-06 22:54:39,806 - INFO - Entry: 96620, Target: 95880.70713868337, Current: 96285.8, Stop Loss: 96845.53569690436
1.03 beta - 2025-02-06 22:54:41,204 - INFO - Entry: 96620, Target: 95880.70713868337, Current: 96281.3, Stop Loss: 96845.53569690436
1.03 beta - 2025-02-06 22:54:42,675 - INFO - Entry: 96620, Target: 95880.70713868337, Current: 96281.3, Stop Loss: 96845.53569690436
1.03 beta - 2025-02-06 22:54:44,031 - INFO - Entry: 96620, Target: 95880.70713868337, Current: 96293.3, Stop Loss: 96845.53569690436
1.03 beta - 2025-02-06 22:54:45,400 - INFO - Entry: 96620, Target: 95880.70713868337, Current: 96288.0, Stop Loss: 96845.53569690436
1.03 beta - 2025-02-06 22:54:46,869 - INFO - Entry: 96620, Target: 95880.70713868337, Current: 96288.6, Stop Loss: 96845.53569690436
1.03 beta - 2025-02-06 22:54:56,003 - WARNING - Sell position placed successfully: Entry Price: 96620
1.03 beta - 2025-02-06 22:54:56,003 - INFO - Short trade started: Entry Price: 96620, Target: 95880.70713868337, Stop Loss: 96845.53569690436
1.03 beta - 2025-02-06 22:55:10,043 - INFO - Entry: 96620, Target: 95880.70713868337, Current: 96280.7, Stop Loss: 96845.53569690436
1.03 beta - 2025-02-06 22:55:32,307 - INFO - Entry: 96620, Target: 95880.70713868337, Current: 96254.5, Stop Loss: 96845.53569690436
