1.03 beta - 2025-03-06 12:14:20,847 - DEBUG - 🔍 Debug log started.
1.03 beta - 2025-03-06 12:15:36,101 - DEBUG - 🔍 Debug log started.
1.03 beta - 2025-03-06 12:28:13,962 - DEBUG - 🔍 Debug log started.
1.03 beta - 2025-03-06 12:29:26,656 - DEBUG - 🔍 Debug log started.
1.03 beta - 2025-03-06 12:30:02,321 - DEBUG - 🔍 Debug log started.
1.03 beta - 2025-03-06 12:30:12,823 - DEBUG - 🔍 Debug log started.
1.03 beta - 2025-03-06 12:31:37,785 - DEBUG - 🔍 Debug log started.
1.03 beta - 2025-03-06 12:33:37,042 - DEBUG - 🔍 Debug log started.
1.03 beta - 2025-03-06 14:48:43,879 - DEBUG - 🔍 Debug log started.
1.03 beta - 2025-03-06 14:58:44,050 - DEBUG - 🔍 Debug log started.
1.03 beta - 2025-03-06 15:05:29,041 - DEBUG - 🔍 Debug log started.
1.03 beta - 2025-03-06 15:05:45,837 - DEBUG - 🔍 Debug log started.
1.03 beta - 2025-03-06 15:05:54,418 - DEBUG - 🔍 Debug log started.
1.03 beta - 2025-03-06 15:06:03,272 - DEBUG - 🔍 Debug log started.
1.03 beta - 2025-03-06 15:06:15,498 - DEBUG - 🔍 Debug log started.
1.03 beta - 2025-03-06 15:06:24,571 - DEBUG - 🔍 Debug log started.
1.03 beta - 2025-03-06 15:06:36,647 - DEBUG - 🔍 Debug log started.
1.03 beta - 2025-03-06 15:15:18,834 - DEBUG - 🔍 Debug log started.
1.03 beta - 2025-03-06 15:15:56,634 - DEBUG - 🔍 Debug log started.
1.03 beta - 2025-03-06 15:16:00,066 - DEBUG - ['ETHUSDT', 'Hold', 2292.27, 17.928318998212607, 6.14428571428568, 56.61928031985795, 2291.3033164004964, 2291.6469182294754, 935.166]
1.03 beta - 2025-03-06 15:16:01,816 - DEBUG - ['BNBUSDT', 'Hold', 602.53, 16.206781057404598, 0.90285714285715, 58.26086956521733, 602.427172866072, 602.4267642676293, 71.16]
1.03 beta - 2025-03-06 15:16:03,552 - DEBUG - ['ADAUSDT', 'Hold', 0.9536, 19.187286552443634, 0.006021428571428559, 52.24586288416077, 0.9548545624532911, 0.9557453229262455, 397489]
1.03 beta - 2025-03-06 15:16:05,282 - DEBUG - ['SOLUSDT', 'Hold', 151.71, 34.670649719273754, 0.730714285714285, 73.30827067669168, 151.07655398818528, 151.62731816259668, 28947]
1.03 beta - 2025-03-06 15:16:07,007 - DEBUG - ['POLUSDT', 'Hold', 0.25796, 18.497402664240163, 0.0007235714285714226, 56.53061224489816, 0.25781947828808016, 0.25798007856012484, 22840]
1.03 beta - 2025-03-06 15:16:08,735 - DEBUG - ['ETHUSDT', 'Hold', 2291.65, 17.928318998212607, 6.14428571428568, 56.01351351351373, 2291.246952764133, 2291.522918229475, 1015.56]
1.03 beta - 2025-03-06 15:16:10,472 - DEBUG - ['BNBUSDT', 'Hold', 602.53, 16.206781057404598, 0.90285714285715, 58.26086956521733, 602.427172866072, 602.4267642676293, 71.23]
1.03 beta - 2025-03-06 15:16:12,462 - DEBUG - ['ADAUSDT', 'Hold', 0.9537, 19.187286552443634, 0.006057142857142849, 52.369668246445485, 0.954863653362382, 0.9557653229262455, 461885]
1.03 beta - 2025-03-06 15:16:14,216 - DEBUG - ['SOLUSDT', 'Hold', 151.73, 34.670649719273754, 0.730714285714285, 73.4082397003744, 151.07837217000346, 151.63131816259667, 30121]
1.03 beta - 2025-03-06 15:16:15,953 - DEBUG - ['POLUSDT', 'Hold', 0.25792, 18.497402664240163, 0.0007242857142857091, 56.07287449392689, 0.2578158419244438, 0.25797207856012483, 22868]
1.03 beta - 2025-03-06 15:16:17,700 - DEBUG - ['ETHUSDT', 'Hold', 2292.35, 17.928318998212607, 6.14428571428568, 56.69623059866966, 2291.310589127769, 2291.6629182294755, 1053.906]
1.03 beta - 2025-03-06 15:16:19,418 - DEBUG - ['BNBUSDT', 'Hold', 602.53, 16.206781057404598, 0.90285714285715, 58.26086956521733, 602.427172866072, 602.4267642676293, 75.52]
1.03 beta - 2025-03-06 15:16:21,145 - DEBUG - ['ADAUSDT', 'Hold', 0.9539, 19.187286552443634, 0.006057142857142849, 52.61904761904758, 0.9548818351805638, 0.9558053229262455, 585406]
1.03 beta - 2025-03-06 15:16:22,890 - DEBUG - ['SOLUSDT', 'Hold', 151.7, 34.670649719273754, 0.730714285714285, 73.2580037664782, 151.0756448972762, 151.62531816259667, 30566]
1.03 beta - 2025-03-06 15:16:24,618 - DEBUG - ['POLUSDT', 'Hold', 0.25788, 18.497402664240163, 0.0007271428571428508, 55.62248995983931, 0.2578122055608074, 0.2579640785601248, 25336]
1.03 beta - 2025-03-06 15:16:26,347 - DEBUG - ['ETHUSDT', 'Hold', 2292.12, 17.928318998212607, 6.14428571428568, 56.47425897035883, 2291.28968003686, 2291.6169182294752, 1250.273]
1.03 beta - 2025-03-06 15:23:20,774 - DEBUG - 🔍 Debug log started.
1.03 beta - 2025-03-06 15:23:26,422 - DEBUG - ['ETHUSDT', 'Hold', 2295.04, 16.791171380574163, 6.183571428571407, 56.220404649160415, 2291.938882678137, 2292.8983345835804, 2046.277]
1.03 beta - 2025-03-06 15:23:29,731 - DEBUG - ['BNBUSDT', 'Hold', 602.81, 14.695368195425607, 0.9164285714285663, 56.93641618497058, 602.4537108699828, 602.4874114141035, 372.49]
1.03 beta - 2025-03-06 15:23:32,892 - DEBUG - ['ADAUSDT', 'Hold', 0.9559, 17.915698851135936, 0.005907142857142849, 49.20212765957441, 0.955106627023653, 0.9560802583409965, 2131246]
1.03 beta - 2025-03-06 15:23:36,221 - DEBUG - ['SOLUSDT', 'Hold', 151.51, 32.18136586114273, 0.7292857142857129, 68.30188679245276, 151.09033833636678, 151.55425453007734, 22545]
1.03 beta - 2025-03-06 15:23:39,610 - DEBUG - ['POLUSDT', 'Hold', 0.25811, 16.630463507741045, 0.0007242857142857051, 53.215077605321554, 0.257859938939577, 0.25803326284809985, 43976]
1.03 beta - 2025-03-06 15:23:42,822 - DEBUG - ['ETHUSDT', 'Hold', 2295.55, 16.791171380574163, 6.183571428571407, 56.84439608269871, 2291.9852463145007, 2293.0003345835803, 2303.336]
1.03 beta - 2025-03-06 15:23:45,826 - DEBUG - ['BNBUSDT', 'Hold', 602.78, 14.682674188687585, 0.9199999999999997, 56.74891146589225, 602.4509835972556, 602.4814114141035, 389.29]
1.03 beta - 2025-03-06 15:23:47,890 - DEBUG - ['ADAUSDT', 'Hold', 0.9555, 17.915698851135936, 0.005992857142857133, 48.65591397849463, 0.9550702633872894, 0.9560002583409964, 2663537]
1.03 beta - 2025-03-06 15:23:49,026 - DEBUG - ['SOLUSDT', 'Hold', 151.48, 32.18136586114273, 0.7292857142857129, 68.12144212523712, 151.0876110636395, 151.54825453007734, 23062]
1.03 beta - 2025-03-06 15:23:50,141 - DEBUG - ['POLUSDT', 'Hold', 0.2581, 16.630463507741045, 0.0007264285714285604, 53.0973451327433, 0.25785902984866793, 0.25803126284809985, 50879]
1.03 beta - 2025-03-06 15:23:51,274 - DEBUG - ['ETHUSDT', 'Hold', 2296.31, 16.791171380574163, 6.183571428571407, 57.64476252439802, 2292.0543372235916, 2293.1523345835803, 2352.386]
1.03 beta - 2025-03-06 15:23:52,412 - DEBUG - ['BNBUSDT', 'Hold', 602.81, 14.682674188687585, 0.9199999999999997, 56.93641618497058, 602.4537108699828, 602.4874114141035, 409.24]
1.03 beta - 2025-03-06 15:23:53,519 - DEBUG - ['ADAUSDT', 'Hold', 0.9558, 17.915698851135936, 0.005992857142857133, 49.06666666666663, 0.9550975361145622, 0.9560602583409965, 2670406]
1.03 beta - 2025-03-06 15:23:54,730 - DEBUG - ['SOLUSDT', 'Hold', 151.5, 32.18136586114273, 0.7292857142857129, 68.24196597353497, 151.0894292454577, 151.55225453007733, 23685]
1.03 beta - 2025-03-06 15:23:55,836 - DEBUG - ['POLUSDT', 'Hold', 0.25811, 16.630463507741045, 0.0007264285714285604, 53.215077605321554, 0.257859938939577, 0.25803326284809985, 50918]
1.03 beta - 2025-03-06 15:23:56,987 - DEBUG - ['ETHUSDT', 'Hold', 2295.83, 16.791171380574163, 6.183571428571407, 57.19290562732629, 2292.0107008599553, 2293.0563345835803, 2408.079]
1.03 beta - 2025-03-06 15:23:58,097 - DEBUG - ['BNBUSDT', 'Hold', 602.86, 14.682674188687585, 0.9199999999999997, 57.24533715925385, 602.4582563245283, 602.4974114141035, 410.66]
1.03 beta - 2025-03-06 15:23:59,204 - DEBUG - ['ADAUSDT', 'Hold', 0.9556, 17.915698851135936, 0.005992857142857133, 48.79356568364611, 0.9550793542963804, 0.9560202583409965, 2760220]
1.03 beta - 2025-03-06 15:24:00,302 - DEBUG - ['SOLUSDT', 'Hold', 151.5, 32.18136586114273, 0.7292857142857129, 68.24196597353497, 151.0894292454577, 151.55225453007733, 23806]
1.03 beta - 2025-03-06 15:24:01,394 - DEBUG - ['POLUSDT', 'Hold', 0.25809, 16.630463507741045, 0.0007264285714285604, 52.98013245033095, 0.2578581207577588, 0.25802926284809985, 53833]
1.03 beta - 2025-03-06 15:24:02,525 - DEBUG - ['ETHUSDT', 'Hold', 2295.83, 16.791171380574163, 6.183571428571407, 57.19290562732629, 2292.0107008599553, 2293.0563345835803, 2412.393]
1.03 beta - 2025-03-06 15:24:03,625 - DEBUG - ['BNBUSDT', 'Hold', 602.87, 14.709364029546432, 0.9207142857142847, 57.306590257879506, 602.4591654154374, 602.4994114141035, 410.95]
1.03 beta - 2025-03-06 15:24:04,787 - DEBUG - ['ADAUSDT', 'Hold', 0.9556, 17.915698851135936, 0.005992857142857133, 48.79356568364611, 0.9550793542963804, 0.9560202583409965, 2769642]
1.03 beta - 2025-03-06 15:24:05,874 - DEBUG - ['SOLUSDT', 'Hold', 151.5, 32.18136586114273, 0.7292857142857129, 68.24196597353497, 151.0894292454577, 151.55225453007733, 24055]
1.03 beta - 2025-03-06 15:24:06,961 - DEBUG - ['POLUSDT', 'Hold', 0.25809, 16.630463507741045, 0.0007264285714285604, 52.98013245033095, 0.2578581207577588, 0.25802926284809985, 57287]
1.03 beta - 2025-03-06 15:24:08,055 - DEBUG - ['ETHUSDT', 'Hold', 2295.78, 16.791171380574163, 6.183571428571407, 57.130358705162, 2292.0061554054096, 2293.0463345835806, 2446.123]
1.03 beta - 2025-03-06 15:24:09,169 - DEBUG - ['BNBUSDT', 'Hold', 602.94, 14.892253157209552, 0.9257142857142883, 57.73049645390086, 602.465529051801, 602.5134114141035, 417.89]
1.03 beta - 2025-03-06 15:24:10,325 - DEBUG - ['ADAUSDT', 'Hold', 0.9556, 17.915698851135936, 0.005992857142857133, 48.79356568364611, 0.9550793542963804, 0.9560202583409965, 2797187]
1.03 beta - 2025-03-06 15:24:11,433 - DEBUG - ['SOLUSDT', 'Hold', 151.48, 32.18136586114273, 0.7292857142857129, 68.12144212523712, 151.0876110636395, 151.54825453007734, 25322]
1.03 beta - 2025-03-06 15:24:12,552 - DEBUG - ['POLUSDT', 'Hold', 0.2581, 16.630463507741045, 0.0007264285714285604, 53.0973451327433, 0.25785902984866793, 0.25803126284809985, 57308]
1.03 beta - 2025-03-06 15:24:14,814 - DEBUG - ['ETHUSDT', 'Hold', 2295.39, 16.791171380574163, 6.183571428571407, 56.647148124050915, 2291.9707008599553, 2292.96833458358, 2495.866]
1.03 beta - 2025-03-06 15:24:16,136 - DEBUG - ['BNBUSDT', 'Hold', 602.86, 14.892253157209552, 0.9257142857142883, 57.24533715925385, 602.4582563245283, 602.4974114141035, 422.82]
1.03 beta - 2025-03-06 15:24:17,366 - DEBUG - ['ADAUSDT', 'Hold', 0.9555, 17.915698851135936, 0.005992857142857133, 48.65591397849463, 0.9550702633872894, 0.9560002583409964, 2948672]
1.03 beta - 2025-03-06 15:24:18,799 - DEBUG - ['SOLUSDT', 'Hold', 151.55, 32.18136586114273, 0.7292857142857129, 68.5393258426967, 151.09397470000314, 151.56225453007735, 25717]
1.03 beta - 2025-03-06 15:24:20,236 - DEBUG - ['POLUSDT', 'Hold', 0.25805, 16.630463507741045, 0.0007264285714285604, 52.51641137855581, 0.25785448439412245, 0.25802126284809984, 57541]
1.03 beta - 2025-03-06 15:24:21,738 - DEBUG - ['ETHUSDT', 'Hold', 2296.59, 16.791171380574163, 6.183571428571407, 57.90040957102826, 2292.079791769046, 2293.2083345835804, 2655.571]
1.03 beta - 2025-03-06 15:24:26,449 - DEBUG - 🔍 Debug log started.
1.03 beta - 2025-03-06 15:24:29,144 - DEBUG - ['ETHUSDT', 'Hold', 2296.84, 16.860142981070748, 6.197857142857141, 58.12607204116641, 2292.102519041773, 2293.2583345835806, 2757.646]
1.03 beta - 2025-03-06 15:24:30,292 - DEBUG - ['BNBUSDT', 'Hold', 602.87, 15.018809844889219, 0.9292857142857136, 57.306590257879506, 602.4591654154374, 602.4994114141035, 522.81]
1.03 beta - 2025-03-06 15:24:31,333 - DEBUG - ['ADAUSDT', 'Hold', 0.9556, 17.915698851135936, 0.005992857142857133, 48.79356568364611, 0.9550793542963804, 0.9560202583409965, 3029578]
1.03 beta - 2025-03-06 15:24:32,377 - DEBUG - ['SOLUSDT', 'Hold', 151.54, 32.18136586114273, 0.7342857142857123, 68.4803001876172, 151.09306560909405, 151.56025453007734, 28421]
1.03 beta - 2025-03-06 15:24:33,428 - DEBUG - ['POLUSDT', 'Hold', 0.2581, 16.630463507741045, 0.0007264285714285604, 53.0973451327433, 0.25785902984866793, 0.25803126284809985, 66544]
1.03 beta - 2025-03-06 15:24:34,813 - DEBUG - ['ETHUSDT', 'Hold', 2296.74, 16.860142981070748, 6.197857142857141, 58.03609798023176, 2292.093428132682, 2293.23833458358, 2822.205]
1.03 beta - 2025-03-06 15:24:37,851 - DEBUG - ['BNBUSDT', 'Hold', 602.87, 15.018809844889219, 0.9292857142857136, 57.306590257879506, 602.4591654154374, 602.4994114141035, 522.82]
1.03 beta - 2025-03-06 15:24:40,652 - DEBUG - ['ADAUSDT', 'Hold', 0.9556, 17.915698851135936, 0.005992857142857133, 48.79356568364611, 0.9550793542963804, 0.9560202583409965, 3051088]
1.03 beta - 2025-03-06 15:24:43,891 - DEBUG - ['SOLUSDT', 'Hold', 151.52, 32.18136586114273, 0.7342857142857123, 68.36158192090402, 151.09124742727587, 151.55625453007735, 29411]
1.03 beta - 2025-03-06 15:24:46,947 - DEBUG - ['POLUSDT', 'Hold', 0.25811, 16.630463507741045, 0.0007264285714285604, 53.215077605321554, 0.257859938939577, 0.25803326284809985, 72446]
1.03 beta - 2025-03-06 15:24:49,908 - DEBUG - ['ETHUSDT', 'Hold', 2296.52, 16.860142981070748, 6.197857142857141, 57.83678756476671, 2292.0734281326822, 2293.1943345835803, 2960.521]
1.03 beta - 2025-03-06 15:24:52,755 - DEBUG - ['BNBUSDT', 'Hold', 602.87, 15.018809844889219, 0.9292857142857136, 57.306590257879506, 602.4591654154374, 602.4994114141035, 525.66]
1.03 beta - 2025-03-06 15:24:55,948 - DEBUG - ['ADAUSDT', 'Hold', 0.9558, 17.915698851135936, 0.005992857142857133, 49.06666666666663, 0.9550975361145622, 0.9560602583409965, 3097041]
1.03 beta - 2025-03-06 15:24:59,164 - DEBUG - ['SOLUSDT', 'Hold', 151.51, 32.18136586114273, 0.7342857142857123, 68.30188679245276, 151.09033833636678, 151.55425453007734, 30027]
1.03 beta - 2025-03-06 15:25:02,074 - DEBUG - ['POLUSDT', 'Hold', 0.25814, 16.630463507741045, 0.0007264285714285604, 53.555555555555365, 0.25786266621230425, 0.25803926284809986, 77955]
1.03 beta - 2025-03-06 15:25:04,916 - DEBUG - ['ETHUSDT', 'Hold', 2296.87, 15.746955225590796, 5.496428571428559, 52.89435600578884, 2292.538405740455, 2293.9854676668647, 14.348]
1.03 beta - 2025-03-06 15:25:07,940 - DEBUG - ['BNBUSDT', 'Hold', 602.88, 15.018809844889219, 0.9292857142857136, 57.36766809728163, 602.4600745063465, 602.5014114141035, 527.23]
1.03 beta - 2025-03-06 15:25:10,982 - DEBUG - ['ADAUSDT', 'Hold', 0.9555, 16.91011949982756, 0.005435714285714274, 48.23848238482391, 0.9551093303520812, 0.9559002066727972, 64994]
1.03 beta - 2025-03-06 15:25:12,597 - DEBUG - ['SOLUSDT', 'Hold', 151.71, 30.695990080225954, 0.6321428571428547, 60.47058823529422, 151.14997700000285, 151.5918036240619, 2689]
1.03 beta - 2025-03-06 15:25:14,241 - DEBUG - ['POLUSDT', 'Hold', 0.25828, 15.273975182048565, 0.0006521428571428511, 51.732101616627965, 0.2579006056475493, 0.2580874102784799, 4053]
1.03 beta - 2025-03-06 15:25:15,870 - DEBUG - ['ETHUSDT', 'Hold', 2297.99, 16.15722392198318, 5.588571428571446, 54.13339596054488, 2292.6402239222734, 2294.2094676668644, 814.724]
1.03 beta - 2025-03-06 15:25:17,484 - DEBUG - ['BNBUSDT', 'Hold', 603.09, 14.210461535370063, 0.8307142857142854, 54.57317073170746, 602.5173404603149, 602.6191291312828, 203.38]
1.03 beta - 2025-03-06 15:25:19,112 - DEBUG - ['ADAUSDT', 'Hold', 0.9553, 16.91011949982756, 0.005449999999999995, 47.978436657682025, 0.9550911485338994, 0.9558602066727973, 160695]
1.03 beta - 2025-03-06 15:25:20,731 - DEBUG - ['SOLUSDT', 'Hold', 151.83, 30.97387684064851, 0.6392857142857135, 61.55606407322668, 151.16088609091196, 151.6158036240619, 5186]
1.03 beta - 2025-03-06 15:25:22,387 - DEBUG - ['POLUSDT', 'Hold', 0.25828, 15.273975182048565, 0.0006521428571428511, 51.732101616627965, 0.2579006056475493, 0.2580874102784799, 4053]
1.03 beta - 2025-03-06 15:25:23,990 - DEBUG - ['ETHUSDT', 'Hold', 2298.38, 16.340940462945067, 5.627142857142871, 54.549685827321774, 2292.6756784677277, 2294.2874676668644, 1027.129]
1.03 beta - 2025-03-06 15:27:48,907 - DEBUG - 🔍 Debug log started.
1.03 beta - 2025-03-06 15:27:53,005 - DEBUG - ['ETHUSDT', 'Hold', 2298.24, 16.413661484481676, 5.642857142857175, 54.401120709782894, 2292.6629511950005, 2294.2594676668646, 3942.763]
1.03 beta - 2025-03-06 20:19:33,116 - DEBUG - 🔍 Debug log started.
1.03 beta - 2025-03-06 20:19:37,011 - DEBUG - ['ETHUSDT', 'Hold', 2256.8, 25.39954688727303, 11.470714285714264, 53.68916797488245, 2254.1298816843337, 2257.16479951814, 9573.141]
1.03 beta - 2025-03-06 20:23:11,310 - DEBUG - 🔍 Debug log started.
1.03 beta - 2025-03-06 20:23:15,242 - DEBUG - ['ETHUSDT', 'Hold', 2243.89, 23.855924488369098, 11.89285714285711, 48.019093078758864, 2253.1328676469147, 2254.3818396145125, 21399.02]
1.03 beta - 2025-03-06 20:26:22,621 - DEBUG - 🔍 Debug log started.
1.03 beta - 2025-03-06 20:26:25,945 - DEBUG - {'symbol': 'ETHUSDT', 'entry_price': 2237.9, 'long_ema': 2251.984425133559, 'short_ema': 2251.54307169161, 'adx': 23.03949427185875, 'atr': 11.071428571428507, 'rsi': 35.666060763438196, 'volume': 13383.085, 'side': 'short'}
1.03 beta - 2025-03-06 20:26:25,966 - DEBUG - {'symbol': 'ETHUSDT', 'entry_price': 2237.9, 'probability': 25.06, 'trade_decision': False}
1.03 beta - 2025-03-06 20:26:25,966 - DEBUG - None
1.03 beta - 2025-03-06 20:26:37,755 - DEBUG - {'symbol': 'BNBUSDT', 'entry_price': 597.84, 'long_ema': 599.4644492187416, 'short_ema': 599.3273002925513, 'adx': 20.48199584110154, 'atr': 1.5899999999999994, 'rsi': 34.09715857011952, 'volume': 1088.94, 'side': 'short'}
1.03 beta - 2025-03-06 20:26:37,767 - DEBUG - {'symbol': 'BNBUSDT', 'entry_price': 597.84, 'probability': 87.32, 'trade_decision': True}
1.03 beta - 2025-03-06 20:26:37,768 - DEBUG - ['BNBUSDT', 'short', 597.84, 20.48199584110154, 1.5899999999999994, 34.09715857011952, 599.4644492187416, 599.3273002925513, 1088.94]
1.03 beta - 2025-03-06 20:31:13,377 - DEBUG - 🔍 Debug log started.
1.03 beta - 2025-03-06 20:31:16,732 - DEBUG - {'symbol': 'ETHUSDT', 'entry_price': 2243.01, 'long_ema': 2251.606584832161, 'short_ema': 2250.684457353288, 'adx': 22.263633733835757, 'atr': 11.248571428571397, 'rsi': 40.606060606060936, 'volume': 13407.56, 'side': 'short'}
1.03 beta - 2025-03-06 20:31:16,748 - DEBUG - {'symbol': 'ETHUSDT', 'entry_price': 2243.01, 'probability': 27.37, 'trade_decision': False}
1.03 beta - 2025-03-06 20:31:16,749 - DEBUG - None
1.03 beta - 2025-03-06 20:31:28,539 - DEBUG - {'symbol': 'BNBUSDT', 'entry_price': 598.82, 'long_ema': 599.5042100335668, 'short_ema': 599.416240234041, 'adx': 18.60031055552579, 'atr': 1.5714285714285714, 'rsi': 41.577825159914994, 'volume': 1035.45, 'side': 'short'}
1.03 beta - 2025-03-06 20:31:28,555 - DEBUG - {'symbol': 'BNBUSDT', 'entry_price': 598.82, 'probability': 92.37, 'trade_decision': False}
1.03 beta - 2025-03-06 20:31:28,555 - DEBUG - None
1.03 beta - 2025-03-06 20:31:40,595 - DEBUG - {'symbol': 'ADAUSDT', 'entry_price': 0.9191, 'long_ema': 0.9276429055294627, 'short_ema': 0.9260009900437027, 'adx': 18.899650048889402, 'atr': 0.006750000000000002, 'rsi': 35.56581986143189, 'volume': 3992398, 'side': 'short'}
1.03 beta - 2025-03-06 20:31:40,610 - DEBUG - {'symbol': 'ADAUSDT', 'entry_price': 0.9191, 'probability': 64.87, 'trade_decision': False}
1.03 beta - 2025-03-06 20:31:40,611 - DEBUG - None
1.03 beta - 2025-03-06 20:32:31,773 - DEBUG - 🔍 Debug log started.
1.03 beta - 2025-03-06 20:32:35,136 - DEBUG - {'symbol': 'ETHUSDT', 'entry_price': 2245.46, 'long_ema': 2251.8293121048882, 'short_ema': 2251.174457353288, 'adx': 22.263633733835754, 'atr': 11.292142857142835, 'rsi': 42.641996557659446, 'volume': 17819.786, 'side': 'short'}
1.03 beta - 2025-03-06 20:32:35,152 - DEBUG - {'symbol': 'ETHUSDT', 'entry_price': 2245.46, 'probability': 33.4, 'trade_decision': False}
1.03 beta - 2025-03-06 20:32:35,152 - DEBUG - None
1.03 beta - 2025-03-06 20:32:46,948 - DEBUG - {'symbol': 'BNBUSDT', 'entry_price': 599.23, 'long_ema': 599.5414827608395, 'short_ema': 599.498240234041, 'adx': 18.60031055552579, 'atr': 1.5757142857142818, 'rsi': 43.75667022411975, 'volume': 1351.7, 'side': 'short'}
1.03 beta - 2025-03-06 20:32:46,963 - DEBUG - {'symbol': 'BNBUSDT', 'entry_price': 599.23, 'probability': 92.37, 'trade_decision': False}
1.03 beta - 2025-03-06 20:32:46,963 - DEBUG - None
1.03 beta - 2025-03-06 20:32:58,746 - DEBUG - {'symbol': 'ADAUSDT', 'entry_price': 0.9204, 'long_ema': 0.9277610873476445, 'short_ema': 0.9262609900437028, 'adx': 18.899650048889402, 'atr': 0.00679285714285714, 'rsi': 36.66666666666666, 'volume': 6364449, 'side': 'short'}
1.03 beta - 2025-03-06 20:32:58,758 - DEBUG - {'symbol': 'ADAUSDT', 'entry_price': 0.9204, 'probability': 60.52, 'trade_decision': False}
1.03 beta - 2025-03-06 20:32:58,758 - DEBUG - None
1.03 beta - 2025-03-06 20:36:33,379 - DEBUG - 🔍 Debug log started.
1.03 beta - 2025-03-06 20:36:39,324 - DEBUG - {'symbol': 'ADAUSDT', 'entry_price': 0.9188, 'long_ema': 0.9268720628780239, 'short_ema': 0.9246247920349622, 'adx': 19.59814071968935, 'atr': 0.006707142857142856, 'rsi': 30.88235294117638, 'volume': 3408428, 'side': 'short'}
1.03 beta - 2025-03-06 20:36:39,342 - DEBUG - {'symbol': 'ADAUSDT', 'entry_price': 0.9188, 'probability': 60.59, 'trade_decision': False}
1.03 beta - 2025-03-06 20:36:39,343 - DEBUG - None
1.03 beta - 2025-03-06 20:36:52,289 - DEBUG - {'symbol': 'ADAUSDT', 'entry_price': 0.9177, 'long_ema': 0.9267720628780239, 'short_ema': 0.9244047920349622, 'adx': 19.59814071968935, 'atr': 0.006707142857142856, 'rsi': 30.071599045345977, 'volume': 3558311, 'side': 'short'}
1.03 beta - 2025-03-06 20:36:52,308 - DEBUG - {'symbol': 'ADAUSDT', 'entry_price': 0.9177, 'probability': 60.59, 'trade_decision': False}
1.03 beta - 2025-03-06 20:36:52,308 - DEBUG - None
1.03 beta - 2025-03-06 20:39:01,641 - DEBUG - 🔍 Debug log started.
1.03 beta - 2025-03-06 20:39:04,115 - DEBUG - {'symbol': 'ADAUSDT', 'entry_price': 0.917, 'long_ema': 0.9267084265143876, 'short_ema': 0.9242647920349623, 'adx': 19.59814071968935, 'atr': 0.006707142857142856, 'rsi': 29.577464788732357, 'volume': 5635339, 'side': 'short'}
1.03 beta - 2025-03-06 20:39:04,133 - DEBUG - {'symbol': 'ADAUSDT', 'entry_price': 0.917, 'probability': 72.8, 'trade_decision': False}
1.03 beta - 2025-03-06 20:39:04,134 - DEBUG - ['ADAUSDT', 'short', 0.917, 19.59814071968935, 0.006707142857142856, 29.577464788732357, 0.9267084265143876, 0.9242647920349623, 5635339]
